<!DOCTYPE html PUBLIC "-//W3C//DTD XHTML 1.1//EN" "https://www.w3.org/TR/xhtml11/DTD/xhtml11.dtd">
<html xmlns="https://www.w3.org/1999/xhtml">
<head>
<meta http-equiv="content-type" content="text/html; charset=UTF-8"/>
<title>TestNG Report</title>
<style type="text/css">table {margin-bottom:10px;border-collapse:collapse;empty-cells:show}th,td {border:1px solid #009;padding:.25em .5em}th {vertical-align:bottom}td {vertical-align:top}table a {font-weight:bold}.stripe td {background-color: #E6EBF9}.num {text-align:right}.passedodd td {background-color: #3F3}.passedeven td {background-color: #0A0}.skippedodd td {background-color: #DDD}.skippedeven td {background-color: #CCC}.failedodd td,.attn {background-color: #F33}.failedeven td,.stripe .attn {background-color: #D00}.stacktrace {white-space:pre;font-family:monospace}.totop {font-size:85%;text-align:center;border-bottom:2px solid #000}.invisible {display:none}</style>
</head>
<body>
<table>
<tr><th>Test</th><th># Passed</th><th># Skipped</th><th># Retried</th><th># Failed</th><th>Time (ms)</th><th>Included Groups</th><th>Excluded Groups</th></tr>
<tr><th colspan="8">Navigator</th></tr>
<tr><td><a href="#t0">Browse Message Options</a></td><td class="num">10</td><td class="num">0</td><td class="num">0</td><td class="num attn">4</td><td class="num">755,253</td><td></td><td></td></tr>
</table>
<table id='summary'><thead><tr><th>Class</th><th>Method</th><th>Start</th><th>Time (ms)</th></tr></thead><tbody><tr><th colspan="4">Navigator</th></tr></tbody><tbody id="t0"><tr><th colspan="4">Browse Message Options &#8212; failed</th></tr><tr class="failedeven"><td rowspan="4">ApodGUI.QueuesInsideBrowseMessages</td><td><a href="#m0">CopyMessageUsingCopyIcon</a></td><td rowspan="1">1682942401622</td><td rowspan="1">65108</td></tr><tr class="failedeven"><td><a href="#m1">CopyMessageUsingCopyOption</a></td><td rowspan="1">1682942708583</td><td rowspan="1">58944</td></tr><tr class="failedeven"><td><a href="#m2">LoadMessageFromFileUsingIcon</a></td><td rowspan="1">1682942555623</td><td rowspan="1">50928</td></tr><tr class="failedeven"><td><a href="#m3">MoveMessageUsingMoveIcon</a></td><td rowspan="1">1682942468933</td><td rowspan="1">62210</td></tr><tr><th colspan="4">Browse Message Options &#8212; passed</th></tr><tr class="passedeven"><td rowspan="10">ApodGUI.QueuesInsideBrowseMessages</td><td><a href="#m4">DeleteMessageUsingDeleteIcon</a></td><td rowspan="1">1682942381066</td><td rowspan="1">18691</td></tr><tr class="passedeven"><td><a href="#m5">DeleteMessageUsingDeleteOption</a></td><td rowspan="1">1682942682083</td><td rowspan="1">24744</td></tr><tr class="passedeven"><td><a href="#m6">EditMessageUsingEditIcon</a></td><td rowspan="1">1682942533041</td><td rowspan="1">20704</td></tr><tr class="passedeven"><td><a href="#m7">EditMessageUsingEditOption</a></td><td rowspan="1">1682942656703</td><td rowspan="1">23525</td></tr><tr class="passedeven"><td><a href="#m8">ExportSelectedMessageUsingExportIcon</a></td><td rowspan="1">1682942608599</td><td rowspan="1">32138</td></tr><tr class="passedeven"><td><a href="#m9">Login</a></td><td rowspan="1">1682942108099</td><td rowspan="1">247415</td></tr><tr class="passedeven"><td><a href="#m10">Logout</a></td><td rowspan="1">1682942836841</td><td rowspan="1">26468</td></tr><tr class="passedeven"><td><a href="#m11">MoveMessageUsingMoveOption</a></td><td rowspan="1">1682942769384</td><td rowspan="1">65043</td></tr><tr class="passedeven"><td><a href="#m12">PutAMessageUsingPutNewIcon</a></td><td rowspan="1">1682942355780</td><td rowspan="1">22890</td></tr><tr class="passedeven"><td><a href="#m13">ViewMessage</a></td><td rowspan="1">1682942642533</td><td rowspan="1">12417</td></tr></tbody>
</table>
<h2>Browse Message Options</h2><h3 id="m0">ApodGUI.QueuesInsideBrowseMessages#CopyMessageUsingCopyIcon</h3><table class="result"><tr class="param"><th>Parameter #1</th></tr><tr class="param stripe"><td>org.testng.TestRunner@63d4f0a2</td></tr><tr><th>Messages</th></tr><tr><td><div class="messages"><br/>Failed to execute method: CopyMessageUsingCopyIcon<br/><br/><br/><br/><img src=" E:\Automation\Navigator/Screenshots/ScreenshotsFailure/CopyMessageUsingCopyIcon.png" alt="""/" /></div></td></tr><tr><th>Exception</th></tr><tr><td><div class="stacktrace">org.openqa.selenium.InvalidSelectorException: invalid selector: Unable to locate an element with the xpath expression Copy message is Failed because of the following error:
SyntaxError: Failed to execute &apos;evaluate&apos; on &apos;Document&apos;: The string &apos;Copy message is Failed&apos; is not a valid XPath expression.
  (Session info: chrome=112.0.5615.138)
For documentation on this error, please visit: https://selenium.dev/exceptions/#invalid_selector_exception
Build info: version: &apos;4.1.3&apos;, revision: &apos;7b1ebf28ef&apos;
System info: host: &apos;DESKTOP-K4AEKHO&apos;, ip: &apos;10.1.4.36&apos;, os.name: &apos;Windows 10&apos;, os.arch: &apos;amd64&apos;, os.version: &apos;10.0&apos;, java.version: &apos;11.0.16&apos;
Driver info: org.openqa.selenium.chrome.ChromeDriver
Command: [bc5eb532b8b80e2fdc725af515cf794b, findElement {using=xpath, value=Copy message is Failed}]
Capabilities {acceptInsecureCerts: false, browserName: chrome, browserVersion: 112.0.5615.138, chrome: {chromedriverVersion: 111.0.5563.64 (c710e93d5b63..., userDataDir: C:\Users\Lenovo\AppData\Loc...}, goog:chromeOptions: {debuggerAddress: localhost:63615}, javascriptEnabled: true, networkConnectionEnabled: false, pageLoadStrategy: normal, platform: WINDOWS, platformName: WINDOWS, proxy: Proxy(), se:cdp: ws://localhost:63615/devtoo..., se:cdpVersion: 112.0.5615.138, setWindowRect: true, strictFileInteractability: false, timeouts: {implicit: 0, pageLoad: 300000, script: 30000}, unhandledPromptBehavior: dismiss and notify, webauthn:extension:credBlob: true, webauthn:extension:largeBlob: true, webauthn:extension:minPinLength: true, webauthn:extension:prf: true, webauthn:virtualAuthenticators: true}
Session ID: bc5eb532b8b80e2fdc725af515cf794b
	at org.openqa.selenium.remote.codec.w3c.W3CHttpResponseCodec.createException(W3CHttpResponseCodec.java:200)
	at org.openqa.selenium.remote.codec.w3c.W3CHttpResponseCodec.decode(W3CHttpResponseCodec.java:133)
	at org.openqa.selenium.remote.codec.w3c.W3CHttpResponseCodec.decode(W3CHttpResponseCodec.java:53)
	at org.openqa.selenium.remote.HttpCommandExecutor.execute(HttpCommandExecutor.java:184)
	at org.openqa.selenium.remote.service.DriverCommandExecutor.invokeExecute(DriverCommandExecutor.java:167)
	at org.openqa.selenium.remote.service.DriverCommandExecutor.execute(DriverCommandExecutor.java:142)
	at org.openqa.selenium.remote.RemoteWebDriver.execute(RemoteWebDriver.java:567)
	at org.openqa.selenium.remote.ElementLocation$ElementFinder$2.findElement(ElementLocation.java:162)
	at org.openqa.selenium.remote.ElementLocation.findElement(ElementLocation.java:60)
	at org.openqa.selenium.remote.RemoteWebDriver.findElement(RemoteWebDriver.java:385)
	at org.openqa.selenium.remote.RemoteWebDriver.findElement(RemoteWebDriver.java:377)
	at ApodGUI.QueuesInsideBrowseMessages.CopyMessageUsingCopyIcon(QueuesInsideBrowseMessages.java:436)
	at java.base/java.util.ArrayList.forEach(ArrayList.java:1541)
... Removed 31 stack frames</div></td></tr></table><p class="totop"><a href="#summary">back to summary</a></p>
<h3 id="m1">ApodGUI.QueuesInsideBrowseMessages#CopyMessageUsingCopyOption</h3><table class="result"><tr class="param"><th>Parameter #1</th></tr><tr class="param stripe"><td>org.testng.TestRunner@63d4f0a2</td></tr><tr><th>Messages</th></tr><tr><td><div class="messages"><br/>Failed to execute method: CopyMessageUsingCopyOption<br/><br/><br/><br/><img src=" E:\Automation\Navigator/Screenshots/ScreenshotsFailure/CopyMessageUsingCopyOption.png" alt="""/" /></div></td></tr><tr><th>Exception</th></tr><tr><td><div class="stacktrace">org.openqa.selenium.InvalidSelectorException: invalid selector: Unable to locate an element with the xpath expression Copy message is Failed because of the following error:
SyntaxError: Failed to execute &apos;evaluate&apos; on &apos;Document&apos;: The string &apos;Copy message is Failed&apos; is not a valid XPath expression.
  (Session info: chrome=112.0.5615.138)
For documentation on this error, please visit: https://selenium.dev/exceptions/#invalid_selector_exception
Build info: version: &apos;4.1.3&apos;, revision: &apos;7b1ebf28ef&apos;
System info: host: &apos;DESKTOP-K4AEKHO&apos;, ip: &apos;10.1.4.36&apos;, os.name: &apos;Windows 10&apos;, os.arch: &apos;amd64&apos;, os.version: &apos;10.0&apos;, java.version: &apos;11.0.16&apos;
Driver info: org.openqa.selenium.chrome.ChromeDriver
Command: [bc5eb532b8b80e2fdc725af515cf794b, findElement {using=xpath, value=Copy message is Failed}]
Capabilities {acceptInsecureCerts: false, browserName: chrome, browserVersion: 112.0.5615.138, chrome: {chromedriverVersion: 111.0.5563.64 (c710e93d5b63..., userDataDir: C:\Users\Lenovo\AppData\Loc...}, goog:chromeOptions: {debuggerAddress: localhost:63615}, javascriptEnabled: true, networkConnectionEnabled: false, pageLoadStrategy: normal, platform: WINDOWS, platformName: WINDOWS, proxy: Proxy(), se:cdp: ws://localhost:63615/devtoo..., se:cdpVersion: 112.0.5615.138, setWindowRect: true, strictFileInteractability: false, timeouts: {implicit: 0, pageLoad: 300000, script: 30000}, unhandledPromptBehavior: dismiss and notify, webauthn:extension:credBlob: true, webauthn:extension:largeBlob: true, webauthn:extension:minPinLength: true, webauthn:extension:prf: true, webauthn:virtualAuthenticators: true}
Session ID: bc5eb532b8b80e2fdc725af515cf794b
	at org.openqa.selenium.remote.codec.w3c.W3CHttpResponseCodec.createException(W3CHttpResponseCodec.java:200)
	at org.openqa.selenium.remote.codec.w3c.W3CHttpResponseCodec.decode(W3CHttpResponseCodec.java:133)
	at org.openqa.selenium.remote.codec.w3c.W3CHttpResponseCodec.decode(W3CHttpResponseCodec.java:53)
	at org.openqa.selenium.remote.HttpCommandExecutor.execute(HttpCommandExecutor.java:184)
	at org.openqa.selenium.remote.service.DriverCommandExecutor.invokeExecute(DriverCommandExecutor.java:167)
	at org.openqa.selenium.remote.service.DriverCommandExecutor.execute(DriverCommandExecutor.java:142)
	at org.openqa.selenium.remote.RemoteWebDriver.execute(RemoteWebDriver.java:567)
	at org.openqa.selenium.remote.ElementLocation$ElementFinder$2.findElement(ElementLocation.java:162)
	at org.openqa.selenium.remote.ElementLocation.findElement(ElementLocation.java:60)
	at org.openqa.selenium.remote.RemoteWebDriver.findElement(RemoteWebDriver.java:385)
	at org.openqa.selenium.remote.RemoteWebDriver.findElement(RemoteWebDriver.java:377)
	at ApodGUI.QueuesInsideBrowseMessages.CopyMessageUsingCopyOption(QueuesInsideBrowseMessages.java:893)
	at java.base/java.util.ArrayList.forEach(ArrayList.java:1541)
... Removed 31 stack frames</div></td></tr></table><p class="totop"><a href="#summary">back to summary</a></p>
<h3 id="m2">ApodGUI.QueuesInsideBrowseMessages#LoadMessageFromFileUsingIcon</h3><table class="result"><tr class="param"><th>Parameter #1</th></tr><tr class="param stripe"><td>org.testng.TestRunner@63d4f0a2</td></tr><tr><th>Messages</th></tr><tr><td><div class="messages"><br/>Failed to execute method: LoadMessageFromFileUsingIcon<br/><br/><br/><br/><img src=" E:\Automation\Navigator/Screenshots/ScreenshotsFailure/LoadMessageFromFileUsingIcon.png" alt="""/" /></div></td></tr><tr><th>Exception</th></tr><tr><td><div class="stacktrace">org.openqa.selenium.InvalidSelectorException: invalid selector: Unable to locate an element with the xpath expression Condition is Failed because of the following error:
SyntaxError: Failed to execute &apos;evaluate&apos; on &apos;Document&apos;: The string &apos;Condition is Failed&apos; is not a valid XPath expression.
  (Session info: chrome=112.0.5615.138)
For documentation on this error, please visit: https://selenium.dev/exceptions/#invalid_selector_exception
Build info: version: &apos;4.1.3&apos;, revision: &apos;7b1ebf28ef&apos;
System info: host: &apos;DESKTOP-K4AEKHO&apos;, ip: &apos;10.1.4.36&apos;, os.name: &apos;Windows 10&apos;, os.arch: &apos;amd64&apos;, os.version: &apos;10.0&apos;, java.version: &apos;11.0.16&apos;
Driver info: org.openqa.selenium.chrome.ChromeDriver
Command: [bc5eb532b8b80e2fdc725af515cf794b, findElement {using=xpath, value=Condition is Failed}]
Capabilities {acceptInsecureCerts: false, browserName: chrome, browserVersion: 112.0.5615.138, chrome: {chromedriverVersion: 111.0.5563.64 (c710e93d5b63..., userDataDir: C:\Users\Lenovo\AppData\Loc...}, goog:chromeOptions: {debuggerAddress: localhost:63615}, javascriptEnabled: true, networkConnectionEnabled: false, pageLoadStrategy: normal, platform: WINDOWS, platformName: WINDOWS, proxy: Proxy(), se:cdp: ws://localhost:63615/devtoo..., se:cdpVersion: 112.0.5615.138, setWindowRect: true, strictFileInteractability: false, timeouts: {implicit: 0, pageLoad: 300000, script: 30000}, unhandledPromptBehavior: dismiss and notify, webauthn:extension:credBlob: true, webauthn:extension:largeBlob: true, webauthn:extension:minPinLength: true, webauthn:extension:prf: true, webauthn:virtualAuthenticators: true}
Session ID: bc5eb532b8b80e2fdc725af515cf794b
	at org.openqa.selenium.remote.codec.w3c.W3CHttpResponseCodec.createException(W3CHttpResponseCodec.java:200)
	at org.openqa.selenium.remote.codec.w3c.W3CHttpResponseCodec.decode(W3CHttpResponseCodec.java:133)
	at org.openqa.selenium.remote.codec.w3c.W3CHttpResponseCodec.decode(W3CHttpResponseCodec.java:53)
	at org.openqa.selenium.remote.HttpCommandExecutor.execute(HttpCommandExecutor.java:184)
	at org.openqa.selenium.remote.service.DriverCommandExecutor.invokeExecute(DriverCommandExecutor.java:167)
	at org.openqa.selenium.remote.service.DriverCommandExecutor.execute(DriverCommandExecutor.java:142)
	at org.openqa.selenium.remote.RemoteWebDriver.execute(RemoteWebDriver.java:567)
	at org.openqa.selenium.remote.ElementLocation$ElementFinder$2.findElement(ElementLocation.java:162)
	at org.openqa.selenium.remote.ElementLocation.findElement(ElementLocation.java:60)
	at org.openqa.selenium.remote.RemoteWebDriver.findElement(RemoteWebDriver.java:385)
	at org.openqa.selenium.remote.RemoteWebDriver.findElement(RemoteWebDriver.java:377)
	at ApodGUI.QueuesInsideBrowseMessages.LoadMessageFromFileUsingIcon(QueuesInsideBrowseMessages.java:623)
	at java.base/java.util.ArrayList.forEach(ArrayList.java:1541)
... Removed 31 stack frames</div></td></tr></table><p class="totop"><a href="#summary">back to summary</a></p>
<h3 id="m3">ApodGUI.QueuesInsideBrowseMessages#MoveMessageUsingMoveIcon</h3><table class="result"><tr class="param"><th>Parameter #1</th></tr><tr class="param stripe"><td>org.testng.TestRunner@63d4f0a2</td></tr><tr><th>Messages</th></tr><tr><td><div class="messages"><br/>Failed to execute method: MoveMessageUsingMoveIcon<br/><br/><br/><br/><img src=" E:\Automation\Navigator/Screenshots/ScreenshotsFailure/MoveMessageUsingMoveIcon.png" alt="""/" /></div></td></tr><tr><th>Exception</th></tr><tr><td><div class="stacktrace">org.openqa.selenium.InvalidSelectorException: invalid selector: Unable to locate an element with the xpath expression Move message is Failed because of the following error:
SyntaxError: Failed to execute &apos;evaluate&apos; on &apos;Document&apos;: The string &apos;Move message is Failed&apos; is not a valid XPath expression.
  (Session info: chrome=112.0.5615.138)
For documentation on this error, please visit: https://selenium.dev/exceptions/#invalid_selector_exception
Build info: version: &apos;4.1.3&apos;, revision: &apos;7b1ebf28ef&apos;
System info: host: &apos;DESKTOP-K4AEKHO&apos;, ip: &apos;10.1.4.36&apos;, os.name: &apos;Windows 10&apos;, os.arch: &apos;amd64&apos;, os.version: &apos;10.0&apos;, java.version: &apos;11.0.16&apos;
Driver info: org.openqa.selenium.chrome.ChromeDriver
Command: [bc5eb532b8b80e2fdc725af515cf794b, findElement {using=xpath, value=Move message is Failed}]
Capabilities {acceptInsecureCerts: false, browserName: chrome, browserVersion: 112.0.5615.138, chrome: {chromedriverVersion: 111.0.5563.64 (c710e93d5b63..., userDataDir: C:\Users\Lenovo\AppData\Loc...}, goog:chromeOptions: {debuggerAddress: localhost:63615}, javascriptEnabled: true, networkConnectionEnabled: false, pageLoadStrategy: normal, platform: WINDOWS, platformName: WINDOWS, proxy: Proxy(), se:cdp: ws://localhost:63615/devtoo..., se:cdpVersion: 112.0.5615.138, setWindowRect: true, strictFileInteractability: false, timeouts: {implicit: 0, pageLoad: 300000, script: 30000}, unhandledPromptBehavior: dismiss and notify, webauthn:extension:credBlob: true, webauthn:extension:largeBlob: true, webauthn:extension:minPinLength: true, webauthn:extension:prf: true, webauthn:virtualAuthenticators: true}
Session ID: bc5eb532b8b80e2fdc725af515cf794b
	at org.openqa.selenium.remote.codec.w3c.W3CHttpResponseCodec.createException(W3CHttpResponseCodec.java:200)
	at org.openqa.selenium.remote.codec.w3c.W3CHttpResponseCodec.decode(W3CHttpResponseCodec.java:133)
	at org.openqa.selenium.remote.codec.w3c.W3CHttpResponseCodec.decode(W3CHttpResponseCodec.java:53)
	at org.openqa.selenium.remote.HttpCommandExecutor.execute(HttpCommandExecutor.java:184)
	at org.openqa.selenium.remote.service.DriverCommandExecutor.invokeExecute(DriverCommandExecutor.java:167)
	at org.openqa.selenium.remote.service.DriverCommandExecutor.execute(DriverCommandExecutor.java:142)
	at org.openqa.selenium.remote.RemoteWebDriver.execute(RemoteWebDriver.java:567)
	at org.openqa.selenium.remote.ElementLocation$ElementFinder$2.findElement(ElementLocation.java:162)
	at org.openqa.selenium.remote.ElementLocation.findElement(ElementLocation.java:60)
	at org.openqa.selenium.remote.RemoteWebDriver.findElement(RemoteWebDriver.java:385)
	at org.openqa.selenium.remote.RemoteWebDriver.findElement(RemoteWebDriver.java:377)
	at ApodGUI.QueuesInsideBrowseMessages.MoveMessageUsingMoveIcon(QueuesInsideBrowseMessages.java:504)
	at java.base/java.util.ArrayList.forEach(ArrayList.java:1541)
... Removed 31 stack frames</div></td></tr></table><p class="totop"><a href="#summary">back to summary</a></p>
<h3 id="m4">ApodGUI.QueuesInsideBrowseMessages#DeleteMessageUsingDeleteIcon</h3><table class="result"><tr class="param"><th>Parameter #1</th></tr><tr class="param stripe"><td>org.testng.TestRunner@63d4f0a2</td></tr><tr><th>Messages</th></tr><tr><td><div class="messages"><br/><br/><img src=" E:\Automation\Navigator/Screenshots/ScreenshotsSuccess/DeleteMessageUsingDeleteIcon.png" alt="""/" /></div></td></tr></table><p class="totop"><a href="#summary">back to summary</a></p>
<h3 id="m5">ApodGUI.QueuesInsideBrowseMessages#DeleteMessageUsingDeleteOption</h3><table class="result"><tr class="param"><th>Parameter #1</th></tr><tr class="param stripe"><td>org.testng.TestRunner@63d4f0a2</td></tr><tr><th>Messages</th></tr><tr><td><div class="messages"><br/><br/><img src=" E:\Automation\Navigator/Screenshots/ScreenshotsSuccess/DeleteMessageUsingDeleteOption.png" alt="""/" /></div></td></tr></table><p class="totop"><a href="#summary">back to summary</a></p>
<h3 id="m6">ApodGUI.QueuesInsideBrowseMessages#EditMessageUsingEditIcon</h3><table class="result"><tr class="param"><th>Parameter #1</th><th>Parameter #2</th></tr><tr class="param stripe"><td>Testing to add the new message into Queue</td><td>org.testng.TestRunner@63d4f0a2</td></tr><tr><th colspan="2">Messages</th></tr><tr><td colspan="2"><div class="messages"><br/><br/><img src=" E:\Automation\Navigator/Screenshots/ScreenshotsSuccess/EditMessageUsingEditIcon.png" alt="""/" /></div></td></tr></table><p class="totop"><a href="#summary">back to summary</a></p>
<h3 id="m7">ApodGUI.QueuesInsideBrowseMessages#EditMessageUsingEditOption</h3><table class="result"><tr class="param"><th>Parameter #1</th><th>Parameter #2</th></tr><tr class="param stripe"><td>Testing to add the new message into Queue</td><td>org.testng.TestRunner@63d4f0a2</td></tr><tr><th colspan="2">Messages</th></tr><tr><td colspan="2"><div class="messages"><br/><br/><img src=" E:\Automation\Navigator/Screenshots/ScreenshotsSuccess/EditMessageUsingEditOption.png" alt="""/" /></div></td></tr></table><p class="totop"><a href="#summary">back to summary</a></p>
<h3 id="m8">ApodGUI.QueuesInsideBrowseMessages#ExportSelectedMessageUsingExportIcon</h3><table class="result"><tr class="param"><th>Parameter #1</th></tr><tr class="param stripe"><td>org.testng.TestRunner@63d4f0a2</td></tr><tr><th>Messages</th></tr><tr><td><div class="messages"><br/><br/><img src=" E:\Automation\Navigator/Screenshots/ScreenshotsSuccess/ExportSelectedMessageUsingExportIcon.png" alt="""/" /></div></td></tr></table><p class="totop"><a href="#summary">back to summary</a></p>
<h3 id="m9">ApodGUI.QueuesInsideBrowseMessages#Login</h3><table class="result"><tr class="param"><th>Parameter #1</th><th>Parameter #2</th><th>Parameter #3</th><th>Parameter #4</th><th>Parameter #5</th><th>Parameter #6</th><th>Parameter #7</th></tr><tr class="param stripe"><td>webdriver.chrome.driver</td><td>Drivers/chromedriver.exe</td><td>Queue Inside Messages</td><td>MGR</td><td>Testing to add the new message into Queue</td><td>3</td><td>Local Queue</td></tr><tr><th colspan="7">Messages</th></tr><tr><td colspan="7"><div class="messages"><br/><br/><img src=" E:\Automation\Navigator/Screenshots/ScreenshotsSuccess/Login.png" alt="""/" /></div></td></tr></table><p class="totop"><a href="#summary">back to summary</a></p>
<h3 id="m10">ApodGUI.QueuesInsideBrowseMessages#Logout</h3><table class="result"><tr class="param"><th>Parameter #1</th></tr><tr class="param stripe"><td>Queue Inside Messages</td></tr></table><p class="totop"><a href="#summary">back to summary</a></p>
<h3 id="m11">ApodGUI.QueuesInsideBrowseMessages#MoveMessageUsingMoveOption</h3><table class="result"><tr class="param"><th>Parameter #1</th></tr><tr class="param stripe"><td>org.testng.TestRunner@63d4f0a2</td></tr><tr><th>Messages</th></tr><tr><td><div class="messages"><br/><br/><img src=" E:\Automation\Navigator/Screenshots/ScreenshotsSuccess/MoveMessageUsingMoveOption.png" alt="""/" /></div></td></tr></table><p class="totop"><a href="#summary">back to summary</a></p>
<h3 id="m12">ApodGUI.QueuesInsideBrowseMessages#PutAMessageUsingPutNewIcon</h3><table class="result"><tr class="param"><th>Parameter #1</th><th>Parameter #2</th></tr><tr class="param stripe"><td>Testing to add the new message into Queue</td><td>org.testng.TestRunner@63d4f0a2</td></tr><tr><th colspan="2">Messages</th></tr><tr><td colspan="2"><div class="messages"><br/><br/><img src=" E:\Automation\Navigator/Screenshots/ScreenshotsSuccess/PutAMessageUsingPutNewIcon.png" alt="""/" /></div></td></tr></table><p class="totop"><a href="#summary">back to summary</a></p>
<h3 id="m13">ApodGUI.QueuesInsideBrowseMessages#ViewMessage</h3><table class="result"><tr class="param"><th>Parameter #1</th></tr><tr class="param stripe"><td>org.testng.TestRunner@63d4f0a2</td></tr><tr><th>Messages</th></tr><tr><td><div class="messages"><br/><br/><img src=" E:\Automation\Navigator/Screenshots/ScreenshotsSuccess/ViewMessage.png" alt="""/" /></div></td></tr></table><p class="totop"><a href="#summary">back to summary</a></p>
</body>
</html>
