<html>
<head>
<title>TestNG:  Queue Message Options</title>
<link href="../testng.css" rel="stylesheet" type="text/css" />
<link href="../my-testng.css" rel="stylesheet" type="text/css" />

<style type="text/css">
.log { display: none;} 
.stack-trace { display: none;} 
</style>
<script type="text/javascript">
<!--
function flip(e) {
  current = e.style.display;
  if (current == 'block') {
    e.style.display = 'none';
    return 0;
  }
  else {
    e.style.display = 'block';
    return 1;
  }
}

function toggleBox(szDivId, elem, msg1, msg2)
{
  var res = -1;  if (document.getElementById) {
    res = flip(document.getElementById(szDivId));
  }
  else if (document.all) {
    // this is the way old msie versions work
    res = flip(document.all[szDivId]);
  }
  if(elem) {
    if(res == 0) elem.innerHTML = msg1; else elem.innerHTML = msg2;
  }

}

function toggleAllBoxes() {
  if (document.getElementsByTagName) {
    d = document.getElementsByTagName('div');
    for (i = 0; i < d.length; i++) {
      if (d[i].className == 'log') {
        flip(d[i]);
      }
    }
  }
}

// -->
</script>

</head>
<body>
<h2 align='center'>Queue Message Options</h2><table border='1' align="center">
<tr>
<td>Tests passed/Failed/Skipped:</td><td>12/2/0</td>
</tr><tr>
<td>Started on:</td><td>Fri Jan 20 13:51:01 IST 2023</td>
</tr>
<tr><td>Total time:</td><td>750 seconds (750975 ms)</td>
</tr><tr>
<td>Included groups:</td><td></td>
</tr><tr>
<td>Excluded groups:</td><td></td>
</tr>
</table><p/>
<small><i>(Hover the method name to see the test class name)</i></small><p/>
<table width='100%' border='1' class='invocation-failed'>
<tr><td colspan='4' align='center'><b>FAILED TESTS</b></td></tr>
<tr><td><b>Test method</b></td>
<td width="30%"><b>Exception</b></td>
<td width="10%"><b>Time (seconds)</b></td>
<td><b>Instance</b></td>
</tr>
<tr>
<td title='ApodGUI.QueueMessages.Login()'><b>Login</b><br>Test class: ApodGUI.QueueMessages<br>Parameters: webdriver.chrome.driver, Drivers/chromedriver.exe, Queues Messages Verification, Put the message from Main options, 3, Local Queue<br/>
<a href="#Output-2011982397" onClick='toggleBox("Output-2011982397", this, "Show output", "Hide output");'>Show output</a>

<a href="#Output-2011982397" onClick="toggleAllBoxes();">Show all outputs</a>
<div class='log' id="Output-2011982397">
<br/>Failed to execute method: Login<br/><br/>
<br/><br/>
<img src=" E:\Automation\Navigator/Screenshots/ScreenshotsFailure/Login.png" alt="""/" /><br/>
</div>
</td>
<td><div><pre>org.openqa.selenium.NoSuchElementException: no such element: Unable to locate element: {&quot;method&quot;:&quot;xpath&quot;,&quot;selector&quot;:&quot;/html/body/app-root/div/app-main-page/div/app-tab/div/div/div[1]/app-viewlet/div/ngx-datatable/div/datatable-body/datatable-selection/datatable-scroller/datatable-row-wrapper[1]/datatable-body-row/div[2]/datatable-body-cell[1]/div/input&quot;}
  (Session info: chrome=109.0.5414.75)
For documentation on this error, please visit: https://selenium.dev/exceptions/#no_such_element
Build info: version: &apos;4.1.3&apos;, revision: &apos;7b1ebf28ef&apos;
System info: host: &apos;DESKTOP-K4AEKHO&apos;, ip: &apos;172.16.31.142&apos;, os.name: &apos;Windows 10&apos;, os.arch: &apos;amd64&apos;, os.version: &apos;10.0&apos;, java.version: &apos;11.0.16&apos;
Driver info: org.openqa.selenium.chrome.ChromeDriver
Command: [2f373a1bde5ad7dae8e3318097b9eca3, findElement {using=xpath, value=/html/body/app-root/div/app-main-page/div/app-tab/div/div/div[1]/app-viewlet/div/ngx-datatable/div/datatable-body/datatable-selection/datatable-scroller/datatable-row-wrapper[1]/datatable-body-row/div[2]/datatable-body-cell[1]/div/input}]
Capabilities {acceptInsecureCerts: false, browserName: chrome, browserVersion: 109.0.5414.75, chrome: {chromedriverVersion: 108.0.5359.71 (1e0e3868ee06..., userDataDir: C:\Users\Lenovo\AppData\Loc...}, goog:chromeOptions: {debuggerAddress: localhost:52390}, javascriptEnabled: true, networkConnectionEnabled: false, pageLoadStrategy: normal, platform: WINDOWS, platformName: WINDOWS, proxy: Proxy(), se:cdp: ws://localhost:52390/devtoo..., se:cdpVersion: 109.0.5414.75, setWindowRect: true, strictFileInteractability: false, timeouts: {implicit: 0, pageLoad: 300000, script: 30000}, unhandledPromptBehavior: dismiss and notify, webauthn:extension:credBlob: true, webauthn:extension:largeBlob: true, webauthn:virtualAuthenticators: true}
Session ID: 2f373a1bde5ad7dae8e3318097b9eca3
	at org.openqa.selenium.remote.codec.w3c.W3CHttpResponseCodec.createException(W3CHttpResponseCodec.java:200)
	at org.openqa.selenium.remote.codec.w3c.W3CHttpResponseCodec.decode(W3CHttpResponseCodec.java:133)
	at org.openqa.selenium.remote.codec.w3c.W3CHttpResponseCodec.decode(W3CHttpResponseCodec.java:53)
	at org.openqa.selenium.remote.HttpCommandExecutor.execute(HttpCommandExecutor.java:184)
	at org.openqa.selenium.remote.service.DriverCommandExecutor.invokeExecute(DriverCommandExecutor.java:167)
	at org.openqa.selenium.remote.service.DriverCommandExecutor.execute(DriverCommandExecutor.java:142)
	at org.openqa.selenium.remote.RemoteWebDriver.execute(RemoteWebDriver.java:567)
	at org.openqa.selenium.remote.ElementLocation$ElementFinder$2.findElement(ElementLocation.java:162)
	at org.openqa.selenium.remote.ElementLocation.findElement(ElementLocation.java:60)
	at org.openqa.selenium.remote.RemoteWebDriver.findElement(RemoteWebDriver.java:385)
	at org.openqa.selenium.remote.RemoteWebDriver.findElement(RemoteWebDriver.java:377)
	at ApodGUI.QueueMessages.Login(QueueMessages.java:209)
	at java.base/java.util.ArrayList.forEach(ArrayList.java:1541)
... Removed 31 stack frames</pre></div><a href='#' onClick='toggleBox("stack-trace2011982397", this, "Click to show all stack frames", "Click to hide stack frames")'>Click to show all stack frames</a>
<div class='stack-trace' id='stack-trace2011982397'><pre>org.openqa.selenium.NoSuchElementException: no such element: Unable to locate element: {&quot;method&quot;:&quot;xpath&quot;,&quot;selector&quot;:&quot;/html/body/app-root/div/app-main-page/div/app-tab/div/div/div[1]/app-viewlet/div/ngx-datatable/div/datatable-body/datatable-selection/datatable-scroller/datatable-row-wrapper[1]/datatable-body-row/div[2]/datatable-body-cell[1]/div/input&quot;}
  (Session info: chrome=109.0.5414.75)
For documentation on this error, please visit: https://selenium.dev/exceptions/#no_such_element
Build info: version: &apos;4.1.3&apos;, revision: &apos;7b1ebf28ef&apos;
System info: host: &apos;DESKTOP-K4AEKHO&apos;, ip: &apos;172.16.31.142&apos;, os.name: &apos;Windows 10&apos;, os.arch: &apos;amd64&apos;, os.version: &apos;10.0&apos;, java.version: &apos;11.0.16&apos;
Driver info: org.openqa.selenium.chrome.ChromeDriver
Command: [2f373a1bde5ad7dae8e3318097b9eca3, findElement {using=xpath, value=/html/body/app-root/div/app-main-page/div/app-tab/div/div/div[1]/app-viewlet/div/ngx-datatable/div/datatable-body/datatable-selection/datatable-scroller/datatable-row-wrapper[1]/datatable-body-row/div[2]/datatable-body-cell[1]/div/input}]
Capabilities {acceptInsecureCerts: false, browserName: chrome, browserVersion: 109.0.5414.75, chrome: {chromedriverVersion: 108.0.5359.71 (1e0e3868ee06..., userDataDir: C:\Users\Lenovo\AppData\Loc...}, goog:chromeOptions: {debuggerAddress: localhost:52390}, javascriptEnabled: true, networkConnectionEnabled: false, pageLoadStrategy: normal, platform: WINDOWS, platformName: WINDOWS, proxy: Proxy(), se:cdp: ws://localhost:52390/devtoo..., se:cdpVersion: 109.0.5414.75, setWindowRect: true, strictFileInteractability: false, timeouts: {implicit: 0, pageLoad: 300000, script: 30000}, unhandledPromptBehavior: dismiss and notify, webauthn:extension:credBlob: true, webauthn:extension:largeBlob: true, webauthn:virtualAuthenticators: true}
Session ID: 2f373a1bde5ad7dae8e3318097b9eca3
	at java.base/jdk.internal.reflect.NativeConstructorAccessorImpl.newInstance0(Native Method)
	at java.base/jdk.internal.reflect.NativeConstructorAccessorImpl.newInstance(NativeConstructorAccessorImpl.java:62)
	at java.base/jdk.internal.reflect.DelegatingConstructorAccessorImpl.newInstance(DelegatingConstructorAccessorImpl.java:45)
	at java.base/java.lang.reflect.Constructor.newInstance(Constructor.java:490)
	at org.openqa.selenium.remote.codec.w3c.W3CHttpResponseCodec.createException(W3CHttpResponseCodec.java:200)
	at org.openqa.selenium.remote.codec.w3c.W3CHttpResponseCodec.decode(W3CHttpResponseCodec.java:133)
	at org.openqa.selenium.remote.codec.w3c.W3CHttpResponseCodec.decode(W3CHttpResponseCodec.java:53)
	at org.openqa.selenium.remote.HttpCommandExecutor.execute(HttpCommandExecutor.java:184)
	at org.openqa.selenium.remote.service.DriverCommandExecutor.invokeExecute(DriverCommandExecutor.java:167)
	at org.openqa.selenium.remote.service.DriverCommandExecutor.execute(DriverCommandExecutor.java:142)
	at org.openqa.selenium.remote.RemoteWebDriver.execute(RemoteWebDriver.java:567)
	at org.openqa.selenium.remote.ElementLocation$ElementFinder$2.findElement(ElementLocation.java:162)
	at org.openqa.selenium.remote.ElementLocation.findElement(ElementLocation.java:60)
	at org.openqa.selenium.remote.RemoteWebDriver.findElement(RemoteWebDriver.java:385)
	at org.openqa.selenium.remote.RemoteWebDriver.findElement(RemoteWebDriver.java:377)
	at ApodGUI.QueueMessages.Login(QueueMessages.java:209)
	at java.base/jdk.internal.reflect.NativeMethodAccessorImpl.invoke0(Native Method)
	at java.base/jdk.internal.reflect.NativeMethodAccessorImpl.invoke(NativeMethodAccessorImpl.java:62)
	at java.base/jdk.internal.reflect.DelegatingMethodAccessorImpl.invoke(DelegatingMethodAccessorImpl.java:43)
	at java.base/java.lang.reflect.Method.invoke(Method.java:566)
	at org.testng.internal.MethodInvocationHelper.invokeMethod(MethodInvocationHelper.java:132)
	at org.testng.internal.TestInvoker.invokeMethod(TestInvoker.java:599)
	at org.testng.internal.TestInvoker.invokeTestMethod(TestInvoker.java:174)
	at org.testng.internal.MethodRunner.runInSequence(MethodRunner.java:46)
	at org.testng.internal.TestInvoker$MethodInvocationAgent.invoke(TestInvoker.java:822)
	at org.testng.internal.TestInvoker.invokeTestMethods(TestInvoker.java:147)
	at org.testng.internal.TestMethodWorker.invokeTestMethods(TestMethodWorker.java:146)
	at org.testng.internal.TestMethodWorker.run(TestMethodWorker.java:128)
	at java.base/java.util.ArrayList.forEach(ArrayList.java:1541)
	at org.testng.TestRunner.privateRun(TestRunner.java:764)
	at org.testng.TestRunner.run(TestRunner.java:585)
	at org.testng.SuiteRunner.runTest(SuiteRunner.java:384)
	at org.testng.SuiteRunner.runSequentially(SuiteRunner.java:378)
	at org.testng.SuiteRunner.privateRun(SuiteRunner.java:337)
	at org.testng.SuiteRunner.run(SuiteRunner.java:286)
	at org.testng.SuiteRunnerWorker.runSuite(SuiteRunnerWorker.java:53)
	at org.testng.SuiteRunnerWorker.run(SuiteRunnerWorker.java:96)
	at org.testng.TestNG.runSuitesSequentially(TestNG.java:1218)
	at org.testng.TestNG.runSuitesLocally(TestNG.java:1140)
	at org.testng.TestNG.runSuites(TestNG.java:1069)
	at org.testng.TestNG.run(TestNG.java:1037)
	at org.testng.remote.AbstractRemoteTestNG.run(AbstractRemoteTestNG.java:115)
	at org.testng.remote.RemoteTestNG.initAndRun(RemoteTestNG.java:251)
	at org.testng.remote.RemoteTestNG.main(RemoteTestNG.java:77)
</pre></div></td>
<td>140</td>
<td>ApodGUI.QueueMessages@54a7079e</td></tr>
<tr>
<td title='ApodGUI.QueueMessages.MoveAllMessagesFromOneQueueToAnotherQueue()'><b>MoveAllMessagesFromOneQueueToAnotherQueue</b><br>Test class: ApodGUI.QueueMessages<br>Parameters: Queues Messages Verification, org.testng.TestRunner@3f725306<br/>
<a href="#Output-391333725" onClick='toggleBox("Output-391333725", this, "Show output", "Hide output");'>Show output</a>

<a href="#Output-391333725" onClick="toggleAllBoxes();">Show all outputs</a>
<div class='log' id="Output-391333725">
<br/>Failed to execute method: MoveAllMessagesFromOneQueueToAnotherQueue<br/><br/>
<br/><br/>
<img src=" E:\Automation\Navigator/Screenshots/ScreenshotsFailure/MoveAllMessagesFromOneQueueToAnotherQueue.png" alt="""/" /><br/>
</div>
</td>
<td><div><pre>org.openqa.selenium.InvalidSelectorException: invalid selector: Unable to locate an element with the xpath expression Move messages is Failed because of the following error:
SyntaxError: Failed to execute &apos;evaluate&apos; on &apos;Document&apos;: The string &apos;Move messages is Failed&apos; is not a valid XPath expression.
  (Session info: chrome=109.0.5414.75)
For documentation on this error, please visit: https://selenium.dev/exceptions/#invalid_selector_exception
Build info: version: &apos;4.1.3&apos;, revision: &apos;7b1ebf28ef&apos;
System info: host: &apos;DESKTOP-K4AEKHO&apos;, ip: &apos;172.16.31.142&apos;, os.name: &apos;Windows 10&apos;, os.arch: &apos;amd64&apos;, os.version: &apos;10.0&apos;, java.version: &apos;11.0.16&apos;
Driver info: org.openqa.selenium.chrome.ChromeDriver
Command: [2f373a1bde5ad7dae8e3318097b9eca3, findElement {using=xpath, value=Move messages is Failed}]
Capabilities {acceptInsecureCerts: false, browserName: chrome, browserVersion: 109.0.5414.75, chrome: {chromedriverVersion: 108.0.5359.71 (1e0e3868ee06..., userDataDir: C:\Users\Lenovo\AppData\Loc...}, goog:chromeOptions: {debuggerAddress: localhost:52390}, javascriptEnabled: true, networkConnectionEnabled: false, pageLoadStrategy: normal, platform: WINDOWS, platformName: WINDOWS, proxy: Proxy(), se:cdp: ws://localhost:52390/devtoo..., se:cdpVersion: 109.0.5414.75, setWindowRect: true, strictFileInteractability: false, timeouts: {implicit: 0, pageLoad: 300000, script: 30000}, unhandledPromptBehavior: dismiss and notify, webauthn:extension:credBlob: true, webauthn:extension:largeBlob: true, webauthn:virtualAuthenticators: true}
Session ID: 2f373a1bde5ad7dae8e3318097b9eca3
	at org.openqa.selenium.remote.codec.w3c.W3CHttpResponseCodec.createException(W3CHttpResponseCodec.java:200)
	at org.openqa.selenium.remote.codec.w3c.W3CHttpResponseCodec.decode(W3CHttpResponseCodec.java:133)
	at org.openqa.selenium.remote.codec.w3c.W3CHttpResponseCodec.decode(W3CHttpResponseCodec.java:53)
	at org.openqa.selenium.remote.HttpCommandExecutor.execute(HttpCommandExecutor.java:184)
	at org.openqa.selenium.remote.service.DriverCommandExecutor.invokeExecute(DriverCommandExecutor.java:167)
	at org.openqa.selenium.remote.service.DriverCommandExecutor.execute(DriverCommandExecutor.java:142)
	at org.openqa.selenium.remote.RemoteWebDriver.execute(RemoteWebDriver.java:567)
	at org.openqa.selenium.remote.ElementLocation$ElementFinder$2.findElement(ElementLocation.java:162)
	at org.openqa.selenium.remote.ElementLocation.findElement(ElementLocation.java:60)
	at org.openqa.selenium.remote.RemoteWebDriver.findElement(RemoteWebDriver.java:385)
	at org.openqa.selenium.remote.RemoteWebDriver.findElement(RemoteWebDriver.java:377)
	at ApodGUI.QueueMessages.MoveAllMessagesFromOneQueueToAnotherQueue(QueueMessages.java:750)
	at java.base/java.util.ArrayList.forEach(ArrayList.java:1541)
... Removed 31 stack frames</pre></div><a href='#' onClick='toggleBox("stack-trace391333725", this, "Click to show all stack frames", "Click to hide stack frames")'>Click to show all stack frames</a>
<div class='stack-trace' id='stack-trace391333725'><pre>org.openqa.selenium.InvalidSelectorException: invalid selector: Unable to locate an element with the xpath expression Move messages is Failed because of the following error:
SyntaxError: Failed to execute &apos;evaluate&apos; on &apos;Document&apos;: The string &apos;Move messages is Failed&apos; is not a valid XPath expression.
  (Session info: chrome=109.0.5414.75)
For documentation on this error, please visit: https://selenium.dev/exceptions/#invalid_selector_exception
Build info: version: &apos;4.1.3&apos;, revision: &apos;7b1ebf28ef&apos;
System info: host: &apos;DESKTOP-K4AEKHO&apos;, ip: &apos;172.16.31.142&apos;, os.name: &apos;Windows 10&apos;, os.arch: &apos;amd64&apos;, os.version: &apos;10.0&apos;, java.version: &apos;11.0.16&apos;
Driver info: org.openqa.selenium.chrome.ChromeDriver
Command: [2f373a1bde5ad7dae8e3318097b9eca3, findElement {using=xpath, value=Move messages is Failed}]
Capabilities {acceptInsecureCerts: false, browserName: chrome, browserVersion: 109.0.5414.75, chrome: {chromedriverVersion: 108.0.5359.71 (1e0e3868ee06..., userDataDir: C:\Users\Lenovo\AppData\Loc...}, goog:chromeOptions: {debuggerAddress: localhost:52390}, javascriptEnabled: true, networkConnectionEnabled: false, pageLoadStrategy: normal, platform: WINDOWS, platformName: WINDOWS, proxy: Proxy(), se:cdp: ws://localhost:52390/devtoo..., se:cdpVersion: 109.0.5414.75, setWindowRect: true, strictFileInteractability: false, timeouts: {implicit: 0, pageLoad: 300000, script: 30000}, unhandledPromptBehavior: dismiss and notify, webauthn:extension:credBlob: true, webauthn:extension:largeBlob: true, webauthn:virtualAuthenticators: true}
Session ID: 2f373a1bde5ad7dae8e3318097b9eca3
	at java.base/jdk.internal.reflect.NativeConstructorAccessorImpl.newInstance0(Native Method)
	at java.base/jdk.internal.reflect.NativeConstructorAccessorImpl.newInstance(NativeConstructorAccessorImpl.java:62)
	at java.base/jdk.internal.reflect.DelegatingConstructorAccessorImpl.newInstance(DelegatingConstructorAccessorImpl.java:45)
	at java.base/java.lang.reflect.Constructor.newInstance(Constructor.java:490)
	at org.openqa.selenium.remote.codec.w3c.W3CHttpResponseCodec.createException(W3CHttpResponseCodec.java:200)
	at org.openqa.selenium.remote.codec.w3c.W3CHttpResponseCodec.decode(W3CHttpResponseCodec.java:133)
	at org.openqa.selenium.remote.codec.w3c.W3CHttpResponseCodec.decode(W3CHttpResponseCodec.java:53)
	at org.openqa.selenium.remote.HttpCommandExecutor.execute(HttpCommandExecutor.java:184)
	at org.openqa.selenium.remote.service.DriverCommandExecutor.invokeExecute(DriverCommandExecutor.java:167)
	at org.openqa.selenium.remote.service.DriverCommandExecutor.execute(DriverCommandExecutor.java:142)
	at org.openqa.selenium.remote.RemoteWebDriver.execute(RemoteWebDriver.java:567)
	at org.openqa.selenium.remote.ElementLocation$ElementFinder$2.findElement(ElementLocation.java:162)
	at org.openqa.selenium.remote.ElementLocation.findElement(ElementLocation.java:60)
	at org.openqa.selenium.remote.RemoteWebDriver.findElement(RemoteWebDriver.java:385)
	at org.openqa.selenium.remote.RemoteWebDriver.findElement(RemoteWebDriver.java:377)
	at ApodGUI.QueueMessages.MoveAllMessagesFromOneQueueToAnotherQueue(QueueMessages.java:750)
	at java.base/jdk.internal.reflect.NativeMethodAccessorImpl.invoke0(Native Method)
	at java.base/jdk.internal.reflect.NativeMethodAccessorImpl.invoke(NativeMethodAccessorImpl.java:62)
	at java.base/jdk.internal.reflect.DelegatingMethodAccessorImpl.invoke(DelegatingMethodAccessorImpl.java:43)
	at java.base/java.lang.reflect.Method.invoke(Method.java:566)
	at org.testng.internal.MethodInvocationHelper.invokeMethod(MethodInvocationHelper.java:132)
	at org.testng.internal.TestInvoker.invokeMethod(TestInvoker.java:599)
	at org.testng.internal.TestInvoker.invokeTestMethod(TestInvoker.java:174)
	at org.testng.internal.MethodRunner.runInSequence(MethodRunner.java:46)
	at org.testng.internal.TestInvoker$MethodInvocationAgent.invoke(TestInvoker.java:822)
	at org.testng.internal.TestInvoker.invokeTestMethods(TestInvoker.java:147)
	at org.testng.internal.TestMethodWorker.invokeTestMethods(TestMethodWorker.java:146)
	at org.testng.internal.TestMethodWorker.run(TestMethodWorker.java:128)
	at java.base/java.util.ArrayList.forEach(ArrayList.java:1541)
	at org.testng.TestRunner.privateRun(TestRunner.java:764)
	at org.testng.TestRunner.run(TestRunner.java:585)
	at org.testng.SuiteRunner.runTest(SuiteRunner.java:384)
	at org.testng.SuiteRunner.runSequentially(SuiteRunner.java:378)
	at org.testng.SuiteRunner.privateRun(SuiteRunner.java:337)
	at org.testng.SuiteRunner.run(SuiteRunner.java:286)
	at org.testng.SuiteRunnerWorker.runSuite(SuiteRunnerWorker.java:53)
	at org.testng.SuiteRunnerWorker.run(SuiteRunnerWorker.java:96)
	at org.testng.TestNG.runSuitesSequentially(TestNG.java:1218)
	at org.testng.TestNG.runSuitesLocally(TestNG.java:1140)
	at org.testng.TestNG.runSuites(TestNG.java:1069)
	at org.testng.TestNG.run(TestNG.java:1037)
	at org.testng.remote.AbstractRemoteTestNG.run(AbstractRemoteTestNG.java:115)
	at org.testng.remote.RemoteTestNG.initAndRun(RemoteTestNG.java:251)
	at org.testng.remote.RemoteTestNG.main(RemoteTestNG.java:77)
</pre></div></td>
<td>62</td>
<td>ApodGUI.QueueMessages@54a7079e</td></tr>
</table><p>
<table width='100%' border='1' class='invocation-passed'>
<tr><td colspan='4' align='center'><b>PASSED TESTS</b></td></tr>
<tr><td><b>Test method</b></td>
<td width="30%"><b>Exception</b></td>
<td width="10%"><b>Time (seconds)</b></td>
<td><b>Instance</b></td>
</tr>
<tr>
<td title='ApodGUI.QueueMessages.ClearAllMessagesFromQueue()'><b>ClearAllMessagesFromQueue</b><br>Test class: ApodGUI.QueueMessages<br>Parameters: Queues Messages Verification, org.testng.TestRunner@3f725306<br/>
<a href="#Output-1389056701" onClick='toggleBox("Output-1389056701", this, "Show output", "Hide output");'>Show output</a>

<a href="#Output-1389056701" onClick="toggleAllBoxes();">Show all outputs</a>
<div class='log' id="Output-1389056701">
<br/><br/>
<img src=" E:\Automation\Navigator/Screenshots/ScreenshotsSuccess/ClearAllMessagesFromQueue.png" alt="""/" /><br/>
</div>
</td>
<td></td>
<td>31</td>
<td>ApodGUI.QueueMessages@54a7079e</td></tr>
<tr>
<td title='ApodGUI.QueueMessages.CopyAllMessagesFromOneQueueToAnotherQueue()'><b>CopyAllMessagesFromOneQueueToAnotherQueue</b><br>Test class: ApodGUI.QueueMessages<br>Parameters: Queues Messages Verification, org.testng.TestRunner@3f725306<br/>
<a href="#Output-2124688514" onClick='toggleBox("Output-2124688514", this, "Show output", "Hide output");'>Show output</a>

<a href="#Output-2124688514" onClick="toggleAllBoxes();">Show all outputs</a>
<div class='log' id="Output-2124688514">
<br/><br/>
<img src=" E:\Automation\Navigator/Screenshots/ScreenshotsSuccess/CopyAllMessagesFromOneQueueToAnotherQueue.png" alt="""/" /><br/>
</div>
</td>
<td></td>
<td>40</td>
<td>ApodGUI.QueueMessages@54a7079e</td></tr>
<tr>
<td title='ApodGUI.QueueMessages.DeleteAllMessagesFromQueue()'><b>DeleteAllMessagesFromQueue</b><br>Test class: ApodGUI.QueueMessages<br>Parameters: Queues Messages Verification, org.testng.TestRunner@3f725306<br/>
<a href="#Output-861339480" onClick='toggleBox("Output-861339480", this, "Show output", "Hide output");'>Show output</a>

<a href="#Output-861339480" onClick="toggleAllBoxes();">Show all outputs</a>
<div class='log' id="Output-861339480">
<br/><br/>
<img src=" E:\Automation\Navigator/Screenshots/ScreenshotsSuccess/DeleteAllMessagesFromQueue.png" alt="""/" /><br/>
</div>
</td>
<td></td>
<td>34</td>
<td>ApodGUI.QueueMessages@54a7079e</td></tr>
<tr>
<td title='ApodGUI.QueueMessages.ExportAllMessages()'><b>ExportAllMessages</b><br>Test class: ApodGUI.QueueMessages<br>Parameters: Queues Messages Verification, org.testng.TestRunner@3f725306<br/>
<a href="#Output-2045560071" onClick='toggleBox("Output-2045560071", this, "Show output", "Hide output");'>Show output</a>

<a href="#Output-2045560071" onClick="toggleAllBoxes();">Show all outputs</a>
<div class='log' id="Output-2045560071">
<br/><br/>
<img src=" E:\Automation\Navigator/Screenshots/ScreenshotsSuccess/ExportAllMessages.png" alt="""/" /><br/>
</div>
</td>
<td></td>
<td>43</td>
<td>ApodGUI.QueueMessages@54a7079e</td></tr>
<tr>
<td title='ApodGUI.QueueMessages.LoadFromFileUsingConfigurebuttonWithMultipleMessages()'><b>LoadFromFileUsingConfigurebuttonWithMultipleMessages</b><br>Test class: ApodGUI.QueueMessages<br>Parameters: Queues Messages Verification, org.testng.TestRunner@3f725306<br/>
<a href="#Output-1160326849" onClick='toggleBox("Output-1160326849", this, "Show output", "Hide output");'>Show output</a>

<a href="#Output-1160326849" onClick="toggleAllBoxes();">Show all outputs</a>
<div class='log' id="Output-1160326849">
<br/><br/>
<img src=" E:\Automation\Navigator/Screenshots/ScreenshotsSuccess/LoadFromFileUsingConfigurebuttonWithMultipleMessages.png" alt="""/" /><br/>
</div>
</td>
<td></td>
<td>61</td>
<td>ApodGUI.QueueMessages@54a7079e</td></tr>
<tr>
<td title='ApodGUI.QueueMessages.LoadFromFileUsingConfigurebuttonWithSingleMessage()'><b>LoadFromFileUsingConfigurebuttonWithSingleMessage</b><br>Test class: ApodGUI.QueueMessages<br>Parameters: Queues Messages Verification, org.testng.TestRunner@3f725306<br/>
<a href="#Output-2138849804" onClick='toggleBox("Output-2138849804", this, "Show output", "Hide output");'>Show output</a>

<a href="#Output-2138849804" onClick="toggleAllBoxes();">Show all outputs</a>
<div class='log' id="Output-2138849804">
<br/><br/>
<img src=" E:\Automation\Navigator/Screenshots/ScreenshotsSuccess/LoadFromFileUsingConfigurebuttonWithSingleMessage.png" alt="""/" /><br/>
</div>
</td>
<td></td>
<td>54</td>
<td>ApodGUI.QueueMessages@54a7079e</td></tr>
<tr>
<td title='ApodGUI.QueueMessages.LoadFromFileUsingYesbutton()'><b>LoadFromFileUsingYesbutton</b><br>Test class: ApodGUI.QueueMessages<br>Parameters: Queues Messages Verification, org.testng.TestRunner@3f725306<br/>
<a href="#Output-879924346" onClick='toggleBox("Output-879924346", this, "Show output", "Hide output");'>Show output</a>

<a href="#Output-879924346" onClick="toggleAllBoxes();">Show all outputs</a>
<div class='log' id="Output-879924346">
<br/><br/>
<img src=" E:\Automation\Navigator/Screenshots/ScreenshotsSuccess/LoadFromFileUsingYesbutton.png" alt="""/" /><br/>
</div>
</td>
<td></td>
<td>48</td>
<td>ApodGUI.QueueMessages@54a7079e</td></tr>
<tr>
<td title='ApodGUI.QueueMessages.Logout()'><b>Logout</b><br>Test class: ApodGUI.QueueMessages<br>Parameters: Queues Messages Verification</td>
<td></td>
<td>26</td>
<td>ApodGUI.QueueMessages@54a7079e</td></tr>
<tr>
<td title='ApodGUI.QueueMessages.PutHexMessageIntoQueue()'><b>PutHexMessageIntoQueue</b><br>Test class: ApodGUI.QueueMessages<br>Parameters: Queues Messages Verification, 10C20000E0A5E6F6FDFFE0AEE00FE6FCFDFFE6FD93, org.testng.TestRunner@3f725306<br/>
<a href="#Output-823994613" onClick='toggleBox("Output-823994613", this, "Show output", "Hide output");'>Show output</a>

<a href="#Output-823994613" onClick="toggleAllBoxes();">Show all outputs</a>
<div class='log' id="Output-823994613">
<br/><br/>
<img src=" E:\Automation\Navigator/Screenshots/ScreenshotsSuccess/PutHexMessageIntoQueue.png" alt="""/" /><br/>
</div>
</td>
<td></td>
<td>40</td>
<td>ApodGUI.QueueMessages@54a7079e</td></tr>
<tr>
<td title='ApodGUI.QueueMessages.PutMessageUsingJsonFile()'><b>PutMessageUsingJsonFile</b><br>Test class: ApodGUI.QueueMessages<br>Parameters: Queues Messages Verification, org.testng.TestRunner@3f725306<br/>
<a href="#Output-270276013" onClick='toggleBox("Output-270276013", this, "Show output", "Hide output");'>Show output</a>

<a href="#Output-270276013" onClick="toggleAllBoxes();">Show all outputs</a>
<div class='log' id="Output-270276013">
<br/><br/>
<img src=" E:\Automation\Navigator/Screenshots/ScreenshotsSuccess/PutMessageUsingJsonFile.png" alt="""/" /><br/>
</div>
</td>
<td></td>
<td>47</td>
<td>ApodGUI.QueueMessages@54a7079e</td></tr>
<tr>
<td title='ApodGUI.QueueMessages.PutMessageUsingXMLFile()'><b>PutMessageUsingXMLFile</b><br>Test class: ApodGUI.QueueMessages<br>Parameters: Queues Messages Verification, org.testng.TestRunner@3f725306<br/>
<a href="#Output-497368911" onClick='toggleBox("Output-497368911", this, "Show output", "Hide output");'>Show output</a>

<a href="#Output-497368911" onClick="toggleAllBoxes();">Show all outputs</a>
<div class='log' id="Output-497368911">
<br/><br/>
<img src=" E:\Automation\Navigator/Screenshots/ScreenshotsSuccess/PutMessageUsingXMLFile.png" alt="""/" /><br/>
</div>
</td>
<td></td>
<td>47</td>
<td>ApodGUI.QueueMessages@54a7079e</td></tr>
<tr>
<td title='ApodGUI.QueueMessages.PutNewMessageIntoQueue()'><b>PutNewMessageIntoQueue</b><br>Test class: ApodGUI.QueueMessages<br>Parameters: Queues Messages Verification, Put the message from Main options, org.testng.TestRunner@3f725306<br/>
<a href="#Output-71843125" onClick='toggleBox("Output-71843125", this, "Show output", "Hide output");'>Show output</a>

<a href="#Output-71843125" onClick="toggleAllBoxes();">Show all outputs</a>
<div class='log' id="Output-71843125">
<br/><br/>
<img src=" E:\Automation\Navigator/Screenshots/ScreenshotsSuccess/PutNewMessageIntoQueue.png" alt="""/" /><br/>
</div>
</td>
<td></td>
<td>47</td>
<td>ApodGUI.QueueMessages@54a7079e</td></tr>
</table><p>
</body>
</html>