<?xml version="1.0" encoding="UTF-8"?>
<!-- Generated by org.testng.reporters.JUnitXMLReporter -->
<testsuite ignored="0" hostname="DESKTOP-9QJNAOQ" failures="1" tests="12" name="Settings" time="508.477" errors="0" timestamp="20 Jun 2022 12:00:09 GMT">
  <testcase classname="NavigatorCore.NavigatorSettings" name="Login" time="150.998"/>
  <testcase classname="NavigatorCore.NavigatorSettings" name="ShowInActiveChannelsCheckbox" time="25.807"/>
  <testcase classname="NavigatorCore.NavigatorSettings" name="ShowEmptyQueuesCheckbox" time="7.76"/>
  <testcase classname="NavigatorCore.NavigatorSettings" name="ShowTemporaryDynamicQueues" time="19.702"/>
  <testcase classname="NavigatorCore.NavigatorSettings" name="ShowFullNamesForFavoriteShortcuts" time="26.279"/>
  <testcase classname="NavigatorCore.NavigatorSettings" name="ShowFullNamesForSearchResultsObjects" time="21.044"/>
  <testcase classname="NavigatorCore.NavigatorSettings" name="ShowSystemObjectsOnly" time="10.921"/>
  <testcase classname="NavigatorCore.NavigatorSettings" name="ShowObjectSearchresultsFromActiveManagersOnly" time="13.457"/>
  <testcase classname="NavigatorCore.NavigatorSettings" name="ShowManagersForDefaultSchemas" time="12.075"/>
  <testcase classname="NavigatorCore.NavigatorSettings" name="ShowLogoutWindow" time="14.125"/>
  <testcase classname="NavigatorCore.NavigatorSettings" name="CollapseAllViewletOnLogin" time="38.95">
    <failure type="org.openqa.selenium.ElementClickInterceptedException" message="element click intercepted: Element &amp;lt;div _ngcontent-wui-c13=&amp;quot;&amp;quot; class=&amp;quot;g-tab-title title&amp;quot; title=&amp;quot;Settings Dashboard&amp;quot;&amp;gt;...&amp;lt;/div&amp;gt; is not clickable at point (1286, 107). Other element would receive the click: &amp;lt;button _ngcontent-wui-c13=&amp;quot;&amp;quot; class=&amp;quot;btn copy-btn-position btn-secondary&amp;quot; style=&amp;quot;color: white; right: 240px;&amp;quot; title=&amp;quot;Copy objects to selected path&amp;quot; type=&amp;quot;button&amp;quot; disabled=&amp;quot;&amp;quot;&amp;gt;...&amp;lt;/button&amp;gt;
  (Session info: chrome=102.0.5005.115)
Build info: version: &amp;apos;4.0.0&amp;apos;, revision: &amp;apos;3a21814679&amp;apos;
System info: host: &amp;apos;DESKTOP-9QJNAOQ&amp;apos;, ip: &amp;apos;10.1.4.12&amp;apos;, os.name: &amp;apos;Windows 10&amp;apos;, os.arch: &amp;apos;amd64&amp;apos;, os.version: &amp;apos;10.0&amp;apos;, java.version: &amp;apos;11.0.14&amp;apos;
Driver info: org.openqa.selenium.chrome.ChromeDriver
Command: [00f6ac6cb91bb0f35598df564b00c915, clickElement {id=b7a9f008-4e96-4b04-890c-7cd396125558}]
Capabilities {acceptInsecureCerts: false, browserName: chrome, browserVersion: 102.0.5005.115, chrome: {chromedriverVersion: 102.0.5005.61 (0e59bcc00cc4..., userDataDir: C:\Users\Nagaraju\AppData\L...}, goog:chromeOptions: {debuggerAddress: localhost:53046}, javascriptEnabled: true, networkConnectionEnabled: false, pageLoadStrategy: normal, platform: WINDOWS, platformName: WINDOWS, proxy: Proxy(), se:cdp: ws://localhost:53046/devtoo..., se:cdpVersion: 102.0.5005.115, setWindowRect: true, strictFileInteractability: false, timeouts: {implicit: 0, pageLoad: 300000, script: 30000}, unhandledPromptBehavior: dismiss and notify, webauthn:extension:credBlob: true, webauthn:extension:largeBlob: true, webauthn:virtualAuthenticators: true}
Element: [[[[[[[[ChromeDriver: chrome on WINDOWS (00f6ac6cb91bb0f35598df564b00c915)] -&amp;gt; class: tabs-panel-left-relative-block]] -&amp;gt; tag name: ul]] -&amp;gt; tag name: li]] -&amp;gt; class: g-tab-title]
Session ID: 00f6ac6cb91bb0f35598df564b00c915">
      <![CDATA[org.openqa.selenium.ElementClickInterceptedException: element click intercepted: Element <div _ngcontent-wui-c13="" class="g-tab-title title" title="Settings Dashboard">...</div> is not clickable at point (1286, 107). Other element would receive the click: <button _ngcontent-wui-c13="" class="btn copy-btn-position btn-secondary" style="color: white; right: 240px;" title="Copy objects to selected path" type="button" disabled="">...</button>
  (Session info: chrome=102.0.5005.115)
Build info: version: '4.0.0', revision: '3a21814679'
System info: host: 'DESKTOP-9QJNAOQ', ip: '10.1.4.12', os.name: 'Windows 10', os.arch: 'amd64', os.version: '10.0', java.version: '11.0.14'
Driver info: org.openqa.selenium.chrome.ChromeDriver
Command: [00f6ac6cb91bb0f35598df564b00c915, clickElement {id=b7a9f008-4e96-4b04-890c-7cd396125558}]
Capabilities {acceptInsecureCerts: false, browserName: chrome, browserVersion: 102.0.5005.115, chrome: {chromedriverVersion: 102.0.5005.61 (0e59bcc00cc4..., userDataDir: C:\Users\Nagaraju\AppData\L...}, goog:chromeOptions: {debuggerAddress: localhost:53046}, javascriptEnabled: true, networkConnectionEnabled: false, pageLoadStrategy: normal, platform: WINDOWS, platformName: WINDOWS, proxy: Proxy(), se:cdp: ws://localhost:53046/devtoo..., se:cdpVersion: 102.0.5005.115, setWindowRect: true, strictFileInteractability: false, timeouts: {implicit: 0, pageLoad: 300000, script: 30000}, unhandledPromptBehavior: dismiss and notify, webauthn:extension:credBlob: true, webauthn:extension:largeBlob: true, webauthn:virtualAuthenticators: true}
Element: [[[[[[[[ChromeDriver: chrome on WINDOWS (00f6ac6cb91bb0f35598df564b00c915)] -> class: tabs-panel-left-relative-block]] -> tag name: ul]] -> tag name: li]] -> class: g-tab-title]
Session ID: 00f6ac6cb91bb0f35598df564b00c915
	at org.openqa.selenium.remote.codec.w3c.W3CHttpResponseCodec.createException(W3CHttpResponseCodec.java:200)
	at org.openqa.selenium.remote.codec.w3c.W3CHttpResponseCodec.decode(W3CHttpResponseCodec.java:133)
	at org.openqa.selenium.remote.codec.w3c.W3CHttpResponseCodec.decode(W3CHttpResponseCodec.java:53)
	at org.openqa.selenium.remote.HttpCommandExecutor.execute(HttpCommandExecutor.java:184)
	at org.openqa.selenium.remote.service.DriverCommandExecutor.invokeExecute(DriverCommandExecutor.java:164)
	at org.openqa.selenium.remote.service.DriverCommandExecutor.execute(DriverCommandExecutor.java:139)
	at org.openqa.selenium.remote.RemoteWebDriver.execute(RemoteWebDriver.java:559)
	at org.openqa.selenium.remote.RemoteWebElement.execute(RemoteWebElement.java:251)
	at org.openqa.selenium.remote.RemoteWebElement.click(RemoteWebElement.java:77)
	at NavigatorCore.NavigatorSettings.CollapseAllViewletOnLogin(NavigatorSettings.java:765)
... Removed 29 stack frames]]>
    </failure>
  </testcase> <!-- CollapseAllViewletOnLogin -->
  <testcase classname="NavigatorCore.NavigatorSettings" name="Logout" time="39.907"/>
</testsuite> <!-- Settings -->
