<html>
<head>
<title>TestNG:  Test Transport Viewlet</title>
<link href="../testng.css" rel="stylesheet" type="text/css" />
<link href="../my-testng.css" rel="stylesheet" type="text/css" />

<style type="text/css">
.log { display: none;} 
.stack-trace { display: none;} 
</style>
<script type="text/javascript">
<!--
function flip(e) {
  current = e.style.display;
  if (current == 'block') {
    e.style.display = 'none';
    return 0;
  }
  else {
    e.style.display = 'block';
    return 1;
  }
}

function toggleBox(szDivId, elem, msg1, msg2)
{
  var res = -1;  if (document.getElementById) {
    res = flip(document.getElementById(szDivId));
  }
  else if (document.all) {
    // this is the way old msie versions work
    res = flip(document.all[szDivId]);
  }
  if(elem) {
    if(res == 0) elem.innerHTML = msg1; else elem.innerHTML = msg2;
  }

}

function toggleAllBoxes() {
  if (document.getElementsByTagName) {
    d = document.getElementsByTagName('div');
    for (i = 0; i < d.length; i++) {
      if (d[i].className == 'log') {
        flip(d[i]);
      }
    }
  }
}

// -->
</script>

</head>
<body>
<h2 align='center'>Test Transport Viewlet</h2><table border='1' align="center">
<tr>
<td>Tests passed/Failed/Skipped:</td><td>6/1/0</td>
</tr><tr>
<td>Started on:</td><td>Tue Jun 21 14:55:03 IST 2022</td>
</tr>
<tr><td>Total time:</td><td>357 seconds (357877 ms)</td>
</tr><tr>
<td>Included groups:</td><td></td>
</tr><tr>
<td>Excluded groups:</td><td></td>
</tr>
</table><p/>
<small><i>(Hover the method name to see the test class name)</i></small><p/>
<table width='100%' border='1' class='invocation-failed'>
<tr><td colspan='4' align='center'><b>FAILED TESTS</b></td></tr>
<tr><td><b>Test method</b></td>
<td width="30%"><b>Exception</b></td>
<td width="10%"><b>Time (seconds)</b></td>
<td><b>Instance</b></td>
</tr>
<tr>
<td title='EMS.TransportViewlet.AddToFavoriteViewlet()'><b>AddToFavoriteViewlet</b><br>Test class: EMS.TransportViewlet<br>Parameters: TransportViewlet Verification, Transport Favorite viewlet, org.testng.TestRunner@37ed010a<br/>
<a href="#Output-520043771" onClick='toggleBox("Output-520043771", this, "Show output", "Hide output");'>Show output</a>

<a href="#Output-520043771" onClick="toggleAllBoxes();">Show all outputs</a>
<div class='log' id="Output-520043771">
<br/>Failed to execute method: AddToFavoriteViewlet<br/><br/>
<br/><br/>
<img src=" F:\Automation\Navigator/Screenshots/ScreenshotsFailure/AddToFavoriteViewlet.png" alt="""/" /><br/>
</div>
</td>
<td><div><pre>org.openqa.selenium.NoSuchElementException: no such element: Unable to locate element: {&quot;method&quot;:&quot;link text&quot;,&quot;selector&quot;:&quot;Add to favorites...&quot;}
  (Session info: chrome=102.0.5005.115)
For documentation on this error, please visit: https://selenium.dev/exceptions/#no_such_element
Build info: version: &apos;4.0.0&apos;, revision: &apos;3a21814679&apos;
System info: host: &apos;DESKTOP-9QJNAOQ&apos;, ip: &apos;192.168.43.213&apos;, os.name: &apos;Windows 10&apos;, os.arch: &apos;amd64&apos;, os.version: &apos;10.0&apos;, java.version: &apos;11.0.14&apos;
Driver info: org.openqa.selenium.chrome.ChromeDriver
Command: [2b19abeb12bdd96d076fb6b2d3d6f6fc, findElement {using=link text, value=Add to favorites...}]
Capabilities {acceptInsecureCerts: false, browserName: chrome, browserVersion: 102.0.5005.115, chrome: {chromedriverVersion: 102.0.5005.61 (0e59bcc00cc4..., userDataDir: C:\Users\Nagaraju\AppData\L...}, goog:chromeOptions: {debuggerAddress: localhost:57429}, javascriptEnabled: true, networkConnectionEnabled: false, pageLoadStrategy: normal, platform: WINDOWS, platformName: WINDOWS, proxy: Proxy(), se:cdp: ws://localhost:57429/devtoo..., se:cdpVersion: 102.0.5005.115, setWindowRect: true, strictFileInteractability: false, timeouts: {implicit: 0, pageLoad: 300000, script: 30000}, unhandledPromptBehavior: dismiss and notify, webauthn:extension:credBlob: true, webauthn:extension:largeBlob: true, webauthn:virtualAuthenticators: true}
Session ID: 2b19abeb12bdd96d076fb6b2d3d6f6fc
	at org.openqa.selenium.remote.codec.w3c.W3CHttpResponseCodec.createException(W3CHttpResponseCodec.java:200)
	at org.openqa.selenium.remote.codec.w3c.W3CHttpResponseCodec.decode(W3CHttpResponseCodec.java:133)
	at org.openqa.selenium.remote.codec.w3c.W3CHttpResponseCodec.decode(W3CHttpResponseCodec.java:53)
	at org.openqa.selenium.remote.HttpCommandExecutor.execute(HttpCommandExecutor.java:184)
	at org.openqa.selenium.remote.service.DriverCommandExecutor.invokeExecute(DriverCommandExecutor.java:164)
	at org.openqa.selenium.remote.service.DriverCommandExecutor.execute(DriverCommandExecutor.java:139)
	at org.openqa.selenium.remote.RemoteWebDriver.execute(RemoteWebDriver.java:559)
	at org.openqa.selenium.remote.ElementLocation$ElementFinder$2.findElement(ElementLocation.java:162)
	at org.openqa.selenium.remote.ElementLocation.findElement(ElementLocation.java:60)
	at org.openqa.selenium.remote.RemoteWebDriver.findElement(RemoteWebDriver.java:383)
	at org.openqa.selenium.remote.RemoteWebDriver.findElement(RemoteWebDriver.java:375)
	at EMS.TransportViewlet.AddToFavoriteViewlet(TransportViewlet.java:280)
... Removed 29 stack frames</pre></div><a href='#' onClick='toggleBox("stack-trace520043771", this, "Click to show all stack frames", "Click to hide stack frames")'>Click to show all stack frames</a>
<div class='stack-trace' id='stack-trace520043771'><pre>org.openqa.selenium.NoSuchElementException: no such element: Unable to locate element: {&quot;method&quot;:&quot;link text&quot;,&quot;selector&quot;:&quot;Add to favorites...&quot;}
  (Session info: chrome=102.0.5005.115)
For documentation on this error, please visit: https://selenium.dev/exceptions/#no_such_element
Build info: version: &apos;4.0.0&apos;, revision: &apos;3a21814679&apos;
System info: host: &apos;DESKTOP-9QJNAOQ&apos;, ip: &apos;192.168.43.213&apos;, os.name: &apos;Windows 10&apos;, os.arch: &apos;amd64&apos;, os.version: &apos;10.0&apos;, java.version: &apos;11.0.14&apos;
Driver info: org.openqa.selenium.chrome.ChromeDriver
Command: [2b19abeb12bdd96d076fb6b2d3d6f6fc, findElement {using=link text, value=Add to favorites...}]
Capabilities {acceptInsecureCerts: false, browserName: chrome, browserVersion: 102.0.5005.115, chrome: {chromedriverVersion: 102.0.5005.61 (0e59bcc00cc4..., userDataDir: C:\Users\Nagaraju\AppData\L...}, goog:chromeOptions: {debuggerAddress: localhost:57429}, javascriptEnabled: true, networkConnectionEnabled: false, pageLoadStrategy: normal, platform: WINDOWS, platformName: WINDOWS, proxy: Proxy(), se:cdp: ws://localhost:57429/devtoo..., se:cdpVersion: 102.0.5005.115, setWindowRect: true, strictFileInteractability: false, timeouts: {implicit: 0, pageLoad: 300000, script: 30000}, unhandledPromptBehavior: dismiss and notify, webauthn:extension:credBlob: true, webauthn:extension:largeBlob: true, webauthn:virtualAuthenticators: true}
Session ID: 2b19abeb12bdd96d076fb6b2d3d6f6fc
	at java.base/jdk.internal.reflect.NativeConstructorAccessorImpl.newInstance0(Native Method)
	at java.base/jdk.internal.reflect.NativeConstructorAccessorImpl.newInstance(NativeConstructorAccessorImpl.java:62)
	at java.base/jdk.internal.reflect.DelegatingConstructorAccessorImpl.newInstance(DelegatingConstructorAccessorImpl.java:45)
	at java.base/java.lang.reflect.Constructor.newInstance(Constructor.java:490)
	at org.openqa.selenium.remote.codec.w3c.W3CHttpResponseCodec.createException(W3CHttpResponseCodec.java:200)
	at org.openqa.selenium.remote.codec.w3c.W3CHttpResponseCodec.decode(W3CHttpResponseCodec.java:133)
	at org.openqa.selenium.remote.codec.w3c.W3CHttpResponseCodec.decode(W3CHttpResponseCodec.java:53)
	at org.openqa.selenium.remote.HttpCommandExecutor.execute(HttpCommandExecutor.java:184)
	at org.openqa.selenium.remote.service.DriverCommandExecutor.invokeExecute(DriverCommandExecutor.java:164)
	at org.openqa.selenium.remote.service.DriverCommandExecutor.execute(DriverCommandExecutor.java:139)
	at org.openqa.selenium.remote.RemoteWebDriver.execute(RemoteWebDriver.java:559)
	at org.openqa.selenium.remote.ElementLocation$ElementFinder$2.findElement(ElementLocation.java:162)
	at org.openqa.selenium.remote.ElementLocation.findElement(ElementLocation.java:60)
	at org.openqa.selenium.remote.RemoteWebDriver.findElement(RemoteWebDriver.java:383)
	at org.openqa.selenium.remote.RemoteWebDriver.findElement(RemoteWebDriver.java:375)
	at EMS.TransportViewlet.AddToFavoriteViewlet(TransportViewlet.java:280)
	at java.base/jdk.internal.reflect.NativeMethodAccessorImpl.invoke0(Native Method)
	at java.base/jdk.internal.reflect.NativeMethodAccessorImpl.invoke(NativeMethodAccessorImpl.java:62)
	at java.base/jdk.internal.reflect.DelegatingMethodAccessorImpl.invoke(DelegatingMethodAccessorImpl.java:43)
	at java.base/java.lang.reflect.Method.invoke(Method.java:566)
	at org.testng.internal.MethodInvocationHelper.invokeMethod(MethodInvocationHelper.java:108)
	at org.testng.internal.Invoker.invokeMethod(Invoker.java:661)
	at org.testng.internal.Invoker.invokeTestMethod(Invoker.java:869)
	at org.testng.internal.Invoker.invokeTestMethods(Invoker.java:1193)
	at org.testng.internal.TestMethodWorker.invokeTestMethods(TestMethodWorker.java:126)
	at org.testng.internal.TestMethodWorker.run(TestMethodWorker.java:109)
	at org.testng.TestRunner.privateRun(TestRunner.java:744)
	at org.testng.TestRunner.run(TestRunner.java:602)
	at org.testng.SuiteRunner.runTest(SuiteRunner.java:380)
	at org.testng.SuiteRunner.runSequentially(SuiteRunner.java:375)
	at org.testng.SuiteRunner.privateRun(SuiteRunner.java:340)
	at org.testng.SuiteRunner.run(SuiteRunner.java:289)
	at org.testng.SuiteRunnerWorker.runSuite(SuiteRunnerWorker.java:52)
	at org.testng.SuiteRunnerWorker.run(SuiteRunnerWorker.java:86)
	at org.testng.TestNG.runSuitesSequentially(TestNG.java:1301)
	at org.testng.TestNG.runSuitesLocally(TestNG.java:1226)
	at org.testng.TestNG.runSuites(TestNG.java:1144)
	at org.testng.TestNG.run(TestNG.java:1115)
	at org.testng.remote.AbstractRemoteTestNG.run(AbstractRemoteTestNG.java:115)
	at org.testng.remote.RemoteTestNG.initAndRun(RemoteTestNG.java:251)
	at org.testng.remote.RemoteTestNG.main(RemoteTestNG.java:77)
</pre></div></td>
<td>33</td>
<td>EMS.TransportViewlet@29a5f4e7</td></tr>
</table><p>
<table width='100%' border='1' class='invocation-passed'>
<tr><td colspan='4' align='center'><b>PASSED TESTS</b></td></tr>
<tr><td><b>Test method</b></td>
<td width="30%"><b>Exception</b></td>
<td width="10%"><b>Time (seconds)</b></td>
<td><b>Instance</b></td>
</tr>
<tr>
<td title='EMS.TransportViewlet.AddTransportViewlet()'><b>AddTransportViewlet</b><br>Test class: EMS.TransportViewlet<br>Parameters: New Transport Viewlet, 7, org.testng.TestRunner@37ed010a<br/>
<a href="#Output-1027022907" onClick='toggleBox("Output-1027022907", this, "Show output", "Hide output");'>Show output</a>

<a href="#Output-1027022907" onClick="toggleAllBoxes();">Show all outputs</a>
<div class='log' id="Output-1027022907">
<br/><br/>
<img src=" F:\Automation\Navigator/Screenshots/ScreenshotsSuccess/AddTransportViewlet.png" alt="""/" /><br/>
</div>
</td>
<td></td>
<td>41</td>
<td>EMS.TransportViewlet@29a5f4e7</td></tr>
<tr>
<td title='EMS.TransportViewlet.Login()'><b>Login</b><br>Test class: EMS.TransportViewlet<br>Parameters: webdriver.chrome.driver, Drivers/chromedriver.exe, TransportViewlet Verification<br/>
<a href="#Output-2124978601" onClick='toggleBox("Output-2124978601", this, "Show output", "Hide output");'>Show output</a>

<a href="#Output-2124978601" onClick="toggleAllBoxes();">Show all outputs</a>
<div class='log' id="Output-2124978601">
<br/><br/>
<img src=" F:\Automation\Navigator/Screenshots/ScreenshotsSuccess/Login.png" alt="""/" /><br/>
</div>
</td>
<td></td>
<td>38</td>
<td>EMS.TransportViewlet@29a5f4e7</td></tr>
<tr>
<td title='EMS.TransportViewlet.Logout()'><b>Logout</b><br>Test class: EMS.TransportViewlet<br>Parameters: TransportViewlet Verification</td>
<td></td>
<td>27</td>
<td>EMS.TransportViewlet@29a5f4e7</td></tr>
<tr>
<td title='EMS.TransportViewlet.Properties()'><b>Properties</b><br>Test class: EMS.TransportViewlet<br>Parameters: TransportViewlet Verification, org.testng.TestRunner@37ed010a<br/>
<a href="#Output-863748063" onClick='toggleBox("Output-863748063", this, "Show output", "Hide output");'>Show output</a>

<a href="#Output-863748063" onClick="toggleAllBoxes();">Show all outputs</a>
<div class='log' id="Output-863748063">
<br/><br/>
<img src=" F:\Automation\Navigator/Screenshots/ScreenshotsSuccess/Properties.png" alt="""/" /><br/>
</div>
</td>
<td></td>
<td>16</td>
<td>EMS.TransportViewlet@29a5f4e7</td></tr>
<tr>
<td title='EMS.TransportViewlet.ShowObjectAttributesForTransport()'><b>ShowObjectAttributesForTransport</b><br>Test class: EMS.TransportViewlet<br>Parameters: TransportViewlet Verification, TransportSchema, org.testng.TestRunner@37ed010a<br/>
<a href="#Output-1267255950" onClick='toggleBox("Output-1267255950", this, "Show output", "Hide output");'>Show output</a>

<a href="#Output-1267255950" onClick="toggleAllBoxes();">Show all outputs</a>
<div class='log' id="Output-1267255950">
<br/><br/>
<img src=" F:\Automation\Navigator/Screenshots/ScreenshotsSuccess/ShowObjectAttributesForTransport.png" alt="""/" /><br/>
</div>
</td>
<td></td>
<td>82</td>
<td>EMS.TransportViewlet@29a5f4e7</td></tr>
<tr>
<td title='EMS.TransportViewlet.TransportEvents()'><b>TransportEvents</b><br>Test class: EMS.TransportViewlet<br>Parameters: TransportViewlet Verification, org.testng.TestRunner@37ed010a<br/>
<a href="#Output-1283906060" onClick='toggleBox("Output-1283906060", this, "Show output", "Hide output");'>Show output</a>

<a href="#Output-1283906060" onClick="toggleAllBoxes();">Show all outputs</a>
<div class='log' id="Output-1283906060">
<br/><br/>
<img src=" F:\Automation\Navigator/Screenshots/ScreenshotsSuccess/TransportEvents.png" alt="""/" /><br/>
</div>
</td>
<td></td>
<td>53</td>
<td>EMS.TransportViewlet@29a5f4e7</td></tr>
</table><p>
</body>
</html>