<html>
<head>
<title>TestNG:  Test Node Viewlet</title>
<link href="../testng.css" rel="stylesheet" type="text/css" />
<link href="../my-testng.css" rel="stylesheet" type="text/css" />

<style type="text/css">
.log { display: none;} 
.stack-trace { display: none;} 
</style>
<script type="text/javascript">
<!--
function flip(e) {
  current = e.style.display;
  if (current == 'block') {
    e.style.display = 'none';
    return 0;
  }
  else {
    e.style.display = 'block';
    return 1;
  }
}

function toggleBox(szDivId, elem, msg1, msg2)
{
  var res = -1;  if (document.getElementById) {
    res = flip(document.getElementById(szDivId));
  }
  else if (document.all) {
    // this is the way old msie versions work
    res = flip(document.all[szDivId]);
  }
  if(elem) {
    if(res == 0) elem.innerHTML = msg1; else elem.innerHTML = msg2;
  }

}

function toggleAllBoxes() {
  if (document.getElementsByTagName) {
    d = document.getElementsByTagName('div');
    for (i = 0; i < d.length; i++) {
      if (d[i].className == 'log') {
        flip(d[i]);
      }
    }
  }
}

// -->
</script>

</head>
<body>
<h2 align='center'>Test Node Viewlet</h2><table border='1' align="center">
<tr>
<td>Tests passed/Failed/Skipped:</td><td>11/1/0</td>
</tr><tr>
<td>Started on:</td><td>Tue May 16 12:57:21 IST 2023</td>
</tr>
<tr><td>Total time:</td><td>747 seconds (747373 ms)</td>
</tr><tr>
<td>Included groups:</td><td></td>
</tr><tr>
<td>Excluded groups:</td><td></td>
</tr>
</table><p/>
<small><i>(Hover the method name to see the test class name)</i></small><p/>
<table width='100%' border='1' class='invocation-failed'>
<tr><td colspan='4' align='center'><b>FAILED TESTS</b></td></tr>
<tr><td><b>Test method</b></td>
<td width="30%"><b>Exception</b></td>
<td width="10%"><b>Time (seconds)</b></td>
<td><b>Instance</b></td>
</tr>
<tr>
<td title='ApodGUI.NodeViewlet.ShowObjectAttributesforNode()'><b>ShowObjectAttributesforNode</b><br>Test class: ApodGUI.NodeViewlet<br>Parameters: Node, NodeSchema, org.testng.TestRunner@28501a4b<br/>
<a href="#Output-361948480" onClick='toggleBox("Output-361948480", this, "Show output", "Hide output");'>Show output</a>

<a href="#Output-361948480" onClick="toggleAllBoxes();">Show all outputs</a>
<div class='log' id="Output-361948480">
<br/>Failed to execute method: ShowObjectAttributesforNode<br/><br/>
<br/><br/>
<img src=" E:\Automation\Navigator/Screenshots/ScreenshotsFailure/ShowObjectAttributesforNode.png" alt="""/" /><br/>
</div>
</td>
<td><div><pre>org.openqa.selenium.NoSuchElementException: no such element: Unable to locate element: {&quot;method&quot;:&quot;css selector&quot;,&quot;selector&quot;:&quot;#Attributes\ failed&quot;}
  (Session info: chrome=113.0.5672.93)
For documentation on this error, please visit: https://selenium.dev/exceptions/#no_such_element
Build info: version: &apos;4.1.3&apos;, revision: &apos;7b1ebf28ef&apos;
System info: host: &apos;DESKTOP-K4AEKHO&apos;, ip: &apos;172.29.97.212&apos;, os.name: &apos;Windows 10&apos;, os.arch: &apos;amd64&apos;, os.version: &apos;10.0&apos;, java.version: &apos;11.0.16&apos;
Driver info: org.openqa.selenium.chrome.ChromeDriver
Command: [2b4c8cd9768ed4a8d80eae5831129c94, findElement {using=id, value=Attributes failed}]
Capabilities {acceptInsecureCerts: false, browserName: chrome, browserVersion: 113.0.5672.93, chrome: {chromedriverVersion: 113.0.5672.63 (0e1a4471d5ae..., userDataDir: C:\Users\Lenovo\AppData\Loc...}, goog:chromeOptions: {debuggerAddress: localhost:57355}, javascriptEnabled: true, networkConnectionEnabled: false, pageLoadStrategy: normal, platform: WINDOWS, platformName: WINDOWS, proxy: Proxy(), se:cdp: ws://localhost:57355/devtoo..., se:cdpVersion: 113.0.5672.93, setWindowRect: true, strictFileInteractability: false, timeouts: {implicit: 0, pageLoad: 300000, script: 30000}, unhandledPromptBehavior: dismiss and notify, webauthn:extension:credBlob: true, webauthn:extension:largeBlob: true, webauthn:extension:minPinLength: true, webauthn:extension:prf: true, webauthn:virtualAuthenticators: true}
Session ID: 2b4c8cd9768ed4a8d80eae5831129c94
	at org.openqa.selenium.remote.codec.w3c.W3CHttpResponseCodec.createException(W3CHttpResponseCodec.java:200)
	at org.openqa.selenium.remote.codec.w3c.W3CHttpResponseCodec.decode(W3CHttpResponseCodec.java:133)
	at org.openqa.selenium.remote.codec.w3c.W3CHttpResponseCodec.decode(W3CHttpResponseCodec.java:53)
	at org.openqa.selenium.remote.HttpCommandExecutor.execute(HttpCommandExecutor.java:184)
	at org.openqa.selenium.remote.service.DriverCommandExecutor.invokeExecute(DriverCommandExecutor.java:167)
	at org.openqa.selenium.remote.service.DriverCommandExecutor.execute(DriverCommandExecutor.java:142)
	at org.openqa.selenium.remote.RemoteWebDriver.execute(RemoteWebDriver.java:567)
	at org.openqa.selenium.remote.ElementLocation$ElementFinder$2.findElement(ElementLocation.java:162)
	at org.openqa.selenium.remote.ElementLocation.findElement(ElementLocation.java:60)
	at org.openqa.selenium.remote.RemoteWebDriver.findElement(RemoteWebDriver.java:385)
	at org.openqa.selenium.remote.RemoteWebDriver.findElement(RemoteWebDriver.java:377)
	at ApodGUI.NodeViewlet.ShowObjectAttributesforNode(NodeViewlet.java:173)
	at java.base/java.util.ArrayList.forEach(ArrayList.java:1541)
... Removed 31 stack frames</pre></div><a href='#' onClick='toggleBox("stack-trace361948480", this, "Click to show all stack frames", "Click to hide stack frames")'>Click to show all stack frames</a>
<div class='stack-trace' id='stack-trace361948480'><pre>org.openqa.selenium.NoSuchElementException: no such element: Unable to locate element: {&quot;method&quot;:&quot;css selector&quot;,&quot;selector&quot;:&quot;#Attributes\ failed&quot;}
  (Session info: chrome=113.0.5672.93)
For documentation on this error, please visit: https://selenium.dev/exceptions/#no_such_element
Build info: version: &apos;4.1.3&apos;, revision: &apos;7b1ebf28ef&apos;
System info: host: &apos;DESKTOP-K4AEKHO&apos;, ip: &apos;172.29.97.212&apos;, os.name: &apos;Windows 10&apos;, os.arch: &apos;amd64&apos;, os.version: &apos;10.0&apos;, java.version: &apos;11.0.16&apos;
Driver info: org.openqa.selenium.chrome.ChromeDriver
Command: [2b4c8cd9768ed4a8d80eae5831129c94, findElement {using=id, value=Attributes failed}]
Capabilities {acceptInsecureCerts: false, browserName: chrome, browserVersion: 113.0.5672.93, chrome: {chromedriverVersion: 113.0.5672.63 (0e1a4471d5ae..., userDataDir: C:\Users\Lenovo\AppData\Loc...}, goog:chromeOptions: {debuggerAddress: localhost:57355}, javascriptEnabled: true, networkConnectionEnabled: false, pageLoadStrategy: normal, platform: WINDOWS, platformName: WINDOWS, proxy: Proxy(), se:cdp: ws://localhost:57355/devtoo..., se:cdpVersion: 113.0.5672.93, setWindowRect: true, strictFileInteractability: false, timeouts: {implicit: 0, pageLoad: 300000, script: 30000}, unhandledPromptBehavior: dismiss and notify, webauthn:extension:credBlob: true, webauthn:extension:largeBlob: true, webauthn:extension:minPinLength: true, webauthn:extension:prf: true, webauthn:virtualAuthenticators: true}
Session ID: 2b4c8cd9768ed4a8d80eae5831129c94
	at java.base/jdk.internal.reflect.NativeConstructorAccessorImpl.newInstance0(Native Method)
	at java.base/jdk.internal.reflect.NativeConstructorAccessorImpl.newInstance(NativeConstructorAccessorImpl.java:62)
	at java.base/jdk.internal.reflect.DelegatingConstructorAccessorImpl.newInstance(DelegatingConstructorAccessorImpl.java:45)
	at java.base/java.lang.reflect.Constructor.newInstance(Constructor.java:490)
	at org.openqa.selenium.remote.codec.w3c.W3CHttpResponseCodec.createException(W3CHttpResponseCodec.java:200)
	at org.openqa.selenium.remote.codec.w3c.W3CHttpResponseCodec.decode(W3CHttpResponseCodec.java:133)
	at org.openqa.selenium.remote.codec.w3c.W3CHttpResponseCodec.decode(W3CHttpResponseCodec.java:53)
	at org.openqa.selenium.remote.HttpCommandExecutor.execute(HttpCommandExecutor.java:184)
	at org.openqa.selenium.remote.service.DriverCommandExecutor.invokeExecute(DriverCommandExecutor.java:167)
	at org.openqa.selenium.remote.service.DriverCommandExecutor.execute(DriverCommandExecutor.java:142)
	at org.openqa.selenium.remote.RemoteWebDriver.execute(RemoteWebDriver.java:567)
	at org.openqa.selenium.remote.ElementLocation$ElementFinder$2.findElement(ElementLocation.java:162)
	at org.openqa.selenium.remote.ElementLocation.findElement(ElementLocation.java:60)
	at org.openqa.selenium.remote.RemoteWebDriver.findElement(RemoteWebDriver.java:385)
	at org.openqa.selenium.remote.RemoteWebDriver.findElement(RemoteWebDriver.java:377)
	at ApodGUI.NodeViewlet.ShowObjectAttributesforNode(NodeViewlet.java:173)
	at java.base/jdk.internal.reflect.NativeMethodAccessorImpl.invoke0(Native Method)
	at java.base/jdk.internal.reflect.NativeMethodAccessorImpl.invoke(NativeMethodAccessorImpl.java:62)
	at java.base/jdk.internal.reflect.DelegatingMethodAccessorImpl.invoke(DelegatingMethodAccessorImpl.java:43)
	at java.base/java.lang.reflect.Method.invoke(Method.java:566)
	at org.testng.internal.MethodInvocationHelper.invokeMethod(MethodInvocationHelper.java:132)
	at org.testng.internal.TestInvoker.invokeMethod(TestInvoker.java:599)
	at org.testng.internal.TestInvoker.invokeTestMethod(TestInvoker.java:174)
	at org.testng.internal.MethodRunner.runInSequence(MethodRunner.java:46)
	at org.testng.internal.TestInvoker$MethodInvocationAgent.invoke(TestInvoker.java:822)
	at org.testng.internal.TestInvoker.invokeTestMethods(TestInvoker.java:147)
	at org.testng.internal.TestMethodWorker.invokeTestMethods(TestMethodWorker.java:146)
	at org.testng.internal.TestMethodWorker.run(TestMethodWorker.java:128)
	at java.base/java.util.ArrayList.forEach(ArrayList.java:1541)
	at org.testng.TestRunner.privateRun(TestRunner.java:764)
	at org.testng.TestRunner.run(TestRunner.java:585)
	at org.testng.SuiteRunner.runTest(SuiteRunner.java:384)
	at org.testng.SuiteRunner.runSequentially(SuiteRunner.java:378)
	at org.testng.SuiteRunner.privateRun(SuiteRunner.java:337)
	at org.testng.SuiteRunner.run(SuiteRunner.java:286)
	at org.testng.SuiteRunnerWorker.runSuite(SuiteRunnerWorker.java:53)
	at org.testng.SuiteRunnerWorker.run(SuiteRunnerWorker.java:96)
	at org.testng.TestNG.runSuitesSequentially(TestNG.java:1218)
	at org.testng.TestNG.runSuitesLocally(TestNG.java:1140)
	at org.testng.TestNG.runSuites(TestNG.java:1069)
	at org.testng.TestNG.run(TestNG.java:1037)
	at org.testng.remote.AbstractRemoteTestNG.run(AbstractRemoteTestNG.java:115)
	at org.testng.remote.RemoteTestNG.initAndRun(RemoteTestNG.java:251)
	at org.testng.remote.RemoteTestNG.main(RemoteTestNG.java:77)
</pre></div></td>
<td>47</td>
<td>ApodGUI.NodeViewlet@27f981c6</td></tr>
</table><p>
<table width='100%' border='1' class='invocation-passed'>
<tr><td colspan='4' align='center'><b>PASSED TESTS</b></td></tr>
<tr><td><b>Test method</b></td>
<td width="30%"><b>Exception</b></td>
<td width="10%"><b>Time (seconds)</b></td>
<td><b>Instance</b></td>
</tr>
<tr>
<td title='ApodGUI.NodeViewlet.CreateNodeUsingIcon()'><b>CreateNodeUsingIcon</b><br>Test class: ApodGUI.NodeViewlet<br>Parameters: Node, org.testng.TestRunner@28501a4b<br/>
<a href="#Output-1538844412" onClick='toggleBox("Output-1538844412", this, "Show output", "Hide output");'>Show output</a>

<a href="#Output-1538844412" onClick="toggleAllBoxes();">Show all outputs</a>
<div class='log' id="Output-1538844412">
<br/><br/>
<img src=" E:\Automation\Navigator/Screenshots/ScreenshotsSuccess/CreateNodeUsingIcon.png" alt="""/" /><br/>
</div>
</td>
<td></td>
<td>89</td>
<td>ApodGUI.NodeViewlet@27f981c6</td></tr>
<tr>
<td title='ApodGUI.NodeViewlet.CreateQueueManagerFromNodeViewletOptions()'><b>CreateQueueManagerFromNodeViewletOptions</b><br>Test class: ApodGUI.NodeViewlet<br>Parameters: Node, Test Manager From options, org.testng.TestRunner@28501a4b<br/>
<a href="#Output-1669417918" onClick='toggleBox("Output-1669417918", this, "Show output", "Hide output");'>Show output</a>

<a href="#Output-1669417918" onClick="toggleAllBoxes();">Show all outputs</a>
<div class='log' id="Output-1669417918">
<br/><br/>
<img src=" E:\Automation\Navigator/Screenshots/ScreenshotsSuccess/CreateQueueManagerFromNodeViewletOptions.png" alt="""/" /><br/>
</div>
</td>
<td></td>
<td>140</td>
<td>ApodGUI.NodeViewlet@27f981c6</td></tr>
<tr>
<td title='ApodGUI.NodeViewlet.DeleteNode()'><b>DeleteNode</b><br>Test class: ApodGUI.NodeViewlet<br>Parameters: Node, org.testng.TestRunner@28501a4b<br/>
<a href="#Output-1799199800" onClick='toggleBox("Output-1799199800", this, "Show output", "Hide output");'>Show output</a>

<a href="#Output-1799199800" onClick="toggleAllBoxes();">Show all outputs</a>
<div class='log' id="Output-1799199800">
<br/><br/>
<img src=" E:\Automation\Navigator/Screenshots/ScreenshotsSuccess/DeleteNode.png" alt="""/" /><br/>
</div>
</td>
<td></td>
<td>47</td>
<td>ApodGUI.NodeViewlet@27f981c6</td></tr>
<tr>
<td title='ApodGUI.NodeViewlet.DiscoverNow()'><b>DiscoverNow</b><br>Test class: ApodGUI.NodeViewlet<br>Parameters: Node, org.testng.TestRunner@28501a4b<br/>
<a href="#Output-1330143761" onClick='toggleBox("Output-1330143761", this, "Show output", "Hide output");'>Show output</a>

<a href="#Output-1330143761" onClick="toggleAllBoxes();">Show all outputs</a>
<div class='log' id="Output-1330143761">
<br/><br/>
<img src=" E:\Automation\Navigator/Screenshots/ScreenshotsSuccess/DiscoverNow.png" alt="""/" /><br/>
</div>
</td>
<td></td>
<td>41</td>
<td>ApodGUI.NodeViewlet@27f981c6</td></tr>
<tr>
<td title='ApodGUI.NodeViewlet.Login()'><b>Login</b><br>Test class: ApodGUI.NodeViewlet<br>Parameters: webdriver.chrome.driver, Drivers/chromedriver.exe, Node, 1, Node viewlet<br/>
<a href="#Output-382252989" onClick='toggleBox("Output-382252989", this, "Show output", "Hide output");'>Show output</a>

<a href="#Output-382252989" onClick="toggleAllBoxes();">Show all outputs</a>
<div class='log' id="Output-382252989">
Url to test<br/>
Maximizing the window<br/>
<br/><br/>
<img src=" E:\Automation\Navigator/Screenshots/ScreenshotsSuccess/Login.png" alt="""/" /><br/>
</div>
</td>
<td></td>
<td>78</td>
<td>ApodGUI.NodeViewlet@27f981c6</td></tr>
<tr>
<td title='ApodGUI.NodeViewlet.Logout()'><b>Logout</b><br>Test class: ApodGUI.NodeViewlet<br>Parameters: Node</td>
<td></td>
<td>26</td>
<td>ApodGUI.NodeViewlet@27f981c6</td></tr>
<tr>
<td title='ApodGUI.NodeViewlet.ManageAndUnmanageNode()'><b>ManageAndUnmanageNode</b><br>Test class: ApodGUI.NodeViewlet<br>Parameters: Node, org.testng.TestRunner@28501a4b<br/>
<a href="#Output-108012266" onClick='toggleBox("Output-108012266", this, "Show output", "Hide output");'>Show output</a>

<a href="#Output-108012266" onClick="toggleAllBoxes();">Show all outputs</a>
<div class='log' id="Output-108012266">
<br/><br/>
<img src=" E:\Automation\Navigator/Screenshots/ScreenshotsSuccess/ManageAndUnmanageNode.png" alt="""/" /><br/>
</div>
</td>
<td></td>
<td>36</td>
<td>ApodGUI.NodeViewlet@27f981c6</td></tr>
<tr>
<td title='ApodGUI.NodeViewlet.NodeEvents()'><b>NodeEvents</b><br>Test class: ApodGUI.NodeViewlet<br>Parameters: Node, org.testng.TestRunner@28501a4b<br/>
<a href="#Output-1812530678" onClick='toggleBox("Output-1812530678", this, "Show output", "Hide output");'>Show output</a>

<a href="#Output-1812530678" onClick="toggleAllBoxes();">Show all outputs</a>
<div class='log' id="Output-1812530678">
<br/><br/>
<img src=" E:\Automation\Navigator/Screenshots/ScreenshotsSuccess/NodeEvents.png" alt="""/" /><br/>
</div>
</td>
<td></td>
<td>65</td>
<td>ApodGUI.NodeViewlet@27f981c6</td></tr>
<tr>
<td title='ApodGUI.NodeViewlet.PropertiesOfNode()'><b>PropertiesOfNode</b><br>Test class: ApodGUI.NodeViewlet<br>Parameters: Node, org.testng.TestRunner@28501a4b<br/>
<a href="#Output-1935707824" onClick='toggleBox("Output-1935707824", this, "Show output", "Hide output");'>Show output</a>

<a href="#Output-1935707824" onClick="toggleAllBoxes();">Show all outputs</a>
<div class='log' id="Output-1935707824">
<br/><br/>
<img src=" E:\Automation\Navigator/Screenshots/ScreenshotsSuccess/PropertiesOfNode.png" alt="""/" /><br/>
</div>
</td>
<td></td>
<td>72</td>
<td>ApodGUI.NodeViewlet@27f981c6</td></tr>
<tr>
<td title='ApodGUI.NodeViewlet.SearchFilter()'><b>SearchFilter</b><br>Test class: ApodGUI.NodeViewlet<br>Parameters: Node, org.testng.TestRunner@28501a4b<br/>
<a href="#Output-936045786" onClick='toggleBox("Output-936045786", this, "Show output", "Hide output");'>Show output</a>

<a href="#Output-936045786" onClick="toggleAllBoxes();">Show all outputs</a>
<div class='log' id="Output-936045786">
<br/><br/>
<img src=" E:\Automation\Navigator/Screenshots/ScreenshotsSuccess/SearchFilter.png" alt="""/" /><br/>
</div>
</td>
<td></td>
<td>25</td>
<td>ApodGUI.NodeViewlet@27f981c6</td></tr>
<tr>
<td title='ApodGUI.NodeViewlet.ShowTopology()'><b>ShowTopology</b><br>Test class: ApodGUI.NodeViewlet<br>Parameters: Node, org.testng.TestRunner@28501a4b<br/>
<a href="#Output-1272257854" onClick='toggleBox("Output-1272257854", this, "Show output", "Hide output");'>Show output</a>

<a href="#Output-1272257854" onClick="toggleAllBoxes();">Show all outputs</a>
<div class='log' id="Output-1272257854">
<br/><br/>
<img src=" E:\Automation\Navigator/Screenshots/ScreenshotsSuccess/ShowTopology.png" alt="""/" /><br/>
</div>
</td>
<td></td>
<td>51</td>
<td>ApodGUI.NodeViewlet@27f981c6</td></tr>
</table><p>
</body>
</html>