<html>
<head>
<title>TestNG:  Test Auth Info Viewlet</title>
<link href="../testng.css" rel="stylesheet" type="text/css" />
<link href="../my-testng.css" rel="stylesheet" type="text/css" />

<style type="text/css">
.log { display: none;} 
.stack-trace { display: none;} 
</style>
<script type="text/javascript">
<!--
function flip(e) {
  current = e.style.display;
  if (current == 'block') {
    e.style.display = 'none';
    return 0;
  }
  else {
    e.style.display = 'block';
    return 1;
  }
}

function toggleBox(szDivId, elem, msg1, msg2)
{
  var res = -1;  if (document.getElementById) {
    res = flip(document.getElementById(szDivId));
  }
  else if (document.all) {
    // this is the way old msie versions work
    res = flip(document.all[szDivId]);
  }
  if(elem) {
    if(res == 0) elem.innerHTML = msg1; else elem.innerHTML = msg2;
  }

}

function toggleAllBoxes() {
  if (document.getElementsByTagName) {
    d = document.getElementsByTagName('div');
    for (i = 0; i < d.length; i++) {
      if (d[i].className == 'log') {
        flip(d[i]);
      }
    }
  }
}

// -->
</script>

</head>
<body>
<h2 align='center'>Test Auth Info Viewlet</h2><table border='1' align="center">
<tr>
<td>Tests passed/Failed/Skipped:</td><td>11/1/0</td>
</tr><tr>
<td>Started on:</td><td>Mon Jan 30 15:33:02 IST 2023</td>
</tr>
<tr><td>Total time:</td><td>695 seconds (695673 ms)</td>
</tr><tr>
<td>Included groups:</td><td></td>
</tr><tr>
<td>Excluded groups:</td><td></td>
</tr>
</table><p/>
<small><i>(Hover the method name to see the test class name)</i></small><p/>
<table width='100%' border='1' class='invocation-failed'>
<tr><td colspan='4' align='center'><b>FAILED TESTS</b></td></tr>
<tr><td><b>Test method</b></td>
<td width="30%"><b>Exception</b></td>
<td width="10%"><b>Time (seconds)</b></td>
<td><b>Instance</b></td>
</tr>
<tr>
<td title='ApodGUI.AuthorizationInfoViewlet.ShowObjectAttributesForAuthInfo()'><b>ShowObjectAttributesForAuthInfo</b><br>Test class: ApodGUI.AuthorizationInfoViewlet<br>Parameters: AuthInfo Verification, Attributes, AuthinfoSchema, org.testng.TestRunner@6869a3b3<br/>
<a href="#Output-1746061516" onClick='toggleBox("Output-1746061516", this, "Show output", "Hide output");'>Show output</a>

<a href="#Output-1746061516" onClick="toggleAllBoxes();">Show all outputs</a>
<div class='log' id="Output-1746061516">
<br/>Failed to execute method: ShowObjectAttributesForAuthInfo<br/><br/>
<br/><br/>
<img src=" E:\Automation\Navigator/Screenshots/ScreenshotsFailure/ShowObjectAttributesForAuthInfo.png" alt="""/" /><br/>
</div>
</td>
<td><div><pre>org.openqa.selenium.NoSuchElementException: no such element: Unable to locate element: {&quot;method&quot;:&quot;css selector&quot;,&quot;selector&quot;:&quot;#Attributes\ failed&quot;}
  (Session info: chrome=109.0.5414.120)
For documentation on this error, please visit: https://selenium.dev/exceptions/#no_such_element
Build info: version: &apos;4.1.3&apos;, revision: &apos;7b1ebf28ef&apos;
System info: host: &apos;DESKTOP-K4AEKHO&apos;, ip: &apos;172.16.31.142&apos;, os.name: &apos;Windows 10&apos;, os.arch: &apos;amd64&apos;, os.version: &apos;10.0&apos;, java.version: &apos;11.0.16&apos;
Driver info: org.openqa.selenium.chrome.ChromeDriver
Command: [1ce374a4d95a2deebc51b0ab4ce8cd8c, findElement {using=id, value=Attributes failed}]
Capabilities {acceptInsecureCerts: false, browserName: chrome, browserVersion: 109.0.5414.120, chrome: {chromedriverVersion: 108.0.5359.71 (1e0e3868ee06..., userDataDir: C:\Users\Lenovo\AppData\Loc...}, goog:chromeOptions: {debuggerAddress: localhost:61174}, javascriptEnabled: true, networkConnectionEnabled: false, pageLoadStrategy: normal, platform: WINDOWS, platformName: WINDOWS, proxy: Proxy(), se:cdp: ws://localhost:61174/devtoo..., se:cdpVersion: 109.0.5414.120, setWindowRect: true, strictFileInteractability: false, timeouts: {implicit: 0, pageLoad: 300000, script: 30000}, unhandledPromptBehavior: dismiss and notify, webauthn:extension:credBlob: true, webauthn:extension:largeBlob: true, webauthn:virtualAuthenticators: true}
Session ID: 1ce374a4d95a2deebc51b0ab4ce8cd8c
	at org.openqa.selenium.remote.codec.w3c.W3CHttpResponseCodec.createException(W3CHttpResponseCodec.java:200)
	at org.openqa.selenium.remote.codec.w3c.W3CHttpResponseCodec.decode(W3CHttpResponseCodec.java:133)
	at org.openqa.selenium.remote.codec.w3c.W3CHttpResponseCodec.decode(W3CHttpResponseCodec.java:53)
	at org.openqa.selenium.remote.HttpCommandExecutor.execute(HttpCommandExecutor.java:184)
	at org.openqa.selenium.remote.service.DriverCommandExecutor.invokeExecute(DriverCommandExecutor.java:167)
	at org.openqa.selenium.remote.service.DriverCommandExecutor.execute(DriverCommandExecutor.java:142)
	at org.openqa.selenium.remote.RemoteWebDriver.execute(RemoteWebDriver.java:567)
	at org.openqa.selenium.remote.ElementLocation$ElementFinder$2.findElement(ElementLocation.java:162)
	at org.openqa.selenium.remote.ElementLocation.findElement(ElementLocation.java:60)
	at org.openqa.selenium.remote.RemoteWebDriver.findElement(RemoteWebDriver.java:385)
	at org.openqa.selenium.remote.RemoteWebDriver.findElement(RemoteWebDriver.java:377)
	at ApodGUI.AuthorizationInfoViewlet.ShowObjectAttributesForAuthInfo(AuthorizationInfoViewlet.java:282)
	at java.base/java.util.ArrayList.forEach(ArrayList.java:1541)
... Removed 31 stack frames</pre></div><a href='#' onClick='toggleBox("stack-trace1746061516", this, "Click to show all stack frames", "Click to hide stack frames")'>Click to show all stack frames</a>
<div class='stack-trace' id='stack-trace1746061516'><pre>org.openqa.selenium.NoSuchElementException: no such element: Unable to locate element: {&quot;method&quot;:&quot;css selector&quot;,&quot;selector&quot;:&quot;#Attributes\ failed&quot;}
  (Session info: chrome=109.0.5414.120)
For documentation on this error, please visit: https://selenium.dev/exceptions/#no_such_element
Build info: version: &apos;4.1.3&apos;, revision: &apos;7b1ebf28ef&apos;
System info: host: &apos;DESKTOP-K4AEKHO&apos;, ip: &apos;172.16.31.142&apos;, os.name: &apos;Windows 10&apos;, os.arch: &apos;amd64&apos;, os.version: &apos;10.0&apos;, java.version: &apos;11.0.16&apos;
Driver info: org.openqa.selenium.chrome.ChromeDriver
Command: [1ce374a4d95a2deebc51b0ab4ce8cd8c, findElement {using=id, value=Attributes failed}]
Capabilities {acceptInsecureCerts: false, browserName: chrome, browserVersion: 109.0.5414.120, chrome: {chromedriverVersion: 108.0.5359.71 (1e0e3868ee06..., userDataDir: C:\Users\Lenovo\AppData\Loc...}, goog:chromeOptions: {debuggerAddress: localhost:61174}, javascriptEnabled: true, networkConnectionEnabled: false, pageLoadStrategy: normal, platform: WINDOWS, platformName: WINDOWS, proxy: Proxy(), se:cdp: ws://localhost:61174/devtoo..., se:cdpVersion: 109.0.5414.120, setWindowRect: true, strictFileInteractability: false, timeouts: {implicit: 0, pageLoad: 300000, script: 30000}, unhandledPromptBehavior: dismiss and notify, webauthn:extension:credBlob: true, webauthn:extension:largeBlob: true, webauthn:virtualAuthenticators: true}
Session ID: 1ce374a4d95a2deebc51b0ab4ce8cd8c
	at java.base/jdk.internal.reflect.NativeConstructorAccessorImpl.newInstance0(Native Method)
	at java.base/jdk.internal.reflect.NativeConstructorAccessorImpl.newInstance(NativeConstructorAccessorImpl.java:62)
	at java.base/jdk.internal.reflect.DelegatingConstructorAccessorImpl.newInstance(DelegatingConstructorAccessorImpl.java:45)
	at java.base/java.lang.reflect.Constructor.newInstance(Constructor.java:490)
	at org.openqa.selenium.remote.codec.w3c.W3CHttpResponseCodec.createException(W3CHttpResponseCodec.java:200)
	at org.openqa.selenium.remote.codec.w3c.W3CHttpResponseCodec.decode(W3CHttpResponseCodec.java:133)
	at org.openqa.selenium.remote.codec.w3c.W3CHttpResponseCodec.decode(W3CHttpResponseCodec.java:53)
	at org.openqa.selenium.remote.HttpCommandExecutor.execute(HttpCommandExecutor.java:184)
	at org.openqa.selenium.remote.service.DriverCommandExecutor.invokeExecute(DriverCommandExecutor.java:167)
	at org.openqa.selenium.remote.service.DriverCommandExecutor.execute(DriverCommandExecutor.java:142)
	at org.openqa.selenium.remote.RemoteWebDriver.execute(RemoteWebDriver.java:567)
	at org.openqa.selenium.remote.ElementLocation$ElementFinder$2.findElement(ElementLocation.java:162)
	at org.openqa.selenium.remote.ElementLocation.findElement(ElementLocation.java:60)
	at org.openqa.selenium.remote.RemoteWebDriver.findElement(RemoteWebDriver.java:385)
	at org.openqa.selenium.remote.RemoteWebDriver.findElement(RemoteWebDriver.java:377)
	at ApodGUI.AuthorizationInfoViewlet.ShowObjectAttributesForAuthInfo(AuthorizationInfoViewlet.java:282)
	at java.base/jdk.internal.reflect.NativeMethodAccessorImpl.invoke0(Native Method)
	at java.base/jdk.internal.reflect.NativeMethodAccessorImpl.invoke(NativeMethodAccessorImpl.java:62)
	at java.base/jdk.internal.reflect.DelegatingMethodAccessorImpl.invoke(DelegatingMethodAccessorImpl.java:43)
	at java.base/java.lang.reflect.Method.invoke(Method.java:566)
	at org.testng.internal.MethodInvocationHelper.invokeMethod(MethodInvocationHelper.java:132)
	at org.testng.internal.TestInvoker.invokeMethod(TestInvoker.java:599)
	at org.testng.internal.TestInvoker.invokeTestMethod(TestInvoker.java:174)
	at org.testng.internal.MethodRunner.runInSequence(MethodRunner.java:46)
	at org.testng.internal.TestInvoker$MethodInvocationAgent.invoke(TestInvoker.java:822)
	at org.testng.internal.TestInvoker.invokeTestMethods(TestInvoker.java:147)
	at org.testng.internal.TestMethodWorker.invokeTestMethods(TestMethodWorker.java:146)
	at org.testng.internal.TestMethodWorker.run(TestMethodWorker.java:128)
	at java.base/java.util.ArrayList.forEach(ArrayList.java:1541)
	at org.testng.TestRunner.privateRun(TestRunner.java:764)
	at org.testng.TestRunner.run(TestRunner.java:585)
	at org.testng.SuiteRunner.runTest(SuiteRunner.java:384)
	at org.testng.SuiteRunner.runSequentially(SuiteRunner.java:378)
	at org.testng.SuiteRunner.privateRun(SuiteRunner.java:337)
	at org.testng.SuiteRunner.run(SuiteRunner.java:286)
	at org.testng.SuiteRunnerWorker.runSuite(SuiteRunnerWorker.java:53)
	at org.testng.SuiteRunnerWorker.run(SuiteRunnerWorker.java:96)
	at org.testng.TestNG.runSuitesSequentially(TestNG.java:1218)
	at org.testng.TestNG.runSuitesLocally(TestNG.java:1140)
	at org.testng.TestNG.runSuites(TestNG.java:1069)
	at org.testng.TestNG.run(TestNG.java:1037)
	at org.testng.remote.AbstractRemoteTestNG.run(AbstractRemoteTestNG.java:115)
	at org.testng.remote.RemoteTestNG.initAndRun(RemoteTestNG.java:251)
	at org.testng.remote.RemoteTestNG.main(RemoteTestNG.java:77)
</pre></div></td>
<td>62</td>
<td>ApodGUI.AuthorizationInfoViewlet@201a4587</td></tr>
</table><p>
<table width='100%' border='1' class='invocation-passed'>
<tr><td colspan='4' align='center'><b>PASSED TESTS</b></td></tr>
<tr><td><b>Test method</b></td>
<td width="30%"><b>Exception</b></td>
<td width="10%"><b>Time (seconds)</b></td>
<td><b>Instance</b></td>
</tr>
<tr>
<td title='ApodGUI.AuthorizationInfoViewlet.AddAuthInfoViewlet()'><b>AddAuthInfoViewlet</b><br>Test class: ApodGUI.AuthorizationInfoViewlet<br>Parameters: New AuthInfo Viewlet, 10, org.testng.TestRunner@6869a3b3<br/>
<a href="#Output-243596165" onClick='toggleBox("Output-243596165", this, "Show output", "Hide output");'>Show output</a>

<a href="#Output-243596165" onClick="toggleAllBoxes();">Show all outputs</a>
<div class='log' id="Output-243596165">
<br/><br/>
<img src=" E:\Automation\Navigator/Screenshots/ScreenshotsSuccess/AddAuthInfoViewlet.png" alt="""/" /><br/>
</div>
</td>
<td></td>
<td>50</td>
<td>ApodGUI.AuthorizationInfoViewlet@201a4587</td></tr>
<tr>
<td title='ApodGUI.AuthorizationInfoViewlet.AddToFavoriteForMultipleAuthInfo()'><b>AddToFavoriteForMultipleAuthInfo</b><br>Test class: ApodGUI.AuthorizationInfoViewlet<br>Parameters: AuthInfo Verification, AuthInfo Favorite viewlet, org.testng.TestRunner@6869a3b3<br/>
<a href="#Output-2042235503" onClick='toggleBox("Output-2042235503", this, "Show output", "Hide output");'>Show output</a>

<a href="#Output-2042235503" onClick="toggleAllBoxes();">Show all outputs</a>
<div class='log' id="Output-2042235503">
<br/><br/>
<img src=" E:\Automation\Navigator/Screenshots/ScreenshotsSuccess/AddToFavoriteForMultipleAuthInfo.png" alt="""/" /><br/>
</div>
</td>
<td></td>
<td>52</td>
<td>ApodGUI.AuthorizationInfoViewlet@201a4587</td></tr>
<tr>
<td title='ApodGUI.AuthorizationInfoViewlet.AddToFavoriteViewlet()'><b>AddToFavoriteViewlet</b><br>Test class: ApodGUI.AuthorizationInfoViewlet<br>Parameters: AuthInfo Favorite viewlet, AuthInfo Verification, org.testng.TestRunner@6869a3b3<br/>
<a href="#Output-658781536" onClick='toggleBox("Output-658781536", this, "Show output", "Hide output");'>Show output</a>

<a href="#Output-658781536" onClick="toggleAllBoxes();">Show all outputs</a>
<div class='log' id="Output-658781536">
<br/><br/>
<img src=" E:\Automation\Navigator/Screenshots/ScreenshotsSuccess/AddToFavoriteViewlet.png" alt="""/" /><br/>
</div>
</td>
<td></td>
<td>109</td>
<td>ApodGUI.AuthorizationInfoViewlet@201a4587</td></tr>
<tr>
<td title='ApodGUI.AuthorizationInfoViewlet.AuthInfoEvents()'><b>AuthInfoEvents</b><br>Test class: ApodGUI.AuthorizationInfoViewlet<br>Parameters: AuthInfo Verification, org.testng.TestRunner@6869a3b3<br/>
<a href="#Output-74502531" onClick='toggleBox("Output-74502531", this, "Show output", "Hide output");'>Show output</a>

<a href="#Output-74502531" onClick="toggleAllBoxes();">Show all outputs</a>
<div class='log' id="Output-74502531">
<br/><br/>
<img src=" E:\Automation\Navigator/Screenshots/ScreenshotsSuccess/AuthInfoEvents.png" alt="""/" /><br/>
</div>
</td>
<td></td>
<td>56</td>
<td>ApodGUI.AuthorizationInfoViewlet@201a4587</td></tr>
<tr>
<td title='ApodGUI.AuthorizationInfoViewlet.CheckDifferencesForAuthInfos()'><b>CheckDifferencesForAuthInfos</b><br>Test class: ApodGUI.AuthorizationInfoViewlet<br>Parameters: org.testng.TestRunner@6869a3b3<br/>
<a href="#Output-992217213" onClick='toggleBox("Output-992217213", this, "Show output", "Hide output");'>Show output</a>

<a href="#Output-992217213" onClick="toggleAllBoxes();">Show all outputs</a>
<div class='log' id="Output-992217213">
<br/><br/>
<img src=" E:\Automation\Navigator/Screenshots/ScreenshotsSuccess/CheckDifferencesForAuthInfos.png" alt="""/" /><br/>
</div>
</td>
<td></td>
<td>56</td>
<td>ApodGUI.AuthorizationInfoViewlet@201a4587</td></tr>
<tr>
<td title='ApodGUI.AuthorizationInfoViewlet.CompareAuthInfo()'><b>CompareAuthInfo</b><br>Test class: ApodGUI.AuthorizationInfoViewlet<br>Parameters: org.testng.TestRunner@6869a3b3<br/>
<a href="#Output-1291832417" onClick='toggleBox("Output-1291832417", this, "Show output", "Hide output");'>Show output</a>

<a href="#Output-1291832417" onClick="toggleAllBoxes();">Show all outputs</a>
<div class='log' id="Output-1291832417">
<br/><br/>
<img src=" E:\Automation\Navigator/Screenshots/ScreenshotsSuccess/CompareAuthInfo.png" alt="""/" /><br/>
</div>
</td>
<td></td>
<td>64</td>
<td>ApodGUI.AuthorizationInfoViewlet@201a4587</td></tr>
<tr>
<td title='ApodGUI.AuthorizationInfoViewlet.Login()'><b>Login</b><br>Test class: ApodGUI.AuthorizationInfoViewlet<br>Parameters: webdriver.chrome.driver, Drivers/chromedriver.exe, AuthInfo Verification<br/>
<a href="#Output-774095232" onClick='toggleBox("Output-774095232", this, "Show output", "Hide output");'>Show output</a>

<a href="#Output-774095232" onClick="toggleAllBoxes();">Show all outputs</a>
<div class='log' id="Output-774095232">
<br/><br/>
<img src=" E:\Automation\Navigator/Screenshots/ScreenshotsSuccess/Login.png" alt="""/" /><br/>
</div>
</td>
<td></td>
<td>97</td>
<td>ApodGUI.AuthorizationInfoViewlet@201a4587</td></tr>
<tr>
<td title='ApodGUI.AuthorizationInfoViewlet.Logout()'><b>Logout</b><br>Test class: ApodGUI.AuthorizationInfoViewlet<br>Parameters: AuthInfo Verification</td>
<td></td>
<td>42</td>
<td>ApodGUI.AuthorizationInfoViewlet@201a4587</td></tr>
<tr>
<td title='ApodGUI.AuthorizationInfoViewlet.MQSCSnapshot()'><b>MQSCSnapshot</b><br>Test class: ApodGUI.AuthorizationInfoViewlet<br>Parameters: AuthInfo Verification, org.testng.TestRunner@6869a3b3<br/>
<a href="#Output-172711139" onClick='toggleBox("Output-172711139", this, "Show output", "Hide output");'>Show output</a>

<a href="#Output-172711139" onClick="toggleAllBoxes();">Show all outputs</a>
<div class='log' id="Output-172711139">
<br/><br/>
<img src=" E:\Automation\Navigator/Screenshots/ScreenshotsSuccess/MQSCSnapshot.png" alt="""/" /><br/>
</div>
</td>
<td></td>
<td>34</td>
<td>ApodGUI.AuthorizationInfoViewlet@201a4587</td></tr>
<tr>
<td title='ApodGUI.AuthorizationInfoViewlet.PropertieOfAuthInfo()'><b>PropertieOfAuthInfo</b><br>Test class: ApodGUI.AuthorizationInfoViewlet<br>Parameters: org.testng.TestRunner@6869a3b3<br/>
<a href="#Output-1585189917" onClick='toggleBox("Output-1585189917", this, "Show output", "Hide output");'>Show output</a>

<a href="#Output-1585189917" onClick="toggleAllBoxes();">Show all outputs</a>
<div class='log' id="Output-1585189917">
<br/><br/>
<img src=" E:\Automation\Navigator/Screenshots/ScreenshotsSuccess/PropertieOfAuthInfo.png" alt="""/" /><br/>
</div>
</td>
<td></td>
<td>32</td>
<td>ApodGUI.AuthorizationInfoViewlet@201a4587</td></tr>
<tr>
<td title='ApodGUI.AuthorizationInfoViewlet.SaveAuthinfoSnapshot()'><b>SaveAuthinfoSnapshot</b><br>Test class: ApodGUI.AuthorizationInfoViewlet<br>Parameters: org.testng.TestRunner@6869a3b3<br/>
<a href="#Output-1001946422" onClick='toggleBox("Output-1001946422", this, "Show output", "Hide output");'>Show output</a>

<a href="#Output-1001946422" onClick="toggleAllBoxes();">Show all outputs</a>
<div class='log' id="Output-1001946422">
<br/><br/>
<img src=" E:\Automation\Navigator/Screenshots/ScreenshotsSuccess/SaveAuthinfoSnapshot.png" alt="""/" /><br/>
</div>
</td>
<td></td>
<td>15</td>
<td>ApodGUI.AuthorizationInfoViewlet@201a4587</td></tr>
</table><p>
</body>
</html>