<?xml version="1.0" encoding="UTF-8"?>
<!-- Generated by org.testng.reporters.JUnitXMLReporter -->
<testsuite ignored="1" hostname="DESKTOP-9QJNAOQ" failures="1" tests="13" name="Test Bridge Viewlet" time="726.605" errors="0" timestamp="14 Feb 2022 07:58:13 GMT">
  <testcase classname="EMS.BridgeViewlet" name="Login" time="40.522"/>
  <testcase classname="EMS.BridgeViewlet" name="AddBridgeViewlet" time="48.127"/>
  <testcase classname="EMS.BridgeViewlet" name="AddBridgeFromPlusIcon" time="74.379"/>
  <testcase classname="EMS.BridgeViewlet" name="Properties" time="20.418"/>
  <testcase classname="EMS.BridgeViewlet" name="BridgeEvents" time="53.721"/>
  <testcase classname="EMS.BridgeViewlet" name="AddToFavoriteViewlet" time="41.654"/>
  <testcase classname="EMS.BridgeViewlet" name="CompareBridges" time="24.348"/>
  <testcase classname="EMS.BridgeViewlet" name="CheckDifferencesForBridges" time="20.463"/>
  <testcase classname="EMS.BridgeViewlet" name="MultipleBridgeProperties" time="84.735">
    <failure type="org.openqa.selenium.NoSuchElementException" message="no such element: Unable to locate element: {&amp;quot;method&amp;quot;:&amp;quot;css selector&amp;quot;,&amp;quot;selector&amp;quot;:&amp;quot;#Multiple\ properties\ failed&amp;quot;}
  (Session info: chrome=98.0.4758.82)
For documentation on this error, please visit: https://selenium.dev/exceptions/#no_such_element
Build info: version: &amp;apos;4.0.0&amp;apos;, revision: &amp;apos;3a21814679&amp;apos;
System info: host: &amp;apos;DESKTOP-9QJNAOQ&amp;apos;, ip: &amp;apos;192.168.43.213&amp;apos;, os.name: &amp;apos;Windows 10&amp;apos;, os.arch: &amp;apos;amd64&amp;apos;, os.version: &amp;apos;10.0&amp;apos;, java.version: &amp;apos;11.0.14&amp;apos;
Driver info: org.openqa.selenium.chrome.ChromeDriver
Command: [b1f23d57c77701e67bed9a33a08eeef7, findElement {using=id, value=Multiple properties failed}]
Capabilities {acceptInsecureCerts: false, browserName: chrome, browserVersion: 98.0.4758.82, chrome: {chromedriverVersion: 98.0.4758.80 (7f0488e8ba0d8..., userDataDir: C:\Users\Nagaraju\AppData\L...}, goog:chromeOptions: {debuggerAddress: localhost:50372}, javascriptEnabled: true, networkConnectionEnabled: false, pageLoadStrategy: normal, platform: WINDOWS, platformName: WINDOWS, proxy: Proxy(), se:cdp: ws://localhost:50372/devtoo..., se:cdpVersion: 98.0.4758.82, setWindowRect: true, strictFileInteractability: false, timeouts: {implicit: 0, pageLoad: 300000, script: 30000}, unhandledPromptBehavior: dismiss and notify, webauthn:extension:credBlob: true, webauthn:extension:largeBlob: true, webauthn:virtualAuthenticators: true}
Session ID: b1f23d57c77701e67bed9a33a08eeef7">
      <![CDATA[org.openqa.selenium.NoSuchElementException: no such element: Unable to locate element: {"method":"css selector","selector":"#Multiple\ properties\ failed"}
  (Session info: chrome=98.0.4758.82)
For documentation on this error, please visit: https://selenium.dev/exceptions/#no_such_element
Build info: version: '4.0.0', revision: '3a21814679'
System info: host: 'DESKTOP-9QJNAOQ', ip: '192.168.43.213', os.name: 'Windows 10', os.arch: 'amd64', os.version: '10.0', java.version: '11.0.14'
Driver info: org.openqa.selenium.chrome.ChromeDriver
Command: [b1f23d57c77701e67bed9a33a08eeef7, findElement {using=id, value=Multiple properties failed}]
Capabilities {acceptInsecureCerts: false, browserName: chrome, browserVersion: 98.0.4758.82, chrome: {chromedriverVersion: 98.0.4758.80 (7f0488e8ba0d8..., userDataDir: C:\Users\Nagaraju\AppData\L...}, goog:chromeOptions: {debuggerAddress: localhost:50372}, javascriptEnabled: true, networkConnectionEnabled: false, pageLoadStrategy: normal, platform: WINDOWS, platformName: WINDOWS, proxy: Proxy(), se:cdp: ws://localhost:50372/devtoo..., se:cdpVersion: 98.0.4758.82, setWindowRect: true, strictFileInteractability: false, timeouts: {implicit: 0, pageLoad: 300000, script: 30000}, unhandledPromptBehavior: dismiss and notify, webauthn:extension:credBlob: true, webauthn:extension:largeBlob: true, webauthn:virtualAuthenticators: true}
Session ID: b1f23d57c77701e67bed9a33a08eeef7
	at org.openqa.selenium.remote.codec.w3c.W3CHttpResponseCodec.createException(W3CHttpResponseCodec.java:200)
	at org.openqa.selenium.remote.codec.w3c.W3CHttpResponseCodec.decode(W3CHttpResponseCodec.java:133)
	at org.openqa.selenium.remote.codec.w3c.W3CHttpResponseCodec.decode(W3CHttpResponseCodec.java:53)
	at org.openqa.selenium.remote.HttpCommandExecutor.execute(HttpCommandExecutor.java:184)
	at org.openqa.selenium.remote.service.DriverCommandExecutor.invokeExecute(DriverCommandExecutor.java:164)
	at org.openqa.selenium.remote.service.DriverCommandExecutor.execute(DriverCommandExecutor.java:139)
	at org.openqa.selenium.remote.RemoteWebDriver.execute(RemoteWebDriver.java:559)
	at org.openqa.selenium.remote.ElementLocation$ElementFinder$2.findElement(ElementLocation.java:162)
	at org.openqa.selenium.remote.ElementLocation.findElement(ElementLocation.java:60)
	at org.openqa.selenium.remote.RemoteWebDriver.findElement(RemoteWebDriver.java:383)
	at org.openqa.selenium.remote.RemoteWebDriver.findElement(RemoteWebDriver.java:375)
	at EMS.BridgeViewlet.MultipleBridgeProperties(BridgeViewlet.java:780)
... Removed 29 stack frames]]>
    </failure>
  </testcase> <!-- MultipleBridgeProperties -->
  <testcase classname="EMS.BridgeViewlet" name="AddToFavoriteForMultipleBridges" time="32.08"/>
  <testcase classname="EMS.BridgeViewlet" name="ShowObjectAttributesForBridge" time="75.062"/>
  <testcase classname="EMS.BridgeViewlet" name="DeleteCommand" time="29.231"/>
  <testcase classname="EMS.BridgeViewlet" name="Logout" time="27.809"/>
  <testcase classname="EMS.BridgeViewlet" name="DeleteMultiples" time="0.0">
    <ignored/>
  </testcase> <!-- DeleteMultiples -->
</testsuite> <!-- Test Bridge Viewlet -->
