<html>
<head>
<title>TestNG:  Test kafka Partition Browse message options</title>
<link href="../testng.css" rel="stylesheet" type="text/css" />
<link href="../my-testng.css" rel="stylesheet" type="text/css" />

<style type="text/css">
.log { display: none;} 
.stack-trace { display: none;} 
</style>
<script type="text/javascript">
<!--
function flip(e) {
  current = e.style.display;
  if (current == 'block') {
    e.style.display = 'none';
    return 0;
  }
  else {
    e.style.display = 'block';
    return 1;
  }
}

function toggleBox(szDivId, elem, msg1, msg2)
{
  var res = -1;  if (document.getElementById) {
    res = flip(document.getElementById(szDivId));
  }
  else if (document.all) {
    // this is the way old msie versions work
    res = flip(document.all[szDivId]);
  }
  if(elem) {
    if(res == 0) elem.innerHTML = msg1; else elem.innerHTML = msg2;
  }

}

function toggleAllBoxes() {
  if (document.getElementsByTagName) {
    d = document.getElementsByTagName('div');
    for (i = 0; i < d.length; i++) {
      if (d[i].className == 'log') {
        flip(d[i]);
      }
    }
  }
}

// -->
</script>

</head>
<body>
<h2 align='center'>Test kafka Partition Browse message options</h2><table border='1' align="center">
<tr>
<td>Tests passed/Failed/Skipped:</td><td>7/1/0</td>
</tr><tr>
<td>Started on:</td><td>Fri Feb 11 17:16:32 IST 2022</td>
</tr>
<tr><td>Total time:</td><td>388 seconds (388670 ms)</td>
</tr><tr>
<td>Included groups:</td><td></td>
</tr><tr>
<td>Excluded groups:</td><td></td>
</tr>
</table><p/>
<small><i>(Hover the method name to see the test class name)</i></small><p/>
<table width='100%' border='1' class='invocation-failed'>
<tr><td colspan='4' align='center'><b>FAILED TESTS</b></td></tr>
<tr><td><b>Test method</b></td>
<td width="30%"><b>Exception</b></td>
<td width="10%"><b>Time (seconds)</b></td>
<td><b>Instance</b></td>
</tr>
<tr>
<td title='KafkaGUI.KafkaPartitionBrowseMessageOptions.ClearMessagesUsingClearAllIcon()'><b>ClearMessagesUsingClearAllIcon</b><br>Test class: KafkaGUI.KafkaPartitionBrowseMessageOptions<br>Parameters: Kafka Partition, org.testng.TestRunner@19962194<br/>
<a href="#Output-64614565" onClick='toggleBox("Output-64614565", this, "Show output", "Hide output");'>Show output</a>

<a href="#Output-64614565" onClick="toggleAllBoxes();">Show all outputs</a>
<div class='log' id="Output-64614565">
<br/>Failed to execute method: ClearMessagesUsingClearAllIcon<br/><br/>
<br/><br/>
<img src=" F:\Automation\Navigator/Screenshots/ScreenshotsFailure/ClearMessagesUsingClearAllIcon.png" alt="""/" /><br/>
</div>
</td>
<td><div><pre>org.openqa.selenium.InvalidSelectorException: invalid selector: Unable to locate an element with the xpath expression Condition is Failed because of the following error:
SyntaxError: Failed to execute &apos;evaluate&apos; on &apos;Document&apos;: The string &apos;Condition is Failed&apos; is not a valid XPath expression.
  (Session info: chrome=98.0.4758.82)
For documentation on this error, please visit: https://selenium.dev/exceptions/#invalid_selector_exception
Build info: version: &apos;4.0.0&apos;, revision: &apos;3a21814679&apos;
System info: host: &apos;DESKTOP-9QJNAOQ&apos;, ip: &apos;192.168.43.213&apos;, os.name: &apos;Windows 10&apos;, os.arch: &apos;amd64&apos;, os.version: &apos;10.0&apos;, java.version: &apos;11.0.14&apos;
Driver info: org.openqa.selenium.chrome.ChromeDriver
Command: [3f16898fbd0cddf1a29f055ca46257a2, findElement {using=xpath, value=Condition is Failed}]
Capabilities {acceptInsecureCerts: false, browserName: chrome, browserVersion: 98.0.4758.82, chrome: {chromedriverVersion: 98.0.4758.80 (7f0488e8ba0d8..., userDataDir: C:\Users\Nagaraju\AppData\L...}, goog:chromeOptions: {debuggerAddress: localhost:60130}, javascriptEnabled: true, networkConnectionEnabled: false, pageLoadStrategy: normal, platform: WINDOWS, platformName: WINDOWS, proxy: Proxy(), se:cdp: ws://localhost:60130/devtoo..., se:cdpVersion: 98.0.4758.82, setWindowRect: true, strictFileInteractability: false, timeouts: {implicit: 0, pageLoad: 300000, script: 30000}, unhandledPromptBehavior: dismiss and notify, webauthn:extension:credBlob: true, webauthn:extension:largeBlob: true, webauthn:virtualAuthenticators: true}
Session ID: 3f16898fbd0cddf1a29f055ca46257a2
	at org.openqa.selenium.remote.codec.w3c.W3CHttpResponseCodec.createException(W3CHttpResponseCodec.java:200)
	at org.openqa.selenium.remote.codec.w3c.W3CHttpResponseCodec.decode(W3CHttpResponseCodec.java:133)
	at org.openqa.selenium.remote.codec.w3c.W3CHttpResponseCodec.decode(W3CHttpResponseCodec.java:53)
	at org.openqa.selenium.remote.HttpCommandExecutor.execute(HttpCommandExecutor.java:184)
	at org.openqa.selenium.remote.service.DriverCommandExecutor.invokeExecute(DriverCommandExecutor.java:164)
	at org.openqa.selenium.remote.service.DriverCommandExecutor.execute(DriverCommandExecutor.java:139)
	at org.openqa.selenium.remote.RemoteWebDriver.execute(RemoteWebDriver.java:559)
	at org.openqa.selenium.remote.ElementLocation$ElementFinder$2.findElement(ElementLocation.java:162)
	at org.openqa.selenium.remote.ElementLocation.findElement(ElementLocation.java:60)
	at org.openqa.selenium.remote.RemoteWebDriver.findElement(RemoteWebDriver.java:383)
	at org.openqa.selenium.remote.RemoteWebDriver.findElement(RemoteWebDriver.java:375)
	at KafkaGUI.KafkaPartitionBrowseMessageOptions.ClearMessagesUsingClearAllIcon(KafkaPartitionBrowseMessageOptions.java:543)
... Removed 29 stack frames</pre></div><a href='#' onClick='toggleBox("stack-trace64614565", this, "Click to show all stack frames", "Click to hide stack frames")'>Click to show all stack frames</a>
<div class='stack-trace' id='stack-trace64614565'><pre>org.openqa.selenium.InvalidSelectorException: invalid selector: Unable to locate an element with the xpath expression Condition is Failed because of the following error:
SyntaxError: Failed to execute &apos;evaluate&apos; on &apos;Document&apos;: The string &apos;Condition is Failed&apos; is not a valid XPath expression.
  (Session info: chrome=98.0.4758.82)
For documentation on this error, please visit: https://selenium.dev/exceptions/#invalid_selector_exception
Build info: version: &apos;4.0.0&apos;, revision: &apos;3a21814679&apos;
System info: host: &apos;DESKTOP-9QJNAOQ&apos;, ip: &apos;192.168.43.213&apos;, os.name: &apos;Windows 10&apos;, os.arch: &apos;amd64&apos;, os.version: &apos;10.0&apos;, java.version: &apos;11.0.14&apos;
Driver info: org.openqa.selenium.chrome.ChromeDriver
Command: [3f16898fbd0cddf1a29f055ca46257a2, findElement {using=xpath, value=Condition is Failed}]
Capabilities {acceptInsecureCerts: false, browserName: chrome, browserVersion: 98.0.4758.82, chrome: {chromedriverVersion: 98.0.4758.80 (7f0488e8ba0d8..., userDataDir: C:\Users\Nagaraju\AppData\L...}, goog:chromeOptions: {debuggerAddress: localhost:60130}, javascriptEnabled: true, networkConnectionEnabled: false, pageLoadStrategy: normal, platform: WINDOWS, platformName: WINDOWS, proxy: Proxy(), se:cdp: ws://localhost:60130/devtoo..., se:cdpVersion: 98.0.4758.82, setWindowRect: true, strictFileInteractability: false, timeouts: {implicit: 0, pageLoad: 300000, script: 30000}, unhandledPromptBehavior: dismiss and notify, webauthn:extension:credBlob: true, webauthn:extension:largeBlob: true, webauthn:virtualAuthenticators: true}
Session ID: 3f16898fbd0cddf1a29f055ca46257a2
	at java.base/jdk.internal.reflect.NativeConstructorAccessorImpl.newInstance0(Native Method)
	at java.base/jdk.internal.reflect.NativeConstructorAccessorImpl.newInstance(NativeConstructorAccessorImpl.java:62)
	at java.base/jdk.internal.reflect.DelegatingConstructorAccessorImpl.newInstance(DelegatingConstructorAccessorImpl.java:45)
	at java.base/java.lang.reflect.Constructor.newInstance(Constructor.java:490)
	at org.openqa.selenium.remote.codec.w3c.W3CHttpResponseCodec.createException(W3CHttpResponseCodec.java:200)
	at org.openqa.selenium.remote.codec.w3c.W3CHttpResponseCodec.decode(W3CHttpResponseCodec.java:133)
	at org.openqa.selenium.remote.codec.w3c.W3CHttpResponseCodec.decode(W3CHttpResponseCodec.java:53)
	at org.openqa.selenium.remote.HttpCommandExecutor.execute(HttpCommandExecutor.java:184)
	at org.openqa.selenium.remote.service.DriverCommandExecutor.invokeExecute(DriverCommandExecutor.java:164)
	at org.openqa.selenium.remote.service.DriverCommandExecutor.execute(DriverCommandExecutor.java:139)
	at org.openqa.selenium.remote.RemoteWebDriver.execute(RemoteWebDriver.java:559)
	at org.openqa.selenium.remote.ElementLocation$ElementFinder$2.findElement(ElementLocation.java:162)
	at org.openqa.selenium.remote.ElementLocation.findElement(ElementLocation.java:60)
	at org.openqa.selenium.remote.RemoteWebDriver.findElement(RemoteWebDriver.java:383)
	at org.openqa.selenium.remote.RemoteWebDriver.findElement(RemoteWebDriver.java:375)
	at KafkaGUI.KafkaPartitionBrowseMessageOptions.ClearMessagesUsingClearAllIcon(KafkaPartitionBrowseMessageOptions.java:543)
	at java.base/jdk.internal.reflect.NativeMethodAccessorImpl.invoke0(Native Method)
	at java.base/jdk.internal.reflect.NativeMethodAccessorImpl.invoke(NativeMethodAccessorImpl.java:62)
	at java.base/jdk.internal.reflect.DelegatingMethodAccessorImpl.invoke(DelegatingMethodAccessorImpl.java:43)
	at java.base/java.lang.reflect.Method.invoke(Method.java:566)
	at org.testng.internal.MethodInvocationHelper.invokeMethod(MethodInvocationHelper.java:108)
	at org.testng.internal.Invoker.invokeMethod(Invoker.java:661)
	at org.testng.internal.Invoker.invokeTestMethod(Invoker.java:869)
	at org.testng.internal.Invoker.invokeTestMethods(Invoker.java:1193)
	at org.testng.internal.TestMethodWorker.invokeTestMethods(TestMethodWorker.java:126)
	at org.testng.internal.TestMethodWorker.run(TestMethodWorker.java:109)
	at org.testng.TestRunner.privateRun(TestRunner.java:744)
	at org.testng.TestRunner.run(TestRunner.java:602)
	at org.testng.SuiteRunner.runTest(SuiteRunner.java:380)
	at org.testng.SuiteRunner.runSequentially(SuiteRunner.java:375)
	at org.testng.SuiteRunner.privateRun(SuiteRunner.java:340)
	at org.testng.SuiteRunner.run(SuiteRunner.java:289)
	at org.testng.SuiteRunnerWorker.runSuite(SuiteRunnerWorker.java:52)
	at org.testng.SuiteRunnerWorker.run(SuiteRunnerWorker.java:86)
	at org.testng.TestNG.runSuitesSequentially(TestNG.java:1301)
	at org.testng.TestNG.runSuitesLocally(TestNG.java:1226)
	at org.testng.TestNG.runSuites(TestNG.java:1144)
	at org.testng.TestNG.run(TestNG.java:1115)
	at org.testng.remote.AbstractRemoteTestNG.run(AbstractRemoteTestNG.java:115)
	at org.testng.remote.RemoteTestNG.initAndRun(RemoteTestNG.java:251)
	at org.testng.remote.RemoteTestNG.main(RemoteTestNG.java:77)
</pre></div></td>
<td>27</td>
<td>KafkaGUI.KafkaPartitionBrowseMessageOptions@5a37d3ed</td></tr>
</table><p>
<table width='100%' border='1' class='invocation-passed'>
<tr><td colspan='4' align='center'><b>PASSED TESTS</b></td></tr>
<tr><td><b>Test method</b></td>
<td width="30%"><b>Exception</b></td>
<td width="10%"><b>Time (seconds)</b></td>
<td><b>Instance</b></td>
</tr>
<tr>
<td title='KafkaGUI.KafkaPartitionBrowseMessageOptions.CopyMessageUsingCopyIcon()'><b>CopyMessageUsingCopyIcon</b><br>Test class: KafkaGUI.KafkaPartitionBrowseMessageOptions<br>Parameters: Kafka Partition, org.testng.TestRunner@19962194<br/>
<a href="#Output-2129138446" onClick='toggleBox("Output-2129138446", this, "Show output", "Hide output");'>Show output</a>

<a href="#Output-2129138446" onClick="toggleAllBoxes();">Show all outputs</a>
<div class='log' id="Output-2129138446">
<br/><br/>
<img src=" F:\Automation\Navigator/Screenshots/ScreenshotsSuccess/CopyMessageUsingCopyIcon.png" alt="""/" /><br/>
</div>
</td>
<td></td>
<td>35</td>
<td>KafkaGUI.KafkaPartitionBrowseMessageOptions@5a37d3ed</td></tr>
<tr>
<td title='KafkaGUI.KafkaPartitionBrowseMessageOptions.CopyMessageUsingCopyOption()'><b>CopyMessageUsingCopyOption</b><br>Test class: KafkaGUI.KafkaPartitionBrowseMessageOptions<br>Parameters: Kafka Partition, org.testng.TestRunner@19962194<br/>
<a href="#Output-70528019" onClick='toggleBox("Output-70528019", this, "Show output", "Hide output");'>Show output</a>

<a href="#Output-70528019" onClick="toggleAllBoxes();">Show all outputs</a>
<div class='log' id="Output-70528019">
<br/><br/>
<img src=" F:\Automation\Navigator/Screenshots/ScreenshotsSuccess/CopyMessageUsingCopyOption.png" alt="""/" /><br/>
</div>
</td>
<td></td>
<td>35</td>
<td>KafkaGUI.KafkaPartitionBrowseMessageOptions@5a37d3ed</td></tr>
<tr>
<td title='KafkaGUI.KafkaPartitionBrowseMessageOptions.ExportSelectedMessageUsingExportIcon()'><b>ExportSelectedMessageUsingExportIcon</b><br>Test class: KafkaGUI.KafkaPartitionBrowseMessageOptions<br>Parameters: Kafka Partition, org.testng.TestRunner@19962194<br/>
<a href="#Output-621502043" onClick='toggleBox("Output-621502043", this, "Show output", "Hide output");'>Show output</a>

<a href="#Output-621502043" onClick="toggleAllBoxes();">Show all outputs</a>
<div class='log' id="Output-621502043">
<br/><br/>
<img src=" F:\Automation\Navigator/Screenshots/ScreenshotsSuccess/ExportSelectedMessageUsingExportIcon.png" alt="""/" /><br/>
</div>
</td>
<td></td>
<td>23</td>
<td>KafkaGUI.KafkaPartitionBrowseMessageOptions@5a37d3ed</td></tr>
<tr>
<td title='KafkaGUI.KafkaPartitionBrowseMessageOptions.LoadMessageFromFileUsingIcon()'><b>LoadMessageFromFileUsingIcon</b><br>Test class: KafkaGUI.KafkaPartitionBrowseMessageOptions<br>Parameters: Kafka Partition, org.testng.TestRunner@19962194<br/>
<a href="#Output-815590838" onClick='toggleBox("Output-815590838", this, "Show output", "Hide output");'>Show output</a>

<a href="#Output-815590838" onClick="toggleAllBoxes();">Show all outputs</a>
<div class='log' id="Output-815590838">
<br/><br/>
<img src=" F:\Automation\Navigator/Screenshots/ScreenshotsSuccess/LoadMessageFromFileUsingIcon.png" alt="""/" /><br/>
</div>
</td>
<td></td>
<td>58</td>
<td>KafkaGUI.KafkaPartitionBrowseMessageOptions@5a37d3ed</td></tr>
<tr>
<td title='KafkaGUI.KafkaPartitionBrowseMessageOptions.Login()'><b>Login</b><br>Test class: KafkaGUI.KafkaPartitionBrowseMessageOptions<br>Parameters: webdriver.chrome.driver, Drivers/chromedriver.exe, Kafka Partition, 5, Kafka Partition Viewlet<br/>
<a href="#Output-337813415" onClick='toggleBox("Output-337813415", this, "Show output", "Hide output");'>Show output</a>

<a href="#Output-337813415" onClick="toggleAllBoxes();">Show all outputs</a>
<div class='log' id="Output-337813415">
<br/><br/>
<img src=" F:\Automation\Navigator/Screenshots/ScreenshotsSuccess/Login.png" alt="""/" /><br/>
</div>
</td>
<td></td>
<td>63</td>
<td>KafkaGUI.KafkaPartitionBrowseMessageOptions@5a37d3ed</td></tr>
<tr>
<td title='KafkaGUI.KafkaPartitionBrowseMessageOptions.Logout()'><b>Logout</b><br>Test class: KafkaGUI.KafkaPartitionBrowseMessageOptions<br>Parameters: Kafka Partition</td>
<td></td>
<td>27</td>
<td>KafkaGUI.KafkaPartitionBrowseMessageOptions@5a37d3ed</td></tr>
<tr>
<td title='KafkaGUI.KafkaPartitionBrowseMessageOptions.PutAMessageUsingPutNewIcon()'><b>PutAMessageUsingPutNewIcon</b><br>Test class: KafkaGUI.KafkaPartitionBrowseMessageOptions<br>Parameters: Kafka Partition, New test message, org.testng.TestRunner@19962194<br/>
<a href="#Output-1562912969" onClick='toggleBox("Output-1562912969", this, "Show output", "Hide output");'>Show output</a>

<a href="#Output-1562912969" onClick="toggleAllBoxes();">Show all outputs</a>
<div class='log' id="Output-1562912969">
<br/><br/>
<img src=" F:\Automation\Navigator/Screenshots/ScreenshotsSuccess/PutAMessageUsingPutNewIcon.png" alt="""/" /><br/>
</div>
</td>
<td></td>
<td>36</td>
<td>KafkaGUI.KafkaPartitionBrowseMessageOptions@5a37d3ed</td></tr>
</table><p>
</body>
</html>