<html>
<head>
<title>TestNG:  Test Durable Viewlet</title>
<link href="../testng.css" rel="stylesheet" type="text/css" />
<link href="../my-testng.css" rel="stylesheet" type="text/css" />

<style type="text/css">
.log { display: none;} 
.stack-trace { display: none;} 
</style>
<script type="text/javascript">
<!--
function flip(e) {
  current = e.style.display;
  if (current == 'block') {
    e.style.display = 'none';
    return 0;
  }
  else {
    e.style.display = 'block';
    return 1;
  }
}

function toggleBox(szDivId, elem, msg1, msg2)
{
  var res = -1;  if (document.getElementById) {
    res = flip(document.getElementById(szDivId));
  }
  else if (document.all) {
    // this is the way old msie versions work
    res = flip(document.all[szDivId]);
  }
  if(elem) {
    if(res == 0) elem.innerHTML = msg1; else elem.innerHTML = msg2;
  }

}

function toggleAllBoxes() {
  if (document.getElementsByTagName) {
    d = document.getElementsByTagName('div');
    for (i = 0; i < d.length; i++) {
      if (d[i].className == 'log') {
        flip(d[i]);
      }
    }
  }
}

// -->
</script>

</head>
<body>
<h2 align='center'>Test Durable Viewlet</h2><table border='1' align="center">
<tr>
<td>Tests passed/Failed/Skipped:</td><td>11/1/1</td>
</tr><tr>
<td>Started on:</td><td>Fri Jan 21 14:10:37 IST 2022</td>
</tr>
<tr><td>Total time:</td><td>680 seconds (680034 ms)</td>
</tr><tr>
<td>Included groups:</td><td></td>
</tr><tr>
<td>Excluded groups:</td><td></td>
</tr>
</table><p/>
<small><i>(Hover the method name to see the test class name)</i></small><p/>
<table width='100%' border='1' class='invocation-failed'>
<tr><td colspan='4' align='center'><b>FAILED TESTS</b></td></tr>
<tr><td><b>Test method</b></td>
<td width="30%"><b>Exception</b></td>
<td width="10%"><b>Time (seconds)</b></td>
<td><b>Instance</b></td>
</tr>
<tr>
<td title='EMS.DurableViewlet.AddDurableFromPlusIcon()'><b>AddDurableFromPlusIcon</b><br>Test class: EMS.DurableViewlet<br>Parameters: DurableViewlet Verification, EMS.Add.Selenium, org.testng.TestRunner@5ebd56e9<br/>
<a href="#Output-1875520143" onClick='toggleBox("Output-1875520143", this, "Show output", "Hide output");'>Show output</a>

<a href="#Output-1875520143" onClick="toggleAllBoxes();">Show all outputs</a>
<div class='log' id="Output-1875520143">
<br/>Failed to execute method: AddDurableFromPlusIcon<br/><br/>
<br/><br/>
<img src=" F:\Automation\Navigator/Screenshots/ScreenshotsFailure/AddDurableFromPlusIcon.png" alt="""/" /><br/>
</div>
</td>
<td><div><pre>org.openqa.selenium.NoSuchElementException: no such element: Unable to locate element: {&quot;method&quot;:&quot;css selector&quot;,&quot;selector&quot;:&quot;#Durable\ add\ Failed&quot;}
  (Session info: chrome=97.0.4692.99)
For documentation on this error, please visit: https://selenium.dev/exceptions/#no_such_element
Build info: version: &apos;4.0.0&apos;, revision: &apos;3a21814679&apos;
System info: host: &apos;DESKTOP-9QJNAOQ&apos;, ip: &apos;192.168.43.213&apos;, os.name: &apos;Windows 10&apos;, os.arch: &apos;amd64&apos;, os.version: &apos;10.0&apos;, java.version: &apos;1.8.0_311&apos;
Driver info: org.openqa.selenium.chrome.ChromeDriver
Command: [6725507c2b137138f27536437a576c24, findElement {using=id, value=Durable add Failed}]
Capabilities {acceptInsecureCerts: false, browserName: chrome, browserVersion: 97.0.4692.99, chrome: {chromedriverVersion: 96.0.4664.45 (76e4c1bb2ab46..., userDataDir: C:\Users\Nagaraju\AppData\L...}, goog:chromeOptions: {debuggerAddress: localhost:51861}, javascriptEnabled: true, networkConnectionEnabled: false, pageLoadStrategy: normal, platform: WINDOWS, platformName: WINDOWS, proxy: Proxy(), se:cdp: ws://localhost:51861/devtoo..., se:cdpVersion: 97.0.4692.99, setWindowRect: true, strictFileInteractability: false, timeouts: {implicit: 0, pageLoad: 300000, script: 30000}, unhandledPromptBehavior: dismiss and notify, webauthn:extension:credBlob: true, webauthn:extension:largeBlob: true, webauthn:virtualAuthenticators: true}
Session ID: 6725507c2b137138f27536437a576c24
	at org.openqa.selenium.remote.codec.w3c.W3CHttpResponseCodec.createException(W3CHttpResponseCodec.java:200)
	at org.openqa.selenium.remote.codec.w3c.W3CHttpResponseCodec.decode(W3CHttpResponseCodec.java:133)
	at org.openqa.selenium.remote.codec.w3c.W3CHttpResponseCodec.decode(W3CHttpResponseCodec.java:53)
	at org.openqa.selenium.remote.HttpCommandExecutor.execute(HttpCommandExecutor.java:184)
	at org.openqa.selenium.remote.service.DriverCommandExecutor.invokeExecute(DriverCommandExecutor.java:164)
	at org.openqa.selenium.remote.service.DriverCommandExecutor.execute(DriverCommandExecutor.java:139)
	at org.openqa.selenium.remote.RemoteWebDriver.execute(RemoteWebDriver.java:559)
	at org.openqa.selenium.remote.ElementLocation$ElementFinder$2.findElement(ElementLocation.java:162)
	at org.openqa.selenium.remote.ElementLocation.findElement(ElementLocation.java:60)
	at org.openqa.selenium.remote.RemoteWebDriver.findElement(RemoteWebDriver.java:383)
	at org.openqa.selenium.remote.RemoteWebDriver.findElement(RemoteWebDriver.java:375)
	at EMS.DurableViewlet.AddDurableFromPlusIcon(DurableViewlet.java:339)
... Removed 29 stack frames</pre></div><a href='#' onClick='toggleBox("stack-trace1875520143", this, "Click to show all stack frames", "Click to hide stack frames")'>Click to show all stack frames</a>
<div class='stack-trace' id='stack-trace1875520143'><pre>org.openqa.selenium.NoSuchElementException: no such element: Unable to locate element: {&quot;method&quot;:&quot;css selector&quot;,&quot;selector&quot;:&quot;#Durable\ add\ Failed&quot;}
  (Session info: chrome=97.0.4692.99)
For documentation on this error, please visit: https://selenium.dev/exceptions/#no_such_element
Build info: version: &apos;4.0.0&apos;, revision: &apos;3a21814679&apos;
System info: host: &apos;DESKTOP-9QJNAOQ&apos;, ip: &apos;192.168.43.213&apos;, os.name: &apos;Windows 10&apos;, os.arch: &apos;amd64&apos;, os.version: &apos;10.0&apos;, java.version: &apos;1.8.0_311&apos;
Driver info: org.openqa.selenium.chrome.ChromeDriver
Command: [6725507c2b137138f27536437a576c24, findElement {using=id, value=Durable add Failed}]
Capabilities {acceptInsecureCerts: false, browserName: chrome, browserVersion: 97.0.4692.99, chrome: {chromedriverVersion: 96.0.4664.45 (76e4c1bb2ab46..., userDataDir: C:\Users\Nagaraju\AppData\L...}, goog:chromeOptions: {debuggerAddress: localhost:51861}, javascriptEnabled: true, networkConnectionEnabled: false, pageLoadStrategy: normal, platform: WINDOWS, platformName: WINDOWS, proxy: Proxy(), se:cdp: ws://localhost:51861/devtoo..., se:cdpVersion: 97.0.4692.99, setWindowRect: true, strictFileInteractability: false, timeouts: {implicit: 0, pageLoad: 300000, script: 30000}, unhandledPromptBehavior: dismiss and notify, webauthn:extension:credBlob: true, webauthn:extension:largeBlob: true, webauthn:virtualAuthenticators: true}
Session ID: 6725507c2b137138f27536437a576c24
	at sun.reflect.NativeConstructorAccessorImpl.newInstance0(Native Method)
	at sun.reflect.NativeConstructorAccessorImpl.newInstance(Unknown Source)
	at sun.reflect.DelegatingConstructorAccessorImpl.newInstance(Unknown Source)
	at java.lang.reflect.Constructor.newInstance(Unknown Source)
	at org.openqa.selenium.remote.codec.w3c.W3CHttpResponseCodec.createException(W3CHttpResponseCodec.java:200)
	at org.openqa.selenium.remote.codec.w3c.W3CHttpResponseCodec.decode(W3CHttpResponseCodec.java:133)
	at org.openqa.selenium.remote.codec.w3c.W3CHttpResponseCodec.decode(W3CHttpResponseCodec.java:53)
	at org.openqa.selenium.remote.HttpCommandExecutor.execute(HttpCommandExecutor.java:184)
	at org.openqa.selenium.remote.service.DriverCommandExecutor.invokeExecute(DriverCommandExecutor.java:164)
	at org.openqa.selenium.remote.service.DriverCommandExecutor.execute(DriverCommandExecutor.java:139)
	at org.openqa.selenium.remote.RemoteWebDriver.execute(RemoteWebDriver.java:559)
	at org.openqa.selenium.remote.ElementLocation$ElementFinder$2.findElement(ElementLocation.java:162)
	at org.openqa.selenium.remote.ElementLocation.findElement(ElementLocation.java:60)
	at org.openqa.selenium.remote.RemoteWebDriver.findElement(RemoteWebDriver.java:383)
	at org.openqa.selenium.remote.RemoteWebDriver.findElement(RemoteWebDriver.java:375)
	at EMS.DurableViewlet.AddDurableFromPlusIcon(DurableViewlet.java:339)
	at sun.reflect.NativeMethodAccessorImpl.invoke0(Native Method)
	at sun.reflect.NativeMethodAccessorImpl.invoke(Unknown Source)
	at sun.reflect.DelegatingMethodAccessorImpl.invoke(Unknown Source)
	at java.lang.reflect.Method.invoke(Unknown Source)
	at org.testng.internal.MethodInvocationHelper.invokeMethod(MethodInvocationHelper.java:108)
	at org.testng.internal.Invoker.invokeMethod(Invoker.java:661)
	at org.testng.internal.Invoker.invokeTestMethod(Invoker.java:869)
	at org.testng.internal.Invoker.invokeTestMethods(Invoker.java:1193)
	at org.testng.internal.TestMethodWorker.invokeTestMethods(TestMethodWorker.java:126)
	at org.testng.internal.TestMethodWorker.run(TestMethodWorker.java:109)
	at org.testng.TestRunner.privateRun(TestRunner.java:744)
	at org.testng.TestRunner.run(TestRunner.java:602)
	at org.testng.SuiteRunner.runTest(SuiteRunner.java:380)
	at org.testng.SuiteRunner.runSequentially(SuiteRunner.java:375)
	at org.testng.SuiteRunner.privateRun(SuiteRunner.java:340)
	at org.testng.SuiteRunner.run(SuiteRunner.java:289)
	at org.testng.SuiteRunnerWorker.runSuite(SuiteRunnerWorker.java:52)
	at org.testng.SuiteRunnerWorker.run(SuiteRunnerWorker.java:86)
	at org.testng.TestNG.runSuitesSequentially(TestNG.java:1301)
	at org.testng.TestNG.runSuitesLocally(TestNG.java:1226)
	at org.testng.TestNG.runSuites(TestNG.java:1144)
	at org.testng.TestNG.run(TestNG.java:1115)
	at org.testng.remote.AbstractRemoteTestNG.run(AbstractRemoteTestNG.java:115)
	at org.testng.remote.RemoteTestNG.initAndRun(RemoteTestNG.java:251)
	at org.testng.remote.RemoteTestNG.main(RemoteTestNG.java:77)
</pre></div></td>
<td>83</td>
<td>EMS.DurableViewlet@3c72f59f</td></tr>
</table><p>
<table width='100%' border='1' class='invocation-passed'>
<tr><td colspan='4' align='center'><b>PASSED TESTS</b></td></tr>
<tr><td><b>Test method</b></td>
<td width="30%"><b>Exception</b></td>
<td width="10%"><b>Time (seconds)</b></td>
<td><b>Instance</b></td>
</tr>
<tr>
<td title='EMS.DurableViewlet.AddDurableViewlet()'><b>AddDurableViewlet</b><br>Test class: EMS.DurableViewlet<br>Parameters: 9, New Durable Viewlet, org.testng.TestRunner@5ebd56e9<br/>
<a href="#Output-1365711624" onClick='toggleBox("Output-1365711624", this, "Show output", "Hide output");'>Show output</a>

<a href="#Output-1365711624" onClick="toggleAllBoxes();">Show all outputs</a>
<div class='log' id="Output-1365711624">
<br/><br/>
<img src=" F:\Automation\Navigator/Screenshots/ScreenshotsSuccess/AddDurableViewlet.png" alt="""/" /><br/>
</div>
</td>
<td></td>
<td>37</td>
<td>EMS.DurableViewlet@3c72f59f</td></tr>
<tr>
<td title='EMS.DurableViewlet.AddToFavoriteForMultipleDurables()'><b>AddToFavoriteForMultipleDurables</b><br>Test class: EMS.DurableViewlet<br>Parameters: DurableViewlet Verification, Durable Favorite viewlet, org.testng.TestRunner@5ebd56e9<br/>
<a href="#Output-1653309853" onClick='toggleBox("Output-1653309853", this, "Show output", "Hide output");'>Show output</a>

<a href="#Output-1653309853" onClick="toggleAllBoxes();">Show all outputs</a>
<div class='log' id="Output-1653309853">
<br/><br/>
<img src=" F:\Automation\Navigator/Screenshots/ScreenshotsSuccess/AddToFavoriteForMultipleDurables.png" alt="""/" /><br/>
</div>
</td>
<td></td>
<td>32</td>
<td>EMS.DurableViewlet@3c72f59f</td></tr>
<tr>
<td title='EMS.DurableViewlet.AddToFavoriteViewlet()'><b>AddToFavoriteViewlet</b><br>Test class: EMS.DurableViewlet<br>Parameters: DurableViewlet Verification, Durable Favorite viewlet, org.testng.TestRunner@5ebd56e9<br/>
<a href="#Output-215690645" onClick='toggleBox("Output-215690645", this, "Show output", "Hide output");'>Show output</a>

<a href="#Output-215690645" onClick="toggleAllBoxes();">Show all outputs</a>
<div class='log' id="Output-215690645">
<br/><br/>
<img src=" F:\Automation\Navigator/Screenshots/ScreenshotsSuccess/AddToFavoriteViewlet.png" alt="""/" /><br/>
</div>
</td>
<td></td>
<td>31</td>
<td>EMS.DurableViewlet@3c72f59f</td></tr>
<tr>
<td title='EMS.DurableViewlet.DurableEvents()'><b>DurableEvents</b><br>Test class: EMS.DurableViewlet<br>Parameters: DurableViewlet Verification, org.testng.TestRunner@5ebd56e9<br/>
<a href="#Output-755944228" onClick='toggleBox("Output-755944228", this, "Show output", "Hide output");'>Show output</a>

<a href="#Output-755944228" onClick="toggleAllBoxes();">Show all outputs</a>
<div class='log' id="Output-755944228">
<br/><br/>
<img src=" F:\Automation\Navigator/Screenshots/ScreenshotsSuccess/DurableEvents.png" alt="""/" /><br/>
</div>
</td>
<td></td>
<td>53</td>
<td>EMS.DurableViewlet@3c72f59f</td></tr>
<tr>
<td title='EMS.DurableViewlet.Login()'><b>Login</b><br>Test class: EMS.DurableViewlet<br>Parameters: webdriver.chrome.driver, Drivers/chromedriver.exe, DurableViewlet Verification<br/>
<a href="#Output-197491520" onClick='toggleBox("Output-197491520", this, "Show output", "Hide output");'>Show output</a>

<a href="#Output-197491520" onClick="toggleAllBoxes();">Show all outputs</a>
<div class='log' id="Output-197491520">
<br/><br/>
<img src=" F:\Automation\Navigator/Screenshots/ScreenshotsSuccess/Login.png" alt="""/" /><br/>
</div>
</td>
<td></td>
<td>62</td>
<td>EMS.DurableViewlet@3c72f59f</td></tr>
<tr>
<td title='EMS.DurableViewlet.Logout()'><b>Logout</b><br>Test class: EMS.DurableViewlet<br>Parameters: DurableViewlet Verification</td>
<td></td>
<td>27</td>
<td>EMS.DurableViewlet@3c72f59f</td></tr>
<tr>
<td title='EMS.DurableViewlet.MultipleProperties()'><b>MultipleProperties</b><br>Test class: EMS.DurableViewlet<br>Parameters: DurableViewlet Verification, org.testng.TestRunner@5ebd56e9<br/>
<a href="#Output-1759328722" onClick='toggleBox("Output-1759328722", this, "Show output", "Hide output");'>Show output</a>

<a href="#Output-1759328722" onClick="toggleAllBoxes();">Show all outputs</a>
<div class='log' id="Output-1759328722">
<br/><br/>
<img src=" F:\Automation\Navigator/Screenshots/ScreenshotsSuccess/MultipleProperties.png" alt="""/" /><br/>
</div>
</td>
<td></td>
<td>79</td>
<td>EMS.DurableViewlet@3c72f59f</td></tr>
<tr>
<td title='EMS.DurableViewlet.MultiplePurge()'><b>MultiplePurge</b><br>Test class: EMS.DurableViewlet<br>Parameters: DurableViewlet Verification, org.testng.TestRunner@5ebd56e9<br/>
<a href="#Output-1465263219" onClick='toggleBox("Output-1465263219", this, "Show output", "Hide output");'>Show output</a>

<a href="#Output-1465263219" onClick="toggleAllBoxes();">Show all outputs</a>
<div class='log' id="Output-1465263219">
<br/><br/>
<img src=" F:\Automation\Navigator/Screenshots/ScreenshotsSuccess/MultiplePurge.png" alt="""/" /><br/>
</div>
</td>
<td></td>
<td>17</td>
<td>EMS.DurableViewlet@3c72f59f</td></tr>
<tr>
<td title='EMS.DurableViewlet.Properties()'><b>Properties</b><br>Test class: EMS.DurableViewlet<br>Parameters: DurableViewlet Verification, org.testng.TestRunner@5ebd56e9<br/>
<a href="#Output-238654703" onClick='toggleBox("Output-238654703", this, "Show output", "Hide output");'>Show output</a>

<a href="#Output-238654703" onClick="toggleAllBoxes();">Show all outputs</a>
<div class='log' id="Output-238654703">
<br/><br/>
<img src=" F:\Automation\Navigator/Screenshots/ScreenshotsSuccess/Properties.png" alt="""/" /><br/>
</div>
</td>
<td></td>
<td>18</td>
<td>EMS.DurableViewlet@3c72f59f</td></tr>
<tr>
<td title='EMS.DurableViewlet.Purge()'><b>Purge</b><br>Test class: EMS.DurableViewlet<br>Parameters: DurableViewlet Verification, org.testng.TestRunner@5ebd56e9<br/>
<a href="#Output-2121645869" onClick='toggleBox("Output-2121645869", this, "Show output", "Hide output");'>Show output</a>

<a href="#Output-2121645869" onClick="toggleAllBoxes();">Show all outputs</a>
<div class='log' id="Output-2121645869">
<br/><br/>
<img src=" F:\Automation\Navigator/Screenshots/ScreenshotsSuccess/Purge.png" alt="""/" /><br/>
</div>
</td>
<td></td>
<td>18</td>
<td>EMS.DurableViewlet@3c72f59f</td></tr>
<tr>
<td title='EMS.DurableViewlet.ShowObjectAttributesForDurable()'><b>ShowObjectAttributesForDurable</b><br>Test class: EMS.DurableViewlet<br>Parameters: DurableViewlet Verification, DurableSchema, org.testng.TestRunner@5ebd56e9<br/>
<a href="#Output-366098173" onClick='toggleBox("Output-366098173", this, "Show output", "Hide output");'>Show output</a>

<a href="#Output-366098173" onClick="toggleAllBoxes();">Show all outputs</a>
<div class='log' id="Output-366098173">
<br/><br/>
<img src=" F:\Automation\Navigator/Screenshots/ScreenshotsSuccess/ShowObjectAttributesForDurable.png" alt="""/" /><br/>
</div>
</td>
<td></td>
<td>78</td>
<td>EMS.DurableViewlet@3c72f59f</td></tr>
</table><p>
<table width='100%' border='1' class='invocation-skipped'>
<tr><td colspan='4' align='center'><b>SKIPPED TESTS</b></td></tr>
<tr><td><b>Test method</b></td>
<td width="30%"><b>Exception</b></td>
<td width="10%"><b>Time (seconds)</b></td>
<td><b>Instance</b></td>
</tr>
<tr>
<td title='EMS.DurableViewlet.DeleteCommand()'><b>DeleteCommand</b><br>Test class: EMS.DurableViewlet</td>
<td><div><pre>java.lang.Throwable: Method DurableViewlet.DeleteCommand(java.lang.String, java.lang.String, org.testng.ITestContext)[pri:12, instance:EMS.DurableViewlet@3c72f59f] depends on not successfully finished methods
... Removed 18 stack frames</pre></div><a href='#' onClick='toggleBox("stack-trace1886247880", this, "Click to show all stack frames", "Click to hide stack frames")'>Click to show all stack frames</a>
<div class='stack-trace' id='stack-trace1886247880'><pre>java.lang.Throwable: Method DurableViewlet.DeleteCommand(java.lang.String, java.lang.String, org.testng.ITestContext)[pri:12, instance:EMS.DurableViewlet@3c72f59f] depends on not successfully finished methods
	at org.testng.internal.Invoker.invokeTestMethods(Invoker.java:1084)
	at org.testng.internal.TestMethodWorker.invokeTestMethods(TestMethodWorker.java:126)
	at org.testng.internal.TestMethodWorker.run(TestMethodWorker.java:109)
	at org.testng.TestRunner.privateRun(TestRunner.java:744)
	at org.testng.TestRunner.run(TestRunner.java:602)
	at org.testng.SuiteRunner.runTest(SuiteRunner.java:380)
	at org.testng.SuiteRunner.runSequentially(SuiteRunner.java:375)
	at org.testng.SuiteRunner.privateRun(SuiteRunner.java:340)
	at org.testng.SuiteRunner.run(SuiteRunner.java:289)
	at org.testng.SuiteRunnerWorker.runSuite(SuiteRunnerWorker.java:52)
	at org.testng.SuiteRunnerWorker.run(SuiteRunnerWorker.java:86)
	at org.testng.TestNG.runSuitesSequentially(TestNG.java:1301)
	at org.testng.TestNG.runSuitesLocally(TestNG.java:1226)
	at org.testng.TestNG.runSuites(TestNG.java:1144)
	at org.testng.TestNG.run(TestNG.java:1115)
	at org.testng.remote.AbstractRemoteTestNG.run(AbstractRemoteTestNG.java:115)
	at org.testng.remote.RemoteTestNG.initAndRun(RemoteTestNG.java:251)
	at org.testng.remote.RemoteTestNG.main(RemoteTestNG.java:77)
</pre></div></td>
<td>0</td>
<td>null</td></tr>
</table><p>
</body>
</html>