<?xml version="1.0" encoding="UTF-8"?>
<!-- Generated by org.testng.reporters.JUnitXMLReporter -->
<testsuite ignored="1" hostname="Nastel2" failures="1" tests="13" name="Test Bridge Viewlet" time="546.612" errors="0" timestamp="24 Jul 2023 13:52:51 GMT">
  <testcase classname="EMS.BridgeViewlet" name="Login" time="34.389"/>
  <testcase classname="EMS.BridgeViewlet" name="AddBridgeViewlet" time="42.134"/>
  <testcase classname="EMS.BridgeViewlet" name="AddBridgeFromPlusIcon" time="69.464"/>
  <testcase classname="EMS.BridgeViewlet" name="Properties" time="20.776"/>
  <testcase classname="EMS.BridgeViewlet" name="BridgeEvents" time="64.824"/>
  <testcase classname="EMS.BridgeViewlet" name="AddToFavoriteViewlet" time="45.324"/>
  <testcase classname="EMS.BridgeViewlet" name="CompareBridges" time="25.822"/>
  <testcase classname="EMS.BridgeViewlet" name="CheckDifferencesForBridges" time="22.302"/>
  <testcase classname="EMS.BridgeViewlet" name="MultipleBridgeProperties" time="78.985"/>
  <testcase classname="EMS.BridgeViewlet" name="AddToFavoriteForMultipleBridges" time="33.789"/>
  <testcase classname="EMS.BridgeViewlet" name="ShowObjectAttributesForBridge" time="31.335">
    <failure type="org.openqa.selenium.NoSuchElementException" message="no such element: Unable to locate element: {&amp;quot;method&amp;quot;:&amp;quot;css selector&amp;quot;,&amp;quot;selector&amp;quot;:&amp;quot;#Attributes\ failed&amp;quot;}
  (Session info: chrome=114.0.5735.199)
For documentation on this error, please visit: https://selenium.dev/exceptions/#no_such_element
Build info: version: &amp;apos;4.0.0&amp;apos;, revision: &amp;apos;3a21814679&amp;apos;
System info: host: &amp;apos;NASTEL2&amp;apos;, ip: &amp;apos;192.168.56.1&amp;apos;, os.name: &amp;apos;Windows 10&amp;apos;, os.arch: &amp;apos;amd64&amp;apos;, os.version: &amp;apos;10.0&amp;apos;, java.version: &amp;apos;17.0.5&amp;apos;
Driver info: org.openqa.selenium.chrome.ChromeDriver
Command: [3a9a7b1d4ede63ce83a59861ed836233, findElement {using=id, value=Attributes failed}]
Capabilities {acceptInsecureCerts: false, browserName: chrome, browserVersion: 114.0.5735.199, chrome: {chromedriverVersion: 114.0.5735.90 (386bc09e8f4f..., userDataDir: C:\Users\nastel2\AppData\Lo...}, goog:chromeOptions: {debuggerAddress: localhost:61886}, javascriptEnabled: true, networkConnectionEnabled: false, pageLoadStrategy: normal, platform: WINDOWS, platformName: WINDOWS, proxy: Proxy(), se:cdp: ws://localhost:61886/devtoo..., se:cdpVersion: 114.0.5735.199, setWindowRect: true, strictFileInteractability: false, timeouts: {implicit: 0, pageLoad: 300000, script: 30000}, unhandledPromptBehavior: dismiss and notify, webauthn:extension:credBlob: true, webauthn:extension:largeBlob: true, webauthn:extension:minPinLength: true, webauthn:extension:prf: true, webauthn:virtualAuthenticators: true}
Session ID: 3a9a7b1d4ede63ce83a59861ed836233">
      <![CDATA[org.openqa.selenium.NoSuchElementException: no such element: Unable to locate element: {"method":"css selector","selector":"#Attributes\ failed"}
  (Session info: chrome=114.0.5735.199)
For documentation on this error, please visit: https://selenium.dev/exceptions/#no_such_element
Build info: version: '4.0.0', revision: '3a21814679'
System info: host: 'NASTEL2', ip: '192.168.56.1', os.name: 'Windows 10', os.arch: 'amd64', os.version: '10.0', java.version: '17.0.5'
Driver info: org.openqa.selenium.chrome.ChromeDriver
Command: [3a9a7b1d4ede63ce83a59861ed836233, findElement {using=id, value=Attributes failed}]
Capabilities {acceptInsecureCerts: false, browserName: chrome, browserVersion: 114.0.5735.199, chrome: {chromedriverVersion: 114.0.5735.90 (386bc09e8f4f..., userDataDir: C:\Users\nastel2\AppData\Lo...}, goog:chromeOptions: {debuggerAddress: localhost:61886}, javascriptEnabled: true, networkConnectionEnabled: false, pageLoadStrategy: normal, platform: WINDOWS, platformName: WINDOWS, proxy: Proxy(), se:cdp: ws://localhost:61886/devtoo..., se:cdpVersion: 114.0.5735.199, setWindowRect: true, strictFileInteractability: false, timeouts: {implicit: 0, pageLoad: 300000, script: 30000}, unhandledPromptBehavior: dismiss and notify, webauthn:extension:credBlob: true, webauthn:extension:largeBlob: true, webauthn:extension:minPinLength: true, webauthn:extension:prf: true, webauthn:virtualAuthenticators: true}
Session ID: 3a9a7b1d4ede63ce83a59861ed836233
	at org.openqa.selenium.remote.codec.w3c.W3CHttpResponseCodec.createException(W3CHttpResponseCodec.java:200)
	at org.openqa.selenium.remote.codec.w3c.W3CHttpResponseCodec.decode(W3CHttpResponseCodec.java:133)
	at org.openqa.selenium.remote.codec.w3c.W3CHttpResponseCodec.decode(W3CHttpResponseCodec.java:53)
	at org.openqa.selenium.remote.HttpCommandExecutor.execute(HttpCommandExecutor.java:184)
	at org.openqa.selenium.remote.service.DriverCommandExecutor.invokeExecute(DriverCommandExecutor.java:164)
	at org.openqa.selenium.remote.service.DriverCommandExecutor.execute(DriverCommandExecutor.java:139)
	at org.openqa.selenium.remote.RemoteWebDriver.execute(RemoteWebDriver.java:559)
	at org.openqa.selenium.remote.ElementLocation$ElementFinder$2.findElement(ElementLocation.java:162)
	at org.openqa.selenium.remote.ElementLocation.findElement(ElementLocation.java:60)
	at org.openqa.selenium.remote.RemoteWebDriver.findElement(RemoteWebDriver.java:383)
	at org.openqa.selenium.remote.RemoteWebDriver.findElement(RemoteWebDriver.java:375)
	at EMS.BridgeViewlet.ShowObjectAttributesForBridge(BridgeViewlet.java:429)
... Removed 30 stack frames]]>
    </failure>
  </testcase> <!-- ShowObjectAttributesForBridge -->
  <testcase classname="EMS.BridgeViewlet" name="DeleteCommand" time="28.947"/>
  <testcase classname="EMS.BridgeViewlet" name="Logout" time="27.46"/>
  <testcase classname="EMS.BridgeViewlet" name="DeleteMultiples" time="0.0">
    <ignored/>
  </testcase> <!-- DeleteMultiples -->
</testsuite> <!-- Test Bridge Viewlet -->
