<?xml version="1.0" encoding="UTF-8"?>
<!-- Generated by org.testng.reporters.JUnitReportReporter -->
<testsuite hostname="DESKTOP-N37E7TM" failures="0" tests="12" name="EMS.DurableViewlet" time="505.768" errors="1" timestamp="2023-07-28T13:50:52 IST" skipped="0">
  <testcase classname="EMS.DurableViewlet" name="Login" time="56.181"/>
  <system-out>
<br/> <img src=" D:\Automation\EMS/Screenshots/ScreenshotsSuccess/Login.png" alt="""/" />  </system-out>
  <testcase classname="EMS.DurableViewlet" name="AddDurableViewlet" time="39.256"/>
  <system-out>
<br/> <img src=" D:\Automation\EMS/Screenshots/ScreenshotsSuccess/AddDurableViewlet.png" alt="""/" />  </system-out>
  <testcase classname="EMS.DurableViewlet" name="AddDurableFromPlusIcon" time="73.433"/>
  <system-out>
<br/> <img src=" D:\Automation\EMS/Screenshots/ScreenshotsSuccess/AddDurableFromPlusIcon.png" alt="""/" />  </system-out>
  <testcase classname="EMS.DurableViewlet" name="Purge" time="19.991"/>
  <system-out>
<br/> <img src=" D:\Automation\EMS/Screenshots/ScreenshotsSuccess/Purge.png" alt="""/" />  </system-out>
  <testcase classname="EMS.DurableViewlet" name="Properties" time="23.149"/>
  <system-out>
<br/> <img src=" D:\Automation\EMS/Screenshots/ScreenshotsSuccess/Properties.png" alt="""/" />  </system-out>
  <testcase classname="EMS.DurableViewlet" name="DurableEvents" time="66.072"/>
  <system-out>
<br/> <img src=" D:\Automation\EMS/Screenshots/ScreenshotsSuccess/DurableEvents.png" alt="""/" />  </system-out>
  <testcase classname="EMS.DurableViewlet" name="AddToFavoriteViewlet" time="35.561"/>
  <system-out>
<br/> <img src=" D:\Automation\EMS/Screenshots/ScreenshotsSuccess/AddToFavoriteViewlet.png" alt="""/" />  </system-out>
  <testcase classname="EMS.DurableViewlet" name="MultiplePurge" time="14.151"/>
  <system-out>
<br/> <img src=" D:\Automation\EMS/Screenshots/ScreenshotsSuccess/MultiplePurge.png" alt="""/" />  </system-out>
  <testcase classname="EMS.DurableViewlet" name="MultipleProperties" time="85.838"/>
  <system-out>
<br/> <img src=" D:\Automation\EMS/Screenshots/ScreenshotsSuccess/MultipleProperties.png" alt="""/" />  </system-out>
  <testcase classname="EMS.DurableViewlet" name="AddToFavoriteForMultipleDurables" time="35.766"/>
  <system-out>
<br/> <img src=" D:\Automation\EMS/Screenshots/ScreenshotsSuccess/AddToFavoriteForMultipleDurables.png" alt="""/" />  </system-out>
  <testcase classname="EMS.DurableViewlet" name="DeleteCommand" time="28.225">
    <error message="invalid selector: Unable to locate an element with the xpath expression ((//input[@type=&#039;text&#039;])[4] because of the following error:
SyntaxError: Failed to execute &#039;evaluate&#039; on &#039;Document&#039;: The string &#039;((//input[@type=&#039;text&#039;])[4]&#039; is not a valid XPath expression.
  (Session info: chrome=115.0.5790.110)
For documentation on this error, please visit: https://selenium.dev/exceptions/#invalid_selector_exception
Build info: version: &#039;4.1.3&#039;, revision: &#039;7b1ebf28ef&#039;
System info: host: &#039;DESKTOP-N37E7TM&#039;, ip: &#039;10.1.4.113&#039;, os.name: &#039;Windows 10&#039;, os.arch: &#039;amd64&#039;, os.version: &#039;10.0&#039;, java.version: &#039;17.0.1&#039;
Driver info: org.openqa.selenium.chrome.ChromeDriver
Command: [3d0fc171e2fa13e5737ce1abf9797e68, findElement {using=xpath, value=((//input[@type=&#039;text&#039;])[4]}]
Capabilities {acceptInsecureCerts: false, browserName: chrome, browserVersion: 115.0.5790.110, chrome: {chromedriverVersion: 114.0.5735.90 (386bc09e8f4f..., userDataDir: C:\Users\gagan\AppData\Loca...}, goog:chromeOptions: {debuggerAddress: localhost:60007}, javascriptEnabled: true, networkConnectionEnabled: false, pageLoadStrategy: normal, platform: WINDOWS, platformName: WINDOWS, proxy: Proxy(), se:cdp: ws://localhost:60007/devtoo..., se:cdpVersion: 115.0.5790.110, setWindowRect: true, strictFileInteractability: false, timeouts: {implicit: 0, pageLoad: 300000, script: 30000}, unhandledPromptBehavior: dismiss and notify, webauthn:extension:credBlob: true, webauthn:extension:largeBlob: true, webauthn:extension:minPinLength: true, webauthn:extension:prf: true, webauthn:virtualAuthenticators: true}
Session ID: 3d0fc171e2fa13e5737ce1abf9797e68" type="org.openqa.selenium.InvalidSelectorException">
      <![CDATA[org.openqa.selenium.InvalidSelectorException: invalid selector: Unable to locate an element with the xpath expression ((//input[@type='text'])[4] because of the following error:
SyntaxError: Failed to execute 'evaluate' on 'Document': The string '((//input[@type='text'])[4]' is not a valid XPath expression.
  (Session info: chrome=115.0.5790.110)
For documentation on this error, please visit: https://selenium.dev/exceptions/#invalid_selector_exception
Build info: version: '4.1.3', revision: '7b1ebf28ef'
System info: host: 'DESKTOP-N37E7TM', ip: '10.1.4.113', os.name: 'Windows 10', os.arch: 'amd64', os.version: '10.0', java.version: '17.0.1'
Driver info: org.openqa.selenium.chrome.ChromeDriver
Command: [3d0fc171e2fa13e5737ce1abf9797e68, findElement {using=xpath, value=((//input[@type='text'])[4]}]
Capabilities {acceptInsecureCerts: false, browserName: chrome, browserVersion: 115.0.5790.110, chrome: {chromedriverVersion: 114.0.5735.90 (386bc09e8f4f..., userDataDir: C:\Users\gagan\AppData\Loca...}, goog:chromeOptions: {debuggerAddress: localhost:60007}, javascriptEnabled: true, networkConnectionEnabled: false, pageLoadStrategy: normal, platform: WINDOWS, platformName: WINDOWS, proxy: Proxy(), se:cdp: ws://localhost:60007/devtoo..., se:cdpVersion: 115.0.5790.110, setWindowRect: true, strictFileInteractability: false, timeouts: {implicit: 0, pageLoad: 300000, script: 30000}, unhandledPromptBehavior: dismiss and notify, webauthn:extension:credBlob: true, webauthn:extension:largeBlob: true, webauthn:extension:minPinLength: true, webauthn:extension:prf: true, webauthn:virtualAuthenticators: true}
Session ID: 3d0fc171e2fa13e5737ce1abf9797e68
at java.base/jdk.internal.reflect.NativeConstructorAccessorImpl.newInstance0(Native Method)
at java.base/jdk.internal.reflect.NativeConstructorAccessorImpl.newInstance(NativeConstructorAccessorImpl.java:77)
at java.base/jdk.internal.reflect.DelegatingConstructorAccessorImpl.newInstance(DelegatingConstructorAccessorImpl.java:45)
at java.base/java.lang.reflect.Constructor.newInstanceWithCaller(Constructor.java:499)
at java.base/java.lang.reflect.Constructor.newInstance(Constructor.java:480)
at org.openqa.selenium.remote.codec.w3c.W3CHttpResponseCodec.createException(W3CHttpResponseCodec.java:200)
at org.openqa.selenium.remote.codec.w3c.W3CHttpResponseCodec.decode(W3CHttpResponseCodec.java:133)
at org.openqa.selenium.remote.codec.w3c.W3CHttpResponseCodec.decode(W3CHttpResponseCodec.java:53)
at org.openqa.selenium.remote.HttpCommandExecutor.execute(HttpCommandExecutor.java:184)
at org.openqa.selenium.remote.service.DriverCommandExecutor.invokeExecute(DriverCommandExecutor.java:167)
at org.openqa.selenium.remote.service.DriverCommandExecutor.execute(DriverCommandExecutor.java:142)
at org.openqa.selenium.remote.RemoteWebDriver.execute(RemoteWebDriver.java:567)
at org.openqa.selenium.remote.ElementLocation$ElementFinder$2.findElement(ElementLocation.java:162)
at org.openqa.selenium.remote.ElementLocation.findElement(ElementLocation.java:60)
at org.openqa.selenium.remote.RemoteWebDriver.findElement(RemoteWebDriver.java:385)
at org.openqa.selenium.remote.RemoteWebDriver.findElement(RemoteWebDriver.java:377)
at EMS.DurableViewlet.DeleteCommand(DurableViewlet.java:386)
at java.base/jdk.internal.reflect.NativeMethodAccessorImpl.invoke0(Native Method)
at java.base/jdk.internal.reflect.NativeMethodAccessorImpl.invoke(NativeMethodAccessorImpl.java:77)
at java.base/jdk.internal.reflect.DelegatingMethodAccessorImpl.invoke(DelegatingMethodAccessorImpl.java:43)
at java.base/java.lang.reflect.Method.invoke(Method.java:568)
at org.testng.internal.MethodInvocationHelper.invokeMethod(MethodInvocationHelper.java:132)
at org.testng.internal.TestInvoker.invokeMethod(TestInvoker.java:599)
at org.testng.internal.TestInvoker.invokeTestMethod(TestInvoker.java:174)
at org.testng.internal.MethodRunner.runInSequence(MethodRunner.java:46)
at org.testng.internal.TestInvoker$MethodInvocationAgent.invoke(TestInvoker.java:822)
at org.testng.internal.TestInvoker.invokeTestMethods(TestInvoker.java:147)
at org.testng.internal.TestMethodWorker.invokeTestMethods(TestMethodWorker.java:146)
at org.testng.internal.TestMethodWorker.run(TestMethodWorker.java:128)
at java.base/java.util.ArrayList.forEach(ArrayList.java:1511)
at org.testng.TestRunner.privateRun(TestRunner.java:764)
at org.testng.TestRunner.run(TestRunner.java:585)
at org.testng.SuiteRunner.runTest(SuiteRunner.java:384)
at org.testng.SuiteRunner.runSequentially(SuiteRunner.java:378)
at org.testng.SuiteRunner.privateRun(SuiteRunner.java:337)
at org.testng.SuiteRunner.run(SuiteRunner.java:286)
at org.testng.SuiteRunnerWorker.runSuite(SuiteRunnerWorker.java:53)
at org.testng.SuiteRunnerWorker.run(SuiteRunnerWorker.java:96)
at org.testng.TestNG.runSuitesSequentially(TestNG.java:1218)
at org.testng.TestNG.runSuitesLocally(TestNG.java:1140)
at org.testng.TestNG.runSuites(TestNG.java:1069)
at org.testng.TestNG.run(TestNG.java:1037)
at org.testng.remote.AbstractRemoteTestNG.run(AbstractRemoteTestNG.java:115)
at org.testng.remote.RemoteTestNG.initAndRun(RemoteTestNG.java:251)
at org.testng.remote.RemoteTestNG.main(RemoteTestNG.java:77)
]]>
    </error>
  </testcase> <!-- DeleteCommand -->
  <system-out>
<br/>Failed to execute method: DeleteCommand<br/> <br/> <img src=" D:\Automation\EMS/Screenshots/ScreenshotsFailure/DeleteCommand.png" alt="""/" />  </system-out>
  <testcase classname="EMS.DurableViewlet" name="Logout" time="28.145"/>
  <system-out/>
</testsuite> <!-- EMS.DurableViewlet -->
