<html>
<head>
<title>TestNG:  Add Schema Condition</title>
<link href="../testng.css" rel="stylesheet" type="text/css" />
<link href="../my-testng.css" rel="stylesheet" type="text/css" />

<style type="text/css">
.log { display: none;} 
.stack-trace { display: none;} 
</style>
<script type="text/javascript">
<!--
function flip(e) {
  current = e.style.display;
  if (current == 'block') {
    e.style.display = 'none';
    return 0;
  }
  else {
    e.style.display = 'block';
    return 1;
  }
}

function toggleBox(szDivId, elem, msg1, msg2)
{
  var res = -1;  if (document.getElementById) {
    res = flip(document.getElementById(szDivId));
  }
  else if (document.all) {
    // this is the way old msie versions work
    res = flip(document.all[szDivId]);
  }
  if(elem) {
    if(res == 0) elem.innerHTML = msg1; else elem.innerHTML = msg2;
  }

}

function toggleAllBoxes() {
  if (document.getElementsByTagName) {
    d = document.getElementsByTagName('div');
    for (i = 0; i < d.length; i++) {
      if (d[i].className == 'log') {
        flip(d[i]);
      }
    }
  }
}

// -->
</script>

</head>
<body>
<h2 align='center'>Add Schema Condition</h2><table border='1' align="center">
<tr>
<td>Tests passed/Failed/Skipped:</td><td>12/1/0</td>
</tr><tr>
<td>Started on:</td><td>Mon Aug 08 12:16:11 IST 2022</td>
</tr>
<tr><td>Total time:</td><td>371 seconds (371249 ms)</td>
</tr><tr>
<td>Included groups:</td><td></td>
</tr><tr>
<td>Excluded groups:</td><td></td>
</tr>
</table><p/>
<small><i>(Hover the method name to see the test class name)</i></small><p/>
<table width='100%' border='1' class='invocation-failed'>
<tr><td colspan='4' align='center'><b>FAILED TESTS</b></td></tr>
<tr><td><b>Test method</b></td>
<td width="30%"><b>Exception</b></td>
<td width="10%"><b>Time (seconds)</b></td>
<td><b>Instance</b></td>
</tr>
<tr>
<td title='NavigatorCore.AddSchemaToTheViewlet.MoveToBottomButton()'><b>MoveToBottomButton</b><br>Test class: NavigatorCore.AddSchemaToTheViewlet<br>Parameters: org.testng.TestRunner@dc7b462<br/>
<a href="#Output-1395533739" onClick='toggleBox("Output-1395533739", this, "Show output", "Hide output");'>Show output</a>

<a href="#Output-1395533739" onClick="toggleAllBoxes();">Show all outputs</a>
<div class='log' id="Output-1395533739">
<br/>Failed to execute method: MoveToBottomButton<br/><br/>
<br/><br/>
<img src=" F:\Automation\Navigator/Screenshots/ScreenshotsFailure/MoveToBottomButton.png" alt="""/" /><br/>
</div>
</td>
<td><div><pre>org.openqa.selenium.InvalidSelectorException: invalid selector: Unable to locate an element with the xpath expression Move to bottom button is failed because of the following error:
SyntaxError: Failed to execute &apos;evaluate&apos; on &apos;Document&apos;: The string &apos;Move to bottom button is failed&apos; is not a valid XPath expression.
  (Session info: chrome=104.0.5112.81)
For documentation on this error, please visit: https://selenium.dev/exceptions/#invalid_selector_exception
Build info: version: &apos;4.0.0&apos;, revision: &apos;3a21814679&apos;
System info: host: &apos;DESKTOP-9QJNAOQ&apos;, ip: &apos;192.168.43.213&apos;, os.name: &apos;Windows 10&apos;, os.arch: &apos;amd64&apos;, os.version: &apos;10.0&apos;, java.version: &apos;11.0.14&apos;
Driver info: org.openqa.selenium.chrome.ChromeDriver
Command: [106cfab5475fd47a103353c28b878004, findElement {using=xpath, value=Move to bottom button is failed}]
Capabilities {acceptInsecureCerts: false, browserName: chrome, browserVersion: 104.0.5112.81, chrome: {chromedriverVersion: 104.0.5112.79 (3cf3e8c8a07d..., userDataDir: C:\Users\Nagaraju\AppData\L...}, goog:chromeOptions: {debuggerAddress: localhost:50341}, javascriptEnabled: true, networkConnectionEnabled: false, pageLoadStrategy: normal, platform: WINDOWS, platformName: WINDOWS, proxy: Proxy(), se:cdp: ws://localhost:50341/devtoo..., se:cdpVersion: 104.0.5112.81, setWindowRect: true, strictFileInteractability: false, timeouts: {implicit: 0, pageLoad: 300000, script: 30000}, unhandledPromptBehavior: dismiss and notify, webauthn:extension:credBlob: true, webauthn:extension:largeBlob: true, webauthn:virtualAuthenticators: true}
Session ID: 106cfab5475fd47a103353c28b878004
	at org.openqa.selenium.remote.codec.w3c.W3CHttpResponseCodec.createException(W3CHttpResponseCodec.java:200)
	at org.openqa.selenium.remote.codec.w3c.W3CHttpResponseCodec.decode(W3CHttpResponseCodec.java:133)
	at org.openqa.selenium.remote.codec.w3c.W3CHttpResponseCodec.decode(W3CHttpResponseCodec.java:53)
	at org.openqa.selenium.remote.HttpCommandExecutor.execute(HttpCommandExecutor.java:184)
	at org.openqa.selenium.remote.service.DriverCommandExecutor.invokeExecute(DriverCommandExecutor.java:164)
	at org.openqa.selenium.remote.service.DriverCommandExecutor.execute(DriverCommandExecutor.java:139)
	at org.openqa.selenium.remote.RemoteWebDriver.execute(RemoteWebDriver.java:559)
	at org.openqa.selenium.remote.ElementLocation$ElementFinder$2.findElement(ElementLocation.java:162)
	at org.openqa.selenium.remote.ElementLocation.findElement(ElementLocation.java:60)
	at org.openqa.selenium.remote.RemoteWebDriver.findElement(RemoteWebDriver.java:383)
	at org.openqa.selenium.remote.RemoteWebDriver.findElement(RemoteWebDriver.java:375)
	at NavigatorCore.AddSchemaToTheViewlet.MoveToBottomButton(AddSchemaToTheViewlet.java:472)
... Removed 29 stack frames</pre></div><a href='#' onClick='toggleBox("stack-trace1395533739", this, "Click to show all stack frames", "Click to hide stack frames")'>Click to show all stack frames</a>
<div class='stack-trace' id='stack-trace1395533739'><pre>org.openqa.selenium.InvalidSelectorException: invalid selector: Unable to locate an element with the xpath expression Move to bottom button is failed because of the following error:
SyntaxError: Failed to execute &apos;evaluate&apos; on &apos;Document&apos;: The string &apos;Move to bottom button is failed&apos; is not a valid XPath expression.
  (Session info: chrome=104.0.5112.81)
For documentation on this error, please visit: https://selenium.dev/exceptions/#invalid_selector_exception
Build info: version: &apos;4.0.0&apos;, revision: &apos;3a21814679&apos;
System info: host: &apos;DESKTOP-9QJNAOQ&apos;, ip: &apos;192.168.43.213&apos;, os.name: &apos;Windows 10&apos;, os.arch: &apos;amd64&apos;, os.version: &apos;10.0&apos;, java.version: &apos;11.0.14&apos;
Driver info: org.openqa.selenium.chrome.ChromeDriver
Command: [106cfab5475fd47a103353c28b878004, findElement {using=xpath, value=Move to bottom button is failed}]
Capabilities {acceptInsecureCerts: false, browserName: chrome, browserVersion: 104.0.5112.81, chrome: {chromedriverVersion: 104.0.5112.79 (3cf3e8c8a07d..., userDataDir: C:\Users\Nagaraju\AppData\L...}, goog:chromeOptions: {debuggerAddress: localhost:50341}, javascriptEnabled: true, networkConnectionEnabled: false, pageLoadStrategy: normal, platform: WINDOWS, platformName: WINDOWS, proxy: Proxy(), se:cdp: ws://localhost:50341/devtoo..., se:cdpVersion: 104.0.5112.81, setWindowRect: true, strictFileInteractability: false, timeouts: {implicit: 0, pageLoad: 300000, script: 30000}, unhandledPromptBehavior: dismiss and notify, webauthn:extension:credBlob: true, webauthn:extension:largeBlob: true, webauthn:virtualAuthenticators: true}
Session ID: 106cfab5475fd47a103353c28b878004
	at java.base/jdk.internal.reflect.NativeConstructorAccessorImpl.newInstance0(Native Method)
	at java.base/jdk.internal.reflect.NativeConstructorAccessorImpl.newInstance(NativeConstructorAccessorImpl.java:62)
	at java.base/jdk.internal.reflect.DelegatingConstructorAccessorImpl.newInstance(DelegatingConstructorAccessorImpl.java:45)
	at java.base/java.lang.reflect.Constructor.newInstance(Constructor.java:490)
	at org.openqa.selenium.remote.codec.w3c.W3CHttpResponseCodec.createException(W3CHttpResponseCodec.java:200)
	at org.openqa.selenium.remote.codec.w3c.W3CHttpResponseCodec.decode(W3CHttpResponseCodec.java:133)
	at org.openqa.selenium.remote.codec.w3c.W3CHttpResponseCodec.decode(W3CHttpResponseCodec.java:53)
	at org.openqa.selenium.remote.HttpCommandExecutor.execute(HttpCommandExecutor.java:184)
	at org.openqa.selenium.remote.service.DriverCommandExecutor.invokeExecute(DriverCommandExecutor.java:164)
	at org.openqa.selenium.remote.service.DriverCommandExecutor.execute(DriverCommandExecutor.java:139)
	at org.openqa.selenium.remote.RemoteWebDriver.execute(RemoteWebDriver.java:559)
	at org.openqa.selenium.remote.ElementLocation$ElementFinder$2.findElement(ElementLocation.java:162)
	at org.openqa.selenium.remote.ElementLocation.findElement(ElementLocation.java:60)
	at org.openqa.selenium.remote.RemoteWebDriver.findElement(RemoteWebDriver.java:383)
	at org.openqa.selenium.remote.RemoteWebDriver.findElement(RemoteWebDriver.java:375)
	at NavigatorCore.AddSchemaToTheViewlet.MoveToBottomButton(AddSchemaToTheViewlet.java:472)
	at java.base/jdk.internal.reflect.NativeMethodAccessorImpl.invoke0(Native Method)
	at java.base/jdk.internal.reflect.NativeMethodAccessorImpl.invoke(NativeMethodAccessorImpl.java:62)
	at java.base/jdk.internal.reflect.DelegatingMethodAccessorImpl.invoke(DelegatingMethodAccessorImpl.java:43)
	at java.base/java.lang.reflect.Method.invoke(Method.java:566)
	at org.testng.internal.MethodInvocationHelper.invokeMethod(MethodInvocationHelper.java:108)
	at org.testng.internal.Invoker.invokeMethod(Invoker.java:661)
	at org.testng.internal.Invoker.invokeTestMethod(Invoker.java:869)
	at org.testng.internal.Invoker.invokeTestMethods(Invoker.java:1193)
	at org.testng.internal.TestMethodWorker.invokeTestMethods(TestMethodWorker.java:126)
	at org.testng.internal.TestMethodWorker.run(TestMethodWorker.java:109)
	at org.testng.TestRunner.privateRun(TestRunner.java:744)
	at org.testng.TestRunner.run(TestRunner.java:602)
	at org.testng.SuiteRunner.runTest(SuiteRunner.java:380)
	at org.testng.SuiteRunner.runSequentially(SuiteRunner.java:375)
	at org.testng.SuiteRunner.privateRun(SuiteRunner.java:340)
	at org.testng.SuiteRunner.run(SuiteRunner.java:289)
	at org.testng.SuiteRunnerWorker.runSuite(SuiteRunnerWorker.java:52)
	at org.testng.SuiteRunnerWorker.run(SuiteRunnerWorker.java:86)
	at org.testng.TestNG.runSuitesSequentially(TestNG.java:1301)
	at org.testng.TestNG.runSuitesLocally(TestNG.java:1226)
	at org.testng.TestNG.runSuites(TestNG.java:1144)
	at org.testng.TestNG.run(TestNG.java:1115)
	at org.testng.remote.AbstractRemoteTestNG.run(AbstractRemoteTestNG.java:115)
	at org.testng.remote.RemoteTestNG.initAndRun(RemoteTestNG.java:251)
	at org.testng.remote.RemoteTestNG.main(RemoteTestNG.java:77)
</pre></div></td>
<td>6</td>
<td>NavigatorCore.AddSchemaToTheViewlet@27e47833</td></tr>
</table><p>
<table width='100%' border='1' class='invocation-passed'>
<tr><td colspan='4' align='center'><b>PASSED TESTS</b></td></tr>
<tr><td><b>Test method</b></td>
<td width="30%"><b>Exception</b></td>
<td width="10%"><b>Time (seconds)</b></td>
<td><b>Instance</b></td>
</tr>
<tr>
<td title='NavigatorCore.AddSchemaToTheViewlet.AddAllAttributesButton()'><b>AddAllAttributesButton</b><br>Test class: NavigatorCore.AddSchemaToTheViewlet<br>Parameters: org.testng.TestRunner@dc7b462<br/>
<a href="#Output-640736196" onClick='toggleBox("Output-640736196", this, "Show output", "Hide output");'>Show output</a>

<a href="#Output-640736196" onClick="toggleAllBoxes();">Show all outputs</a>
<div class='log' id="Output-640736196">
<br/><br/>
<img src=" F:\Automation\Navigator/Screenshots/ScreenshotsSuccess/AddAllAttributesButton.png" alt="""/" /><br/>
</div>
</td>
<td></td>
<td>17</td>
<td>NavigatorCore.AddSchemaToTheViewlet@27e47833</td></tr>
<tr>
<td title='NavigatorCore.AddSchemaToTheViewlet.AddAttributesButton()'><b>AddAttributesButton</b><br>Test class: NavigatorCore.AddSchemaToTheViewlet<br>Parameters: Manager Name, org.testng.TestRunner@dc7b462<br/>
<a href="#Output-1549623669" onClick='toggleBox("Output-1549623669", this, "Show output", "Hide output");'>Show output</a>

<a href="#Output-1549623669" onClick="toggleAllBoxes();">Show all outputs</a>
<div class='log' id="Output-1549623669">
<br/><br/>
<img src=" F:\Automation\Navigator/Screenshots/ScreenshotsSuccess/AddAttributesButton.png" alt="""/" /><br/>
</div>
</td>
<td></td>
<td>11</td>
<td>NavigatorCore.AddSchemaToTheViewlet@27e47833</td></tr>
<tr>
<td title='NavigatorCore.AddSchemaToTheViewlet.AddNewDashboard()'><b>AddNewDashboard</b><br>Test class: NavigatorCore.AddSchemaToTheViewlet<br>Parameters: Schema, 3, Schema buttons, org.testng.TestRunner@dc7b462<br/>
<a href="#Output-1464652578" onClick='toggleBox("Output-1464652578", this, "Show output", "Hide output");'>Show output</a>

<a href="#Output-1464652578" onClick="toggleAllBoxes();">Show all outputs</a>
<div class='log' id="Output-1464652578">
<br/><br/>
<img src=" F:\Automation\Navigator/Screenshots/ScreenshotsSuccess/AddNewDashboard.png" alt="""/" /><br/>
</div>
</td>
<td></td>
<td>59</td>
<td>NavigatorCore.AddSchemaToTheViewlet@27e47833</td></tr>
<tr>
<td title='NavigatorCore.AddSchemaToTheViewlet.AddSchema()'><b>AddSchema</b><br>Test class: NavigatorCore.AddSchemaToTheViewlet<br>Parameters: Manager Name,Usage,Scope,Get Messages, Manager Name, Test Schema, org.testng.TestRunner@dc7b462<br/>
<a href="#Output-1906335777" onClick='toggleBox("Output-1906335777", this, "Show output", "Hide output");'>Show output</a>

<a href="#Output-1906335777" onClick="toggleAllBoxes();">Show all outputs</a>
<div class='log' id="Output-1906335777">
<br/><br/>
<img src=" F:\Automation\Navigator/Screenshots/ScreenshotsSuccess/AddSchema.png" alt="""/" /><br/>
</div>
</td>
<td></td>
<td>52</td>
<td>NavigatorCore.AddSchemaToTheViewlet@27e47833</td></tr>
<tr>
<td title='NavigatorCore.AddSchemaToTheViewlet.DeleteSchema()'><b>DeleteSchema</b><br>Test class: NavigatorCore.AddSchemaToTheViewlet<br>Parameters: Test Schema, org.testng.TestRunner@dc7b462<br/>
<a href="#Output-197149397" onClick='toggleBox("Output-197149397", this, "Show output", "Hide output");'>Show output</a>

<a href="#Output-197149397" onClick="toggleAllBoxes();">Show all outputs</a>
<div class='log' id="Output-197149397">
<br/><br/>
<img src=" F:\Automation\Navigator/Screenshots/ScreenshotsSuccess/DeleteSchema.png" alt="""/" /><br/>
</div>
</td>
<td></td>
<td>24</td>
<td>NavigatorCore.AddSchemaToTheViewlet@27e47833</td></tr>
<tr>
<td title='NavigatorCore.AddSchemaToTheViewlet.Login()'><b>Login</b><br>Test class: NavigatorCore.AddSchemaToTheViewlet<br>Parameters: webdriver.chrome.driver, Drivers/chromedriver.exe<br/>
<a href="#Output-2118984327" onClick='toggleBox("Output-2118984327", this, "Show output", "Hide output");'>Show output</a>

<a href="#Output-2118984327" onClick="toggleAllBoxes();">Show all outputs</a>
<div class='log' id="Output-2118984327">
<br/><br/>
<img src=" F:\Automation\Navigator/Screenshots/ScreenshotsSuccess/Login.png" alt="""/" /><br/>
</div>
</td>
<td></td>
<td>53</td>
<td>NavigatorCore.AddSchemaToTheViewlet@27e47833</td></tr>
<tr>
<td title='NavigatorCore.AddSchemaToTheViewlet.Logout()'><b>Logout</b><br>Test class: NavigatorCore.AddSchemaToTheViewlet<br>Parameters: Schema</td>
<td></td>
<td>40</td>
<td>NavigatorCore.AddSchemaToTheViewlet@27e47833</td></tr>
<tr>
<td title='NavigatorCore.AddSchemaToTheViewlet.MoveDownButton()'><b>MoveDownButton</b><br>Test class: NavigatorCore.AddSchemaToTheViewlet<br>Parameters: org.testng.TestRunner@dc7b462<br/>
<a href="#Output-1116264846" onClick='toggleBox("Output-1116264846", this, "Show output", "Hide output");'>Show output</a>

<a href="#Output-1116264846" onClick="toggleAllBoxes();">Show all outputs</a>
<div class='log' id="Output-1116264846">
<br/><br/>
<img src=" F:\Automation\Navigator/Screenshots/ScreenshotsSuccess/MoveDownButton.png" alt="""/" /><br/>
</div>
</td>
<td></td>
<td>22</td>
<td>NavigatorCore.AddSchemaToTheViewlet@27e47833</td></tr>
<tr>
<td title='NavigatorCore.AddSchemaToTheViewlet.MoveToTopButton()'><b>MoveToTopButton</b><br>Test class: NavigatorCore.AddSchemaToTheViewlet<br>Parameters: org.testng.TestRunner@dc7b462<br/>
<a href="#Output-2066213108" onClick='toggleBox("Output-2066213108", this, "Show output", "Hide output");'>Show output</a>

<a href="#Output-2066213108" onClick="toggleAllBoxes();">Show all outputs</a>
<div class='log' id="Output-2066213108">
<br/><br/>
<img src=" F:\Automation\Navigator/Screenshots/ScreenshotsSuccess/MoveToTopButton.png" alt="""/" /><br/>
</div>
</td>
<td></td>
<td>1</td>
<td>NavigatorCore.AddSchemaToTheViewlet@27e47833</td></tr>
<tr>
<td title='NavigatorCore.AddSchemaToTheViewlet.MoveUpButton()'><b>MoveUpButton</b><br>Test class: NavigatorCore.AddSchemaToTheViewlet<br>Parameters: org.testng.TestRunner@dc7b462<br/>
<a href="#Output-1413491716" onClick='toggleBox("Output-1413491716", this, "Show output", "Hide output");'>Show output</a>

<a href="#Output-1413491716" onClick="toggleAllBoxes();">Show all outputs</a>
<div class='log' id="Output-1413491716">
<br/><br/>
<img src=" F:\Automation\Navigator/Screenshots/ScreenshotsSuccess/MoveUpButton.png" alt="""/" /><br/>
</div>
</td>
<td></td>
<td>13</td>
<td>NavigatorCore.AddSchemaToTheViewlet@27e47833</td></tr>
<tr>
<td title='NavigatorCore.AddSchemaToTheViewlet.RemoveAllAttributesButton()'><b>RemoveAllAttributesButton</b><br>Test class: NavigatorCore.AddSchemaToTheViewlet<br>Parameters: In order to create schema atleast one attribute has to be added, org.testng.TestRunner@dc7b462<br/>
<a href="#Output-1962586186" onClick='toggleBox("Output-1962586186", this, "Show output", "Hide output");'>Show output</a>

<a href="#Output-1962586186" onClick="toggleAllBoxes();">Show all outputs</a>
<div class='log' id="Output-1962586186">
<br/><br/>
<img src=" F:\Automation\Navigator/Screenshots/ScreenshotsSuccess/RemoveAllAttributesButton.png" alt="""/" /><br/>
</div>
</td>
<td></td>
<td>11</td>
<td>NavigatorCore.AddSchemaToTheViewlet@27e47833</td></tr>
<tr>
<td title='NavigatorCore.AddSchemaToTheViewlet.RemoveAttributeButton()'><b>RemoveAttributeButton</b><br>Test class: NavigatorCore.AddSchemaToTheViewlet<br>Parameters: In order to create schema atleast one attribute has to be added, org.testng.TestRunner@dc7b462<br/>
<a href="#Output-1483998054" onClick='toggleBox("Output-1483998054", this, "Show output", "Hide output");'>Show output</a>

<a href="#Output-1483998054" onClick="toggleAllBoxes();">Show all outputs</a>
<div class='log' id="Output-1483998054">
<br/><br/>
<img src=" F:\Automation\Navigator/Screenshots/ScreenshotsSuccess/RemoveAttributeButton.png" alt="""/" /><br/>
</div>
</td>
<td></td>
<td>26</td>
<td>NavigatorCore.AddSchemaToTheViewlet@27e47833</td></tr>
</table><p>
</body>
</html>